[ 2014-08-22T17:11:16+08:00 ] 127.0.0.1 /jieqiangCopyRight_MobileCms_v1.2/admin.php
INFO: [ app_begin ] --START--
INFO: Run ReadHtmlCache Behavior [ RunTime:0.001000s ]
INFO: Run CheckLang Behavior [ RunTime:0.001000s ]
INFO: [ app_begin ] --END-- [ RunTime:0.002000s ]
SQL: SHOW COLUMNS FROM `cms_role` [ RunTime:0.004000s ]
SQL: SELECT `name`,`status`,`remark`,`create_time`,`update_time` FROM `cms_role` WHERE ( id=1 ) LIMIT 1   [ RunTime:0.000000s ]
SQL: SHOW COLUMNS FROM `cms_group` [ RunTime:0.005000s ]
SQL: SELECT `id`,`title` FROM `cms_group` WHERE ( status=1 ) ORDER BY sort ASC  [ RunTime:0.000000s ]
SQL: SHOW COLUMNS FROM `cms_setting` [ RunTime:0.002000s ]
SQL: SELECT * FROM `cms_setting`  [ RunTime:0.000000s ]
NOTIC: [8] Undefined index: iframe D:\WWW\jieqiangCopyRight_MobileCms_v1.2\admin\Lib\Action\BaseAction.class.php 第 58 行.
INFO: [ view_template ] --START--
INFO: Run LocationTemplate Behavior [ RunTime:0.001000s ]
INFO: [ view_template ] --END-- [ RunTime:0.001000s ]
INFO: [ view_parse ] --START--
NOTIC: [8] Undefined variable: lang D:\WWW\jieqiangCopyRight_MobileCms_v1.2\admin\Runtime\Cache\3b07957a53ccb31105e96f96aaa794c8.php 第 41 行.
INFO: Run ParseTemplate Behavior [ RunTime:0.010001s ]
INFO: [ view_parse ] --END-- [ RunTime:0.010001s ]
INFO: [ view_filter ] --START--
INFO: Run ContentReplace Behavior [ RunTime:0.001000s ]
INFO: Run TokenBuild Behavior [ RunTime:0.000000s ]
INFO: Run WriteHtmlCache Behavior [ RunTime:0.000000s ]
INFO: Run ShowRuntime Behavior [ RunTime:0.000000s ]
INFO: [ view_filter ] --END-- [ RunTime:0.002000s ]
INFO: [ view_end ] --START--
INFO: Run ShowPageTrace Behavior [ RunTime:0.001000s ]
INFO: [ view_end ] --END-- [ RunTime:0.001000s ]

[ 2014-08-22T17:11:16+08:00 ] 127.0.0.1 /jieqiangCopyRight_MobileCms_v1.2/admin.php?m=Public&a=main
INFO: [ app_begin ] --START--
INFO: Run ReadHtmlCache Behavior [ RunTime:0.001001s ]
INFO: Run CheckLang Behavior [ RunTime:0.001000s ]
INFO: [ app_begin ] --END-- [ RunTime:0.002001s ]
SQL: SHOW COLUMNS FROM `cms_role` [ RunTime:0.006000s ]
SQL: SELECT `name`,`status`,`remark`,`create_time`,`update_time` FROM `cms_role` WHERE ( id=1 ) LIMIT 1   [ RunTime:0.002000s ]
SQL: SHOW COLUMNS FROM `cms_group` [ RunTime:0.004000s ]
SQL: SELECT `id`,`title` FROM `cms_group` WHERE ( status=1 ) ORDER BY sort ASC  [ RunTime:0.001000s ]
SQL: SHOW COLUMNS FROM `cms_setting` [ RunTime:0.003001s ]
SQL: SELECT * FROM `cms_setting`  [ RunTime:0.001000s ]
NOTIC: [8] Undefined index: iframe D:\WWW\jieqiangCopyRight_MobileCms_v1.2\admin\Lib\Action\BaseAction.class.php 第 58 行.
INFO: [ view_template ] --START--
INFO: Run LocationTemplate Behavior [ RunTime:0.001000s ]
INFO: [ view_template ] --END-- [ RunTime:0.001000s ]
INFO: [ view_parse ] --START--
NOTIC: [8] Undefined variable: sub_menu D:\WWW\jieqiangCopyRight_MobileCms_v1.2\admin\Runtime\Cache\a9dbfddae3d9003bea342c344a5599ca.php 第 36 行.
NOTIC: [8] Undefined variable: big_menu D:\WWW\jieqiangCopyRight_MobileCms_v1.2\admin\Runtime\Cache\a9dbfddae3d9003bea342c344a5599ca.php 第 36 行.
INFO: Run ParseTemplate Behavior [ RunTime:0.012000s ]
INFO: [ view_parse ] --END-- [ RunTime:0.012000s ]
INFO: [ view_filter ] --START--
INFO: Run ContentReplace Behavior [ RunTime:0.000000s ]
INFO: Run TokenBuild Behavior [ RunTime:0.001001s ]
INFO: Run WriteHtmlCache Behavior [ RunTime:0.000000s ]
INFO: Run ShowRuntime Behavior [ RunTime:0.000000s ]
INFO: [ view_filter ] --END-- [ RunTime:0.001001s ]
INFO: [ view_end ] --START--
INFO: Run ShowPageTrace Behavior [ RunTime:0.000000s ]
INFO: [ view_end ] --END-- [ RunTime:0.000000s ]

[ 2014-08-22T17:11:17+08:00 ] 127.0.0.1 /jieqiangCopyRight_MobileCms_v1.2/admin.php?m=Public&a=menu&tag=9
INFO: [ app_begin ] --START--
INFO: Run ReadHtmlCache Behavior [ RunTime:0.001000s ]
INFO: Run CheckLang Behavior [ RunTime:0.002000s ]
INFO: [ app_begin ] --END-- [ RunTime:0.003000s ]
SQL: SHOW COLUMNS FROM `cms_role` [ RunTime:0.004001s ]
SQL: SELECT `name`,`status`,`remark`,`create_time`,`update_time` FROM `cms_role` WHERE ( id=1 ) LIMIT 1   [ RunTime:0.001000s ]
SQL: SHOW COLUMNS FROM `cms_group` [ RunTime:0.003000s ]
SQL: SELECT `id`,`title` FROM `cms_group` WHERE ( status=1 ) ORDER BY sort ASC  [ RunTime:0.000000s ]
SQL: SHOW COLUMNS FROM `cms_setting` [ RunTime:0.004000s ]
SQL: SELECT * FROM `cms_setting`  [ RunTime:0.002000s ]
NOTIC: [8] Undefined index: iframe D:\WWW\jieqiangCopyRight_MobileCms_v1.2\admin\Lib\Action\BaseAction.class.php 第 58 行.
SQL: SHOW COLUMNS FROM `cms_admin` [ RunTime:0.004001s ]
SQL: SELECT `role_id` FROM `cms_admin` WHERE ( id=1 ) LIMIT 1   [ RunTime:0.000000s ]
SQL: SHOW COLUMNS FROM `cms_access` [ RunTime:0.004000s ]
SQL: SELECT `node_id` FROM `cms_access` WHERE ( role_id=1 )  [ RunTime:0.001000s ]
NOTIC: [2] Invalid argument supplied for foreach() D:\WWW\jieqiangCopyRight_MobileCms_v1.2\admin\Lib\Action\PublicAction.class.php 第 22 行.
SQL: SHOW COLUMNS FROM `cms_node` [ RunTime:0.004000s ]
SQL: SELECT `id`,`action`,`action_name`,`module`,`module_name`,`data` FROM `cms_node` WHERE ( auth_type<>2 AND status=1 AND is_show=0 AND group_id=9 ) ORDER BY sort DESC  [ RunTime:0.001000s ]
INFO: [ view_template ] --START--
INFO: Run LocationTemplate Behavior [ RunTime:0.001000s ]
INFO: [ view_template ] --END-- [ RunTime:0.001000s ]
INFO: [ view_parse ] --START--
NOTIC: [8] Undefined variable: lang D:\WWW\jieqiangCopyRight_MobileCms_v1.2\admin\Runtime\Cache\56b8f10ffe533cc36c6f50a3d115f8bd.php 第 1 行.
INFO: Run ParseTemplate Behavior [ RunTime:0.010001s ]
INFO: [ view_parse ] --END-- [ RunTime:0.010001s ]
INFO: [ view_filter ] --START--
INFO: Run ContentReplace Behavior [ RunTime:0.001000s ]
INFO: Run TokenBuild Behavior [ RunTime:0.000000s ]
INFO: Run WriteHtmlCache Behavior [ RunTime:0.000000s ]
INFO: Run ShowRuntime Behavior [ RunTime:0.001000s ]
INFO: [ view_filter ] --END-- [ RunTime:0.002000s ]
INFO: [ view_end ] --START--
INFO: Run ShowPageTrace Behavior [ RunTime:0.001000s ]
INFO: [ view_end ] --END-- [ RunTime:0.001000s ]

[ 2014-08-22T17:11:36+08:00 ] 127.0.0.1 /jieqiangCopyRight_MobileCms_v1.2/admin.php
INFO: [ app_begin ] --START--
INFO: Run ReadHtmlCache Behavior [ RunTime:0.000000s ]
INFO: Run CheckLang Behavior [ RunTime:0.000000s ]
INFO: [ app_begin ] --END-- [ RunTime:0.001000s ]
SQL: SHOW COLUMNS FROM `cms_role` [ RunTime:0.002000s ]
SQL: SELECT `name`,`status`,`remark`,`create_time`,`update_time` FROM `cms_role` WHERE ( id=1 ) LIMIT 1   [ RunTime:0.000000s ]
SQL: SHOW COLUMNS FROM `cms_group` [ RunTime:0.003000s ]
SQL: SELECT `id`,`title` FROM `cms_group` WHERE ( status=1 ) ORDER BY sort ASC  [ RunTime:0.000000s ]
SQL: SHOW COLUMNS FROM `cms_setting` [ RunTime:0.002000s ]
SQL: SELECT * FROM `cms_setting`  [ RunTime:0.000000s ]
NOTIC: [8] Undefined index: iframe D:\WWW\jieqiangCopyRight_MobileCms_v1.2\admin\Lib\Action\BaseAction.class.php 第 58 行.
INFO: [ view_template ] --START--
INFO: Run LocationTemplate Behavior [ RunTime:0.000000s ]
INFO: [ view_template ] --END-- [ RunTime:0.000000s ]
INFO: [ view_parse ] --START--
NOTIC: [8] Undefined variable: lang D:\WWW\jieqiangCopyRight_MobileCms_v1.2\admin\Runtime\Cache\3b07957a53ccb31105e96f96aaa794c8.php 第 41 行.
INFO: Run ParseTemplate Behavior [ RunTime:0.009001s ]
INFO: [ view_parse ] --END-- [ RunTime:0.009001s ]
INFO: [ view_filter ] --START--
INFO: Run ContentReplace Behavior [ RunTime:0.001000s ]
INFO: Run TokenBuild Behavior [ RunTime:0.000000s ]
INFO: Run WriteHtmlCache Behavior [ RunTime:0.000000s ]
INFO: Run ShowRuntime Behavior [ RunTime:0.001000s ]
INFO: [ view_filter ] --END-- [ RunTime:0.002000s ]
INFO: [ view_end ] --START--
INFO: Run ShowPageTrace Behavior [ RunTime:0.000000s ]
INFO: [ view_end ] --END-- [ RunTime:0.000000s ]

[ 2014-08-22T17:11:37+08:00 ] 127.0.0.1 /jieqiangCopyRight_MobileCms_v1.2/admin.php?m=Public&a=main
INFO: [ app_begin ] --START--
INFO: Run ReadHtmlCache Behavior [ RunTime:0.000000s ]
INFO: Run CheckLang Behavior [ RunTime:0.002000s ]
INFO: [ app_begin ] --END-- [ RunTime:0.002000s ]
SQL: SHOW COLUMNS FROM `cms_role` [ RunTime:0.003001s ]
SQL: SELECT `name`,`status`,`remark`,`create_time`,`update_time` FROM `cms_role` WHERE ( id=1 ) LIMIT 1   [ RunTime:0.001000s ]
SQL: SHOW COLUMNS FROM `cms_group` [ RunTime:0.004000s ]
SQL: SELECT `id`,`title` FROM `cms_group` WHERE ( status=1 ) ORDER BY sort ASC  [ RunTime:0.001000s ]
SQL: SHOW COLUMNS FROM `cms_setting` [ RunTime:0.003000s ]
SQL: SELECT * FROM `cms_setting`  [ RunTime:0.002000s ]
NOTIC: [8] Undefined index: iframe D:\WWW\jieqiangCopyRight_MobileCms_v1.2\admin\Lib\Action\BaseAction.class.php 第 58 行.
INFO: [ view_template ] --START--
INFO: Run LocationTemplate Behavior [ RunTime:0.001000s ]
INFO: [ view_template ] --END-- [ RunTime:0.001000s ]
INFO: [ view_parse ] --START--
NOTIC: [8] Undefined variable: sub_menu D:\WWW\jieqiangCopyRight_MobileCms_v1.2\admin\Runtime\Cache\a9dbfddae3d9003bea342c344a5599ca.php 第 36 行.
NOTIC: [8] Undefined variable: big_menu D:\WWW\jieqiangCopyRight_MobileCms_v1.2\admin\Runtime\Cache\a9dbfddae3d9003bea342c344a5599ca.php 第 36 行.
INFO: Run ParseTemplate Behavior [ RunTime:0.014001s ]
INFO: [ view_parse ] --END-- [ RunTime:0.014001s ]
INFO: [ view_filter ] --START--
INFO: Run ContentReplace Behavior [ RunTime:0.000000s ]
INFO: Run TokenBuild Behavior [ RunTime:0.001000s ]
INFO: Run WriteHtmlCache Behavior [ RunTime:0.000000s ]
INFO: Run ShowRuntime Behavior [ RunTime:0.001000s ]
INFO: [ view_filter ] --END-- [ RunTime:0.002000s ]
INFO: [ view_end ] --START--
INFO: Run ShowPageTrace Behavior [ RunTime:0.000000s ]
INFO: [ view_end ] --END-- [ RunTime:0.000000s ]

[ 2014-08-22T17:11:37+08:00 ] 127.0.0.1 /jieqiangCopyRight_MobileCms_v1.2/admin.php?m=Public&a=menu&tag=9
INFO: [ app_begin ] --START--
INFO: Run ReadHtmlCache Behavior [ RunTime:0.000000s ]
INFO: Run CheckLang Behavior [ RunTime:0.001000s ]
INFO: [ app_begin ] --END-- [ RunTime:0.001000s ]
SQL: SHOW COLUMNS FROM `cms_role` [ RunTime:0.002000s ]
SQL: SELECT `name`,`status`,`remark`,`create_time`,`update_time` FROM `cms_role` WHERE ( id=1 ) LIMIT 1   [ RunTime:0.000000s ]
SQL: SHOW COLUMNS FROM `cms_group` [ RunTime:0.004001s ]
SQL: SELECT `id`,`title` FROM `cms_group` WHERE ( status=1 ) ORDER BY sort ASC  [ RunTime:0.002000s ]
SQL: SHOW COLUMNS FROM `cms_setting` [ RunTime:0.003000s ]
SQL: SELECT * FROM `cms_setting`  [ RunTime:0.001000s ]
NOTIC: [8] Undefined index: iframe D:\WWW\jieqiangCopyRight_MobileCms_v1.2\admin\Lib\Action\BaseAction.class.php 第 58 行.
SQL: SHOW COLUMNS FROM `cms_admin` [ RunTime:0.003000s ]
SQL: SELECT `role_id` FROM `cms_admin` WHERE ( id=1 ) LIMIT 1   [ RunTime:0.001000s ]
SQL: SHOW COLUMNS FROM `cms_access` [ RunTime:0.004000s ]
SQL: SELECT `node_id` FROM `cms_access` WHERE ( role_id=1 )  [ RunTime:0.001001s ]
NOTIC: [2] Invalid argument supplied for foreach() D:\WWW\jieqiangCopyRight_MobileCms_v1.2\admin\Lib\Action\PublicAction.class.php 第 22 行.
SQL: SHOW COLUMNS FROM `cms_node` [ RunTime:0.005000s ]
SQL: SELECT `id`,`action`,`action_name`,`module`,`module_name`,`data` FROM `cms_node` WHERE ( auth_type<>2 AND status=1 AND is_show=0 AND group_id=9 ) ORDER BY sort DESC  [ RunTime:0.001000s ]
INFO: [ view_template ] --START--
INFO: Run LocationTemplate Behavior [ RunTime:0.001000s ]
INFO: [ view_template ] --END-- [ RunTime:0.001000s ]
INFO: [ view_parse ] --START--
NOTIC: [8] Undefined variable: lang D:\WWW\jieqiangCopyRight_MobileCms_v1.2\admin\Runtime\Cache\56b8f10ffe533cc36c6f50a3d115f8bd.php 第 1 行.
INFO: Run ParseTemplate Behavior [ RunTime:0.008000s ]
INFO: [ view_parse ] --END-- [ RunTime:0.008000s ]
INFO: [ view_filter ] --START--
INFO: Run ContentReplace Behavior [ RunTime:0.000000s ]
INFO: Run TokenBuild Behavior [ RunTime:0.001000s ]
INFO: Run WriteHtmlCache Behavior [ RunTime:0.000000s ]
INFO: Run ShowRuntime Behavior [ RunTime:0.000000s ]
INFO: [ view_filter ] --END-- [ RunTime:0.001000s ]
INFO: [ view_end ] --START--
INFO: Run ShowPageTrace Behavior [ RunTime:0.001000s ]
INFO: [ view_end ] --END-- [ RunTime:0.001000s ]

[ 2014-08-22T17:11:39+08:00 ] 127.0.0.1 /jieqiangCopyRight_MobileCms_v1.2/admin.php
INFO: [ app_begin ] --START--
INFO: Run ReadHtmlCache Behavior [ RunTime:0.001000s ]
INFO: Run CheckLang Behavior [ RunTime:0.001001s ]
INFO: [ app_begin ] --END-- [ RunTime:0.002001s ]
SQL: SHOW COLUMNS FROM `cms_role` [ RunTime:0.003000s ]
SQL: SELECT `name`,`status`,`remark`,`create_time`,`update_time` FROM `cms_role` WHERE ( id=1 ) LIMIT 1   [ RunTime:0.001000s ]
SQL: SHOW COLUMNS FROM `cms_group` [ RunTime:0.003000s ]
SQL: SELECT `id`,`title` FROM `cms_group` WHERE ( status=1 ) ORDER BY sort ASC  [ RunTime:0.000000s ]
SQL: SHOW COLUMNS FROM `cms_setting` [ RunTime:0.003000s ]
SQL: SELECT * FROM `cms_setting`  [ RunTime:0.001001s ]
NOTIC: [8] Undefined index: iframe D:\WWW\jieqiangCopyRight_MobileCms_v1.2\admin\Lib\Action\BaseAction.class.php 第 58 行.
INFO: [ view_template ] --START--
INFO: Run LocationTemplate Behavior [ RunTime:0.001000s ]
INFO: [ view_template ] --END-- [ RunTime:0.001000s ]
INFO: [ view_parse ] --START--
NOTIC: [8] Undefined variable: lang D:\WWW\jieqiangCopyRight_MobileCms_v1.2\admin\Runtime\Cache\3b07957a53ccb31105e96f96aaa794c8.php 第 41 行.
INFO: Run ParseTemplate Behavior [ RunTime:0.011000s ]
INFO: [ view_parse ] --END-- [ RunTime:0.011000s ]
INFO: [ view_filter ] --START--
INFO: Run ContentReplace Behavior [ RunTime:0.001000s ]
INFO: Run TokenBuild Behavior [ RunTime:0.000000s ]
INFO: Run WriteHtmlCache Behavior [ RunTime:0.001000s ]
INFO: Run ShowRuntime Behavior [ RunTime:0.000000s ]
INFO: [ view_filter ] --END-- [ RunTime:0.002000s ]
INFO: [ view_end ] --START--
INFO: Run ShowPageTrace Behavior [ RunTime:0.001000s ]
INFO: [ view_end ] --END-- [ RunTime:0.001000s ]

[ 2014-08-22T17:11:40+08:00 ] 127.0.0.1 /jieqiangCopyRight_MobileCms_v1.2/admin.php?m=Public&a=main
INFO: [ app_begin ] --START--
INFO: Run ReadHtmlCache Behavior [ RunTime:0.001000s ]
INFO: Run CheckLang Behavior [ RunTime:0.001000s ]
INFO: [ app_begin ] --END-- [ RunTime:0.002000s ]
SQL: SHOW COLUMNS FROM `cms_role` [ RunTime:0.004001s ]
SQL: SELECT `name`,`status`,`remark`,`create_time`,`update_time` FROM `cms_role` WHERE ( id=1 ) LIMIT 1   [ RunTime:0.001000s ]
SQL: SHOW COLUMNS FROM `cms_group` [ RunTime:0.002000s ]
SQL: SELECT `id`,`title` FROM `cms_group` WHERE ( status=1 ) ORDER BY sort ASC  [ RunTime:0.000000s ]
SQL: SHOW COLUMNS FROM `cms_setting` [ RunTime:0.002000s ]
SQL: SELECT * FROM `cms_setting`  [ RunTime:0.000000s ]
NOTIC: [8] Undefined index: iframe D:\WWW\jieqiangCopyRight_MobileCms_v1.2\admin\Lib\Action\BaseAction.class.php 第 58 行.
INFO: [ view_template ] --START--
INFO: Run LocationTemplate Behavior [ RunTime:0.001000s ]
INFO: [ view_template ] --END-- [ RunTime:0.001000s ]
INFO: [ view_parse ] --START--
NOTIC: [8] Undefined variable: sub_menu D:\WWW\jieqiangCopyRight_MobileCms_v1.2\admin\Runtime\Cache\a9dbfddae3d9003bea342c344a5599ca.php 第 36 行.
NOTIC: [8] Undefined variable: big_menu D:\WWW\jieqiangCopyRight_MobileCms_v1.2\admin\Runtime\Cache\a9dbfddae3d9003bea342c344a5599ca.php 第 36 行.
INFO: Run ParseTemplate Behavior [ RunTime:0.011001s ]
INFO: [ view_parse ] --END-- [ RunTime:0.011001s ]
INFO: [ view_filter ] --START--
INFO: Run ContentReplace Behavior [ RunTime:0.001000s ]
INFO: Run TokenBuild Behavior [ RunTime:0.000000s ]
INFO: Run WriteHtmlCache Behavior [ RunTime:0.000000s ]
INFO: Run ShowRuntime Behavior [ RunTime:0.001000s ]
INFO: [ view_filter ] --END-- [ RunTime:0.002000s ]
INFO: [ view_end ] --START--
INFO: Run ShowPageTrace Behavior [ RunTime:0.001000s ]
INFO: [ view_end ] --END-- [ RunTime:0.001000s ]

[ 2014-08-22T17:11:40+08:00 ] 127.0.0.1 /jieqiangCopyRight_MobileCms_v1.2/admin.php?m=Public&a=menu&tag=9
INFO: [ app_begin ] --START--
INFO: Run ReadHtmlCache Behavior [ RunTime:0.001000s ]
INFO: Run CheckLang Behavior [ RunTime:0.001000s ]
INFO: [ app_begin ] --END-- [ RunTime:0.002000s ]
SQL: SHOW COLUMNS FROM `cms_role` [ RunTime:0.003000s ]
SQL: SELECT `name`,`status`,`remark`,`create_time`,`update_time` FROM `cms_role` WHERE ( id=1 ) LIMIT 1   [ RunTime:0.001001s ]
SQL: SHOW COLUMNS FROM `cms_group` [ RunTime:0.003000s ]
SQL: SELECT `id`,`title` FROM `cms_group` WHERE ( status=1 ) ORDER BY sort ASC  [ RunTime:0.000000s ]
SQL: SHOW COLUMNS FROM `cms_setting` [ RunTime:0.003000s ]
SQL: SELECT * FROM `cms_setting`  [ RunTime:0.001000s ]
NOTIC: [8] Undefined index: iframe D:\WWW\jieqiangCopyRight_MobileCms_v1.2\admin\Lib\Action\BaseAction.class.php 第 58 行.
SQL: SHOW COLUMNS FROM `cms_admin` [ RunTime:0.003000s ]
SQL: SELECT `role_id` FROM `cms_admin` WHERE ( id=1 ) LIMIT 1   [ RunTime:0.001000s ]
SQL: SHOW COLUMNS FROM `cms_access` [ RunTime:0.003001s ]
SQL: SELECT `node_id` FROM `cms_access` WHERE ( role_id=1 )  [ RunTime:0.000000s ]
NOTIC: [2] Invalid argument supplied for foreach() D:\WWW\jieqiangCopyRight_MobileCms_v1.2\admin\Lib\Action\PublicAction.class.php 第 22 行.
SQL: SHOW COLUMNS FROM `cms_node` [ RunTime:0.003000s ]
SQL: SELECT `id`,`action`,`action_name`,`module`,`module_name`,`data` FROM `cms_node` WHERE ( auth_type<>2 AND status=1 AND is_show=0 AND group_id=9 ) ORDER BY sort DESC  [ RunTime:0.000000s ]
INFO: [ view_template ] --START--
INFO: Run LocationTemplate Behavior [ RunTime:0.001000s ]
INFO: [ view_template ] --END-- [ RunTime:0.001000s ]
INFO: [ view_parse ] --START--
NOTIC: [8] Undefined variable: lang D:\WWW\jieqiangCopyRight_MobileCms_v1.2\admin\Runtime\Cache\56b8f10ffe533cc36c6f50a3d115f8bd.php 第 1 行.
INFO: Run ParseTemplate Behavior [ RunTime:0.007000s ]
INFO: [ view_parse ] --END-- [ RunTime:0.007000s ]
INFO: [ view_filter ] --START--
INFO: Run ContentReplace Behavior [ RunTime:0.000000s ]
INFO: Run TokenBuild Behavior [ RunTime:0.000000s ]
INFO: Run WriteHtmlCache Behavior [ RunTime:0.000000s ]
INFO: Run ShowRuntime Behavior [ RunTime:0.001000s ]
INFO: [ view_filter ] --END-- [ RunTime:0.001000s ]
INFO: [ view_end ] --START--
INFO: Run ShowPageTrace Behavior [ RunTime:0.001000s ]
INFO: [ view_end ] --END-- [ RunTime:0.001000s ]

[ 2014-08-22T17:11:41+08:00 ] 127.0.0.1 /jieqiangCopyRight_MobileCms_v1.2/admin.php
INFO: [ app_begin ] --START--
INFO: Run ReadHtmlCache Behavior [ RunTime:0.001000s ]
INFO: Run CheckLang Behavior [ RunTime:0.001000s ]
INFO: [ app_begin ] --END-- [ RunTime:0.002000s ]
SQL: SHOW COLUMNS FROM `cms_role` [ RunTime:0.003001s ]
SQL: SELECT `name`,`status`,`remark`,`create_time`,`update_time` FROM `cms_role` WHERE ( id=1 ) LIMIT 1   [ RunTime:0.001000s ]
SQL: SHOW COLUMNS FROM `cms_group` [ RunTime:0.003000s ]
SQL: SELECT `id`,`title` FROM `cms_group` WHERE ( status=1 ) ORDER BY sort ASC  [ RunTime:0.001000s ]
SQL: SHOW COLUMNS FROM `cms_setting` [ RunTime:0.002000s ]
SQL: SELECT * FROM `cms_setting`  [ RunTime:0.000000s ]
NOTIC: [8] Undefined index: iframe D:\WWW\jieqiangCopyRight_MobileCms_v1.2\admin\Lib\Action\BaseAction.class.php 第 58 行.
INFO: [ view_template ] --START--
INFO: Run LocationTemplate Behavior [ RunTime:0.001000s ]
INFO: [ view_template ] --END-- [ RunTime:0.001000s ]
INFO: [ view_parse ] --START--
NOTIC: [8] Undefined variable: lang D:\WWW\jieqiangCopyRight_MobileCms_v1.2\admin\Runtime\Cache\3b07957a53ccb31105e96f96aaa794c8.php 第 41 行.
INFO: Run ParseTemplate Behavior [ RunTime:0.011001s ]
INFO: [ view_parse ] --END-- [ RunTime:0.012001s ]
INFO: [ view_filter ] --START--
INFO: Run ContentReplace Behavior [ RunTime:0.001000s ]
INFO: Run TokenBuild Behavior [ RunTime:0.000000s ]
INFO: Run WriteHtmlCache Behavior [ RunTime:0.001000s ]
INFO: Run ShowRuntime Behavior [ RunTime:0.000000s ]
INFO: [ view_filter ] --END-- [ RunTime:0.002000s ]
INFO: [ view_end ] --START--
INFO: Run ShowPageTrace Behavior [ RunTime:0.001000s ]
INFO: [ view_end ] --END-- [ RunTime:0.001000s ]

[ 2014-08-22T17:11:41+08:00 ] 127.0.0.1 /jieqiangCopyRight_MobileCms_v1.2/admin.php?m=Public&a=main
INFO: [ app_begin ] --START--
INFO: Run ReadHtmlCache Behavior [ RunTime:0.001001s ]
INFO: Run CheckLang Behavior [ RunTime:0.001000s ]
INFO: [ app_begin ] --END-- [ RunTime:0.002001s ]
SQL: SHOW COLUMNS FROM `cms_role` [ RunTime:0.004000s ]
SQL: SELECT `name`,`status`,`remark`,`create_time`,`update_time` FROM `cms_role` WHERE ( id=1 ) LIMIT 1   [ RunTime:0.002001s ]
SQL: SHOW COLUMNS FROM `cms_group` [ RunTime:0.003000s ]
SQL: SELECT `id`,`title` FROM `cms_group` WHERE ( status=1 ) ORDER BY sort ASC  [ RunTime:0.002000s ]
SQL: SHOW COLUMNS FROM `cms_setting` [ RunTime:0.004000s ]
SQL: SELECT * FROM `cms_setting`  [ RunTime:0.002000s ]
NOTIC: [8] Undefined index: iframe D:\WWW\jieqiangCopyRight_MobileCms_v1.2\admin\Lib\Action\BaseAction.class.php 第 58 行.
INFO: [ view_template ] --START--
INFO: Run LocationTemplate Behavior [ RunTime:0.001000s ]
INFO: [ view_template ] --END-- [ RunTime:0.001000s ]
INFO: [ view_parse ] --START--
NOTIC: [8] Undefined variable: sub_menu D:\WWW\jieqiangCopyRight_MobileCms_v1.2\admin\Runtime\Cache\a9dbfddae3d9003bea342c344a5599ca.php 第 36 行.
NOTIC: [8] Undefined variable: big_menu D:\WWW\jieqiangCopyRight_MobileCms_v1.2\admin\Runtime\Cache\a9dbfddae3d9003bea342c344a5599ca.php 第 36 行.
INFO: Run ParseTemplate Behavior [ RunTime:0.010001s ]
INFO: [ view_parse ] --END-- [ RunTime:0.010001s ]
INFO: [ view_filter ] --START--
INFO: Run ContentReplace Behavior [ RunTime:0.001000s ]
INFO: Run TokenBuild Behavior [ RunTime:0.002000s ]
INFO: Run WriteHtmlCache Behavior [ RunTime:0.001000s ]
INFO: Run ShowRuntime Behavior [ RunTime:0.001000s ]
INFO: [ view_filter ] --END-- [ RunTime:0.006000s ]
INFO: [ view_end ] --START--
INFO: Run ShowPageTrace Behavior [ RunTime:0.000000s ]
INFO: [ view_end ] --END-- [ RunTime:0.000000s ]

[ 2014-08-22T17:11:41+08:00 ] 127.0.0.1 /jieqiangCopyRight_MobileCms_v1.2/admin.php?m=Public&a=menu&tag=9
INFO: [ app_begin ] --START--
INFO: Run ReadHtmlCache Behavior [ RunTime:0.000000s ]
INFO: Run CheckLang Behavior [ RunTime:0.001000s ]
INFO: [ app_begin ] --END-- [ RunTime:0.001000s ]
SQL: SHOW COLUMNS FROM `cms_role` [ RunTime:0.003000s ]
SQL: SELECT `name`,`status`,`remark`,`create_time`,`update_time` FROM `cms_role` WHERE ( id=1 ) LIMIT 1   [ RunTime:0.001000s ]
SQL: SHOW COLUMNS FROM `cms_group` [ RunTime:0.003000s ]
SQL: SELECT `id`,`title` FROM `cms_group` WHERE ( status=1 ) ORDER BY sort ASC  [ RunTime:0.000000s ]
SQL: SHOW COLUMNS FROM `cms_setting` [ RunTime:0.003000s ]
SQL: SELECT * FROM `cms_setting`  [ RunTime:0.001000s ]
NOTIC: [8] Undefined index: iframe D:\WWW\jieqiangCopyRight_MobileCms_v1.2\admin\Lib\Action\BaseAction.class.php 第 58 行.
SQL: SHOW COLUMNS FROM `cms_admin` [ RunTime:0.003000s ]
SQL: SELECT `role_id` FROM `cms_admin` WHERE ( id=1 ) LIMIT 1   [ RunTime:0.001000s ]
SQL: SHOW COLUMNS FROM `cms_access` [ RunTime:0.002000s ]
SQL: SELECT `node_id` FROM `cms_access` WHERE ( role_id=1 )  [ RunTime:0.000000s ]
NOTIC: [2] Invalid argument supplied for foreach() D:\WWW\jieqiangCopyRight_MobileCms_v1.2\admin\Lib\Action\PublicAction.class.php 第 22 行.
SQL: SHOW COLUMNS FROM `cms_node` [ RunTime:0.003000s ]
SQL: SELECT `id`,`action`,`action_name`,`module`,`module_name`,`data` FROM `cms_node` WHERE ( auth_type<>2 AND status=1 AND is_show=0 AND group_id=9 ) ORDER BY sort DESC  [ RunTime:0.001000s ]
INFO: [ view_template ] --START--
INFO: Run LocationTemplate Behavior [ RunTime:0.001001s ]
INFO: [ view_template ] --END-- [ RunTime:0.001001s ]
INFO: [ view_parse ] --START--
NOTIC: [8] Undefined variable: lang D:\WWW\jieqiangCopyRight_MobileCms_v1.2\admin\Runtime\Cache\56b8f10ffe533cc36c6f50a3d115f8bd.php 第 1 行.
INFO: Run ParseTemplate Behavior [ RunTime:0.010000s ]
INFO: [ view_parse ] --END-- [ RunTime:0.010000s ]
INFO: [ view_filter ] --START--
INFO: Run ContentReplace Behavior [ RunTime:0.000000s ]
INFO: Run TokenBuild Behavior [ RunTime:0.001000s ]
INFO: Run WriteHtmlCache Behavior [ RunTime:0.000000s ]
INFO: Run ShowRuntime Behavior [ RunTime:0.001000s ]
INFO: [ view_filter ] --END-- [ RunTime:0.002000s ]
INFO: [ view_end ] --START--
INFO: Run ShowPageTrace Behavior [ RunTime:0.000000s ]
INFO: [ view_end ] --END-- [ RunTime:0.000000s ]

[ 2014-08-22T17:11:43+08:00 ] 127.0.0.1 /jieqiangCopyRight_MobileCms_v1.2/admin.php
INFO: [ app_begin ] --START--
INFO: Run ReadHtmlCache Behavior [ RunTime:0.000000s ]
INFO: Run CheckLang Behavior [ RunTime:0.001001s ]
INFO: [ app_begin ] --END-- [ RunTime:0.001001s ]
SQL: SHOW COLUMNS FROM `cms_role` [ RunTime:0.003000s ]
SQL: SELECT `name`,`status`,`remark`,`create_time`,`update_time` FROM `cms_role` WHERE ( id=1 ) LIMIT 1   [ RunTime:0.001000s ]
SQL: SHOW COLUMNS FROM `cms_group` [ RunTime:0.004000s ]
SQL: SELECT `id`,`title` FROM `cms_group` WHERE ( status=1 ) ORDER BY sort ASC  [ RunTime:0.001000s ]
SQL: SHOW COLUMNS FROM `cms_setting` [ RunTime:0.002000s ]
SQL: SELECT * FROM `cms_setting`  [ RunTime:0.000000s ]
NOTIC: [8] Undefined index: iframe D:\WWW\jieqiangCopyRight_MobileCms_v1.2\admin\Lib\Action\BaseAction.class.php 第 58 行.
INFO: [ view_template ] --START--
INFO: Run LocationTemplate Behavior [ RunTime:0.001000s ]
INFO: [ view_template ] --END-- [ RunTime:0.001000s ]
INFO: [ view_parse ] --START--
NOTIC: [8] Undefined variable: lang D:\WWW\jieqiangCopyRight_MobileCms_v1.2\admin\Runtime\Cache\3b07957a53ccb31105e96f96aaa794c8.php 第 41 行.
INFO: Run ParseTemplate Behavior [ RunTime:0.008000s ]
INFO: [ view_parse ] --END-- [ RunTime:0.008000s ]
INFO: [ view_filter ] --START--
INFO: Run ContentReplace Behavior [ RunTime:0.001000s ]
INFO: Run TokenBuild Behavior [ RunTime:0.000000s ]
INFO: Run WriteHtmlCache Behavior [ RunTime:0.001000s ]
INFO: Run ShowRuntime Behavior [ RunTime:0.000000s ]
INFO: [ view_filter ] --END-- [ RunTime:0.002000s ]
INFO: [ view_end ] --START--
INFO: Run ShowPageTrace Behavior [ RunTime:0.000000s ]
INFO: [ view_end ] --END-- [ RunTime:0.001000s ]

[ 2014-08-22T17:11:43+08:00 ] 127.0.0.1 /jieqiangCopyRight_MobileCms_v1.2/admin.php?m=Public&a=main
INFO: [ app_begin ] --START--
INFO: Run ReadHtmlCache Behavior [ RunTime:0.000000s ]
INFO: Run CheckLang Behavior [ RunTime:0.001000s ]
INFO: [ app_begin ] --END-- [ RunTime:0.001000s ]
SQL: SHOW COLUMNS FROM `cms_role` [ RunTime:0.003000s ]
SQL: SELECT `name`,`status`,`remark`,`create_time`,`update_time` FROM `cms_role` WHERE ( id=1 ) LIMIT 1   [ RunTime:0.000000s ]
SQL: SHOW COLUMNS FROM `cms_group` [ RunTime:0.004000s ]
SQL: SELECT `id`,`title` FROM `cms_group` WHERE ( status=1 ) ORDER BY sort ASC  [ RunTime:0.000000s ]
SQL: SHOW COLUMNS FROM `cms_setting` [ RunTime:0.002000s ]
SQL: SELECT * FROM `cms_setting`  [ RunTime:0.000000s ]
NOTIC: [8] Undefined index: iframe D:\WWW\jieqiangCopyRight_MobileCms_v1.2\admin\Lib\Action\BaseAction.class.php 第 58 行.
INFO: [ view_template ] --START--
INFO: Run LocationTemplate Behavior [ RunTime:0.001000s ]
INFO: [ view_template ] --END-- [ RunTime:0.001000s ]
INFO: [ view_parse ] --START--
NOTIC: [8] Undefined variable: sub_menu D:\WWW\jieqiangCopyRight_MobileCms_v1.2\admin\Runtime\Cache\a9dbfddae3d9003bea342c344a5599ca.php 第 36 行.
NOTIC: [8] Undefined variable: big_menu D:\WWW\jieqiangCopyRight_MobileCms_v1.2\admin\Runtime\Cache\a9dbfddae3d9003bea342c344a5599ca.php 第 36 行.
INFO: Run ParseTemplate Behavior [ RunTime:0.009000s ]
INFO: [ view_parse ] --END-- [ RunTime:0.010000s ]
INFO: [ view_filter ] --START--
INFO: Run ContentReplace Behavior [ RunTime:0.000000s ]
INFO: Run TokenBuild Behavior [ RunTime:0.000000s ]
INFO: Run WriteHtmlCache Behavior [ RunTime:0.000000s ]
INFO: Run ShowRuntime Behavior [ RunTime:0.001000s ]
INFO: [ view_filter ] --END-- [ RunTime:0.001000s ]
INFO: [ view_end ] --START--
INFO: Run ShowPageTrace Behavior [ RunTime:0.001000s ]
INFO: [ view_end ] --END-- [ RunTime:0.001000s ]

[ 2014-08-22T17:11:43+08:00 ] 127.0.0.1 /jieqiangCopyRight_MobileCms_v1.2/admin.php?m=Public&a=menu&tag=9
INFO: [ app_begin ] --START--
INFO: Run ReadHtmlCache Behavior [ RunTime:0.001000s ]
INFO: Run CheckLang Behavior [ RunTime:0.001000s ]
INFO: [ app_begin ] --END-- [ RunTime:0.002000s ]
SQL: SHOW COLUMNS FROM `cms_role` [ RunTime:0.005000s ]
SQL: SELECT `name`,`status`,`remark`,`create_time`,`update_time` FROM `cms_role` WHERE ( id=1 ) LIMIT 1   [ RunTime:0.001000s ]
SQL: SHOW COLUMNS FROM `cms_group` [ RunTime:0.003001s ]
SQL: SELECT `id`,`title` FROM `cms_group` WHERE ( status=1 ) ORDER BY sort ASC  [ RunTime:0.000000s ]
SQL: SHOW COLUMNS FROM `cms_setting` [ RunTime:0.002000s ]
SQL: SELECT * FROM `cms_setting`  [ RunTime:0.000000s ]
NOTIC: [8] Undefined index: iframe D:\WWW\jieqiangCopyRight_MobileCms_v1.2\admin\Lib\Action\BaseAction.class.php 第 58 行.
SQL: SHOW COLUMNS FROM `cms_admin` [ RunTime:0.003000s ]
SQL: SELECT `role_id` FROM `cms_admin` WHERE ( id=1 ) LIMIT 1   [ RunTime:0.001000s ]
SQL: SHOW COLUMNS FROM `cms_access` [ RunTime:0.003000s ]
SQL: SELECT `node_id` FROM `cms_access` WHERE ( role_id=1 )  [ RunTime:0.001000s ]
NOTIC: [2] Invalid argument supplied for foreach() D:\WWW\jieqiangCopyRight_MobileCms_v1.2\admin\Lib\Action\PublicAction.class.php 第 22 行.
SQL: SHOW COLUMNS FROM `cms_node` [ RunTime:0.003001s ]
SQL: SELECT `id`,`action`,`action_name`,`module`,`module_name`,`data` FROM `cms_node` WHERE ( auth_type<>2 AND status=1 AND is_show=0 AND group_id=9 ) ORDER BY sort DESC  [ RunTime:0.001000s ]
INFO: [ view_template ] --START--
INFO: Run LocationTemplate Behavior [ RunTime:0.001000s ]
INFO: [ view_template ] --END-- [ RunTime:0.001000s ]
INFO: [ view_parse ] --START--
NOTIC: [8] Undefined variable: lang D:\WWW\jieqiangCopyRight_MobileCms_v1.2\admin\Runtime\Cache\56b8f10ffe533cc36c6f50a3d115f8bd.php 第 1 行.
INFO: Run ParseTemplate Behavior [ RunTime:0.010000s ]
INFO: [ view_parse ] --END-- [ RunTime:0.010000s ]
INFO: [ view_filter ] --START--
INFO: Run ContentReplace Behavior [ RunTime:0.000000s ]
INFO: Run TokenBuild Behavior [ RunTime:0.001000s ]
INFO: Run WriteHtmlCache Behavior [ RunTime:0.000000s ]
INFO: Run ShowRuntime Behavior [ RunTime:0.001000s ]
INFO: [ view_filter ] --END-- [ RunTime:0.002000s ]
INFO: [ view_end ] --START--
INFO: Run ShowPageTrace Behavior [ RunTime:0.000000s ]
INFO: [ view_end ] --END-- [ RunTime:0.000000s ]

[ 2014-08-22T17:16:12+08:00 ] 127.0.0.1 /jieqiangCopyRight_MobileCms_v1.2/admin.php
INFO: [ app_begin ] --START--
INFO: Run ReadHtmlCache Behavior [ RunTime:0.001000s ]
INFO: Run CheckLang Behavior [ RunTime:0.001000s ]
INFO: [ app_begin ] --END-- [ RunTime:0.002000s ]
SQL: SHOW COLUMNS FROM `cms_role` [ RunTime:0.005000s ]
SQL: SELECT `name`,`status`,`remark`,`create_time`,`update_time` FROM `cms_role` WHERE ( id=1 ) LIMIT 1   [ RunTime:0.001000s ]
SQL: SHOW COLUMNS FROM `cms_group` [ RunTime:0.003000s ]
SQL: SELECT `id`,`title` FROM `cms_group` WHERE ( status=1 ) ORDER BY sort ASC  [ RunTime:0.001000s ]
SQL: SHOW COLUMNS FROM `cms_setting` [ RunTime:0.003000s ]
SQL: SELECT * FROM `cms_setting`  [ RunTime:0.001000s ]
NOTIC: [8] Undefined index: iframe D:\WWW\jieqiangCopyRight_MobileCms_v1.2\admin\Lib\Action\BaseAction.class.php 第 58 行.
INFO: [ view_template ] --START--
INFO: Run LocationTemplate Behavior [ RunTime:0.001001s ]
INFO: [ view_template ] --END-- [ RunTime:0.001001s ]
INFO: [ view_parse ] --START--
NOTIC: [8] Undefined variable: lang D:\WWW\jieqiangCopyRight_MobileCms_v1.2\admin\Runtime\Cache\3b07957a53ccb31105e96f96aaa794c8.php 第 41 行.
INFO: Run ParseTemplate Behavior [ RunTime:0.013000s ]
INFO: [ view_parse ] --END-- [ RunTime:0.013000s ]
INFO: [ view_filter ] --START--
INFO: Run ContentReplace Behavior [ RunTime:0.001000s ]
INFO: Run TokenBuild Behavior [ RunTime:0.000000s ]
INFO: Run WriteHtmlCache Behavior [ RunTime:0.001000s ]
INFO: Run ShowRuntime Behavior [ RunTime:0.000000s ]
INFO: [ view_filter ] --END-- [ RunTime:0.002000s ]
INFO: [ view_end ] --START--
INFO: Run ShowPageTrace Behavior [ RunTime:0.000000s ]
INFO: [ view_end ] --END-- [ RunTime:0.000000s ]

[ 2014-08-22T17:16:12+08:00 ] 127.0.0.1 /jieqiangCopyRight_MobileCms_v1.2/admin.php?m=Public&a=main
INFO: [ app_begin ] --START--
INFO: Run ReadHtmlCache Behavior [ RunTime:0.000000s ]
INFO: Run CheckLang Behavior [ RunTime:0.002000s ]
INFO: [ app_begin ] --END-- [ RunTime:0.002000s ]
SQL: SHOW COLUMNS FROM `cms_role` [ RunTime:0.006000s ]
SQL: SELECT `name`,`status`,`remark`,`create_time`,`update_time` FROM `cms_role` WHERE ( id=1 ) LIMIT 1   [ RunTime:0.007000s ]
SQL: SHOW COLUMNS FROM `cms_group` [ RunTime:0.005001s ]
SQL: SELECT `id`,`title` FROM `cms_group` WHERE ( status=1 ) ORDER BY sort ASC  [ RunTime:0.002000s ]
SQL: SHOW COLUMNS FROM `cms_setting` [ RunTime:0.004000s ]
SQL: SELECT * FROM `cms_setting`  [ RunTime:0.001000s ]
NOTIC: [8] Undefined index: iframe D:\WWW\jieqiangCopyRight_MobileCms_v1.2\admin\Lib\Action\BaseAction.class.php 第 58 行.
INFO: [ view_template ] --START--
INFO: Run LocationTemplate Behavior [ RunTime:0.001000s ]
INFO: [ view_template ] --END-- [ RunTime:0.001000s ]
INFO: [ view_parse ] --START--
NOTIC: [8] Undefined variable: sub_menu D:\WWW\jieqiangCopyRight_MobileCms_v1.2\admin\Runtime\Cache\a9dbfddae3d9003bea342c344a5599ca.php 第 36 行.
NOTIC: [8] Undefined variable: big_menu D:\WWW\jieqiangCopyRight_MobileCms_v1.2\admin\Runtime\Cache\a9dbfddae3d9003bea342c344a5599ca.php 第 36 行.
INFO: Run ParseTemplate Behavior [ RunTime:0.016001s ]
INFO: [ view_parse ] --END-- [ RunTime:0.016001s ]
INFO: [ view_filter ] --START--
INFO: Run ContentReplace Behavior [ RunTime:0.001000s ]
INFO: Run TokenBuild Behavior [ RunTime:0.000000s ]
INFO: Run WriteHtmlCache Behavior [ RunTime:0.001000s ]
INFO: Run ShowRuntime Behavior [ RunTime:0.001000s ]
INFO: [ view_filter ] --END-- [ RunTime:0.003000s ]
INFO: [ view_end ] --START--
INFO: Run ShowPageTrace Behavior [ RunTime:0.000000s ]
INFO: [ view_end ] --END-- [ RunTime:0.000000s ]

[ 2014-08-22T17:16:12+08:00 ] 127.0.0.1 /jieqiangCopyRight_MobileCms_v1.2/admin.php?m=Public&a=menu&tag=9
INFO: [ app_begin ] --START--
INFO: Run ReadHtmlCache Behavior [ RunTime:0.001000s ]
INFO: Run CheckLang Behavior [ RunTime:0.001000s ]
INFO: [ app_begin ] --END-- [ RunTime:0.002000s ]
SQL: SHOW COLUMNS FROM `cms_role` [ RunTime:0.006001s ]
SQL: SELECT `name`,`status`,`remark`,`create_time`,`update_time` FROM `cms_role` WHERE ( id=1 ) LIMIT 1   [ RunTime:0.005000s ]
SQL: SHOW COLUMNS FROM `cms_group` [ RunTime:0.003000s ]
SQL: SELECT `id`,`title` FROM `cms_group` WHERE ( status=1 ) ORDER BY sort ASC  [ RunTime:0.001000s ]
SQL: SHOW COLUMNS FROM `cms_setting` [ RunTime:0.003001s ]
SQL: SELECT * FROM `cms_setting`  [ RunTime:0.000000s ]
NOTIC: [8] Undefined index: iframe D:\WWW\jieqiangCopyRight_MobileCms_v1.2\admin\Lib\Action\BaseAction.class.php 第 58 行.
SQL: SHOW COLUMNS FROM `cms_admin` [ RunTime:0.003000s ]
SQL: SELECT `role_id` FROM `cms_admin` WHERE ( id=1 ) LIMIT 1   [ RunTime:0.000000s ]
SQL: SHOW COLUMNS FROM `cms_access` [ RunTime:0.002000s ]
SQL: SELECT `node_id` FROM `cms_access` WHERE ( role_id=1 )  [ RunTime:0.000000s ]
NOTIC: [2] Invalid argument supplied for foreach() D:\WWW\jieqiangCopyRight_MobileCms_v1.2\admin\Lib\Action\PublicAction.class.php 第 22 行.
SQL: SHOW COLUMNS FROM `cms_node` [ RunTime:0.005000s ]
SQL: SELECT `id`,`action`,`action_name`,`module`,`module_name`,`data` FROM `cms_node` WHERE ( auth_type<>2 AND status=1 AND is_show=0 AND group_id=9 ) ORDER BY sort DESC  [ RunTime:0.009001s ]
INFO: [ view_template ] --START--
INFO: Run LocationTemplate Behavior [ RunTime:0.001000s ]
INFO: [ view_template ] --END-- [ RunTime:0.001000s ]
INFO: [ view_parse ] --START--
NOTIC: [8] Undefined variable: lang D:\WWW\jieqiangCopyRight_MobileCms_v1.2\admin\Runtime\Cache\56b8f10ffe533cc36c6f50a3d115f8bd.php 第 1 行.
INFO: Run ParseTemplate Behavior [ RunTime:0.009000s ]
INFO: [ view_parse ] --END-- [ RunTime:0.009000s ]
INFO: [ view_filter ] --START--
INFO: Run ContentReplace Behavior [ RunTime:0.001001s ]
INFO: Run TokenBuild Behavior [ RunTime:0.001000s ]
INFO: Run WriteHtmlCache Behavior [ RunTime:0.001000s ]
INFO: Run ShowRuntime Behavior [ RunTime:0.000000s ]
INFO: [ view_filter ] --END-- [ RunTime:0.003001s ]
INFO: [ view_end ] --START--
INFO: Run ShowPageTrace Behavior [ RunTime:0.001000s ]
INFO: [ view_end ] --END-- [ RunTime:0.001000s ]

[ 2014-08-22T17:16:16+08:00 ] 127.0.0.1 /jieqiangCopyRight_MobileCms_v1.2/admin.php
INFO: [ app_begin ] --START--
INFO: Run ReadHtmlCache Behavior [ RunTime:0.000000s ]
INFO: Run CheckLang Behavior [ RunTime:0.001000s ]
INFO: [ app_begin ] --END-- [ RunTime:0.001000s ]
SQL: SHOW COLUMNS FROM `cms_role` [ RunTime:0.005000s ]
SQL: SELECT `name`,`status`,`remark`,`create_time`,`update_time` FROM `cms_role` WHERE ( id=1 ) LIMIT 1   [ RunTime:0.000000s ]
SQL: SHOW COLUMNS FROM `cms_group` [ RunTime:0.004001s ]
SQL: SELECT `id`,`title` FROM `cms_group` WHERE ( status=1 ) ORDER BY sort ASC  [ RunTime:0.000000s ]
SQL: SHOW COLUMNS FROM `cms_setting` [ RunTime:0.002000s ]
SQL: SELECT * FROM `cms_setting`  [ RunTime:0.001000s ]
NOTIC: [8] Undefined index: iframe D:\WWW\jieqiangCopyRight_MobileCms_v1.2\admin\Lib\Action\BaseAction.class.php 第 58 行.
INFO: [ view_template ] --START--
INFO: Run LocationTemplate Behavior [ RunTime:0.001000s ]
INFO: [ view_template ] --END-- [ RunTime:0.001000s ]
INFO: [ view_parse ] --START--
NOTIC: [8] Undefined variable: lang D:\WWW\jieqiangCopyRight_MobileCms_v1.2\admin\Runtime\Cache\3b07957a53ccb31105e96f96aaa794c8.php 第 41 行.
INFO: Run ParseTemplate Behavior [ RunTime:0.012001s ]
INFO: [ view_parse ] --END-- [ RunTime:0.012001s ]
INFO: [ view_filter ] --START--
INFO: Run ContentReplace Behavior [ RunTime:0.001000s ]
INFO: Run TokenBuild Behavior [ RunTime:0.001000s ]
INFO: Run WriteHtmlCache Behavior [ RunTime:0.000000s ]
INFO: Run ShowRuntime Behavior [ RunTime:0.001000s ]
INFO: [ view_filter ] --END-- [ RunTime:0.003000s ]
INFO: [ view_end ] --START--
INFO: Run ShowPageTrace Behavior [ RunTime:0.001000s ]
INFO: [ view_end ] --END-- [ RunTime:0.001000s ]

[ 2014-08-22T17:16:16+08:00 ] 127.0.0.1 /jieqiangCopyRight_MobileCms_v1.2/admin.php?m=Public&a=main
INFO: [ app_begin ] --START--
INFO: Run ReadHtmlCache Behavior [ RunTime:0.002000s ]
INFO: Run CheckLang Behavior [ RunTime:0.001000s ]
INFO: [ app_begin ] --END-- [ RunTime:0.003000s ]
SQL: SHOW COLUMNS FROM `cms_role` [ RunTime:0.004000s ]
SQL: SELECT `name`,`status`,`remark`,`create_time`,`update_time` FROM `cms_role` WHERE ( id=1 ) LIMIT 1   [ RunTime:0.001000s ]
SQL: SHOW COLUMNS FROM `cms_group` [ RunTime:0.003000s ]
SQL: SELECT `id`,`title` FROM `cms_group` WHERE ( status=1 ) ORDER BY sort ASC  [ RunTime:0.001000s ]
SQL: SHOW COLUMNS FROM `cms_setting` [ RunTime:0.004000s ]
SQL: SELECT * FROM `cms_setting`  [ RunTime:0.001000s ]
NOTIC: [8] Undefined index: iframe D:\WWW\jieqiangCopyRight_MobileCms_v1.2\admin\Lib\Action\BaseAction.class.php 第 58 行.
INFO: [ view_template ] --START--
INFO: Run LocationTemplate Behavior [ RunTime:0.001000s ]
INFO: [ view_template ] --END-- [ RunTime:0.001000s ]
INFO: [ view_parse ] --START--
NOTIC: [8] Undefined variable: sub_menu D:\WWW\jieqiangCopyRight_MobileCms_v1.2\admin\Runtime\Cache\a9dbfddae3d9003bea342c344a5599ca.php 第 36 行.
NOTIC: [8] Undefined variable: big_menu D:\WWW\jieqiangCopyRight_MobileCms_v1.2\admin\Runtime\Cache\a9dbfddae3d9003bea342c344a5599ca.php 第 36 行.
INFO: Run ParseTemplate Behavior [ RunTime:0.011000s ]
INFO: [ view_parse ] --END-- [ RunTime:0.011000s ]
INFO: [ view_filter ] --START--
INFO: Run ContentReplace Behavior [ RunTime:0.000000s ]
INFO: Run TokenBuild Behavior [ RunTime:0.000000s ]
INFO: Run WriteHtmlCache Behavior [ RunTime:0.001000s ]
INFO: Run ShowRuntime Behavior [ RunTime:0.004001s ]
INFO: [ view_filter ] --END-- [ RunTime:0.006001s ]
INFO: [ view_end ] --START--
INFO: Run ShowPageTrace Behavior [ RunTime:0.000000s ]
INFO: [ view_end ] --END-- [ RunTime:0.000000s ]

[ 2014-08-22T17:16:16+08:00 ] 127.0.0.1 /jieqiangCopyRight_MobileCms_v1.2/admin.php?m=Public&a=menu&tag=9
INFO: [ app_begin ] --START--
INFO: Run ReadHtmlCache Behavior [ RunTime:0.001000s ]
INFO: Run CheckLang Behavior [ RunTime:0.001000s ]
INFO: [ app_begin ] --END-- [ RunTime:0.002000s ]
SQL: SHOW COLUMNS FROM `cms_role` [ RunTime:0.003000s ]
SQL: SELECT `name`,`status`,`remark`,`create_time`,`update_time` FROM `cms_role` WHERE ( id=1 ) LIMIT 1   [ RunTime:0.000000s ]
SQL: SHOW COLUMNS FROM `cms_group` [ RunTime:0.003000s ]
SQL: SELECT `id`,`title` FROM `cms_group` WHERE ( status=1 ) ORDER BY sort ASC  [ RunTime:0.000000s ]
SQL: SHOW COLUMNS FROM `cms_setting` [ RunTime:0.004001s ]
SQL: SELECT * FROM `cms_setting`  [ RunTime:0.001000s ]
NOTIC: [8] Undefined index: iframe D:\WWW\jieqiangCopyRight_MobileCms_v1.2\admin\Lib\Action\BaseAction.class.php 第 58 行.
SQL: SHOW COLUMNS FROM `cms_admin` [ RunTime:0.003000s ]
SQL: SELECT `role_id` FROM `cms_admin` WHERE ( id=1 ) LIMIT 1   [ RunTime:0.001000s ]
SQL: SHOW COLUMNS FROM `cms_access` [ RunTime:0.003000s ]
SQL: SELECT `node_id` FROM `cms_access` WHERE ( role_id=1 )  [ RunTime:0.001000s ]
NOTIC: [2] Invalid argument supplied for foreach() D:\WWW\jieqiangCopyRight_MobileCms_v1.2\admin\Lib\Action\PublicAction.class.php 第 22 行.
SQL: SHOW COLUMNS FROM `cms_node` [ RunTime:0.003000s ]
SQL: SELECT `id`,`action`,`action_name`,`module`,`module_name`,`data` FROM `cms_node` WHERE ( auth_type<>2 AND status=1 AND is_show=0 AND group_id=9 ) ORDER BY sort DESC  [ RunTime:0.001000s ]
INFO: [ view_template ] --START--
INFO: Run LocationTemplate Behavior [ RunTime:0.001001s ]
INFO: [ view_template ] --END-- [ RunTime:0.001001s ]
INFO: [ view_parse ] --START--
NOTIC: [8] Undefined variable: lang D:\WWW\jieqiangCopyRight_MobileCms_v1.2\admin\Runtime\Cache\56b8f10ffe533cc36c6f50a3d115f8bd.php 第 1 行.
INFO: Run ParseTemplate Behavior [ RunTime:0.010000s ]
INFO: [ view_parse ] --END-- [ RunTime:0.010000s ]
INFO: [ view_filter ] --START--
INFO: Run ContentReplace Behavior [ RunTime:0.000000s ]
INFO: Run TokenBuild Behavior [ RunTime:0.000000s ]
INFO: Run WriteHtmlCache Behavior [ RunTime:0.001000s ]
INFO: Run ShowRuntime Behavior [ RunTime:0.001000s ]
INFO: [ view_filter ] --END-- [ RunTime:0.003000s ]
INFO: [ view_end ] --START--
INFO: Run ShowPageTrace Behavior [ RunTime:0.001000s ]
INFO: [ view_end ] --END-- [ RunTime:0.001000s ]

[ 2014-08-22T17:16:24+08:00 ] 127.0.0.1 /jieqiangCopyRight_MobileCms_v1.2/admin.php?m=Public&a=login
INFO: [ app_begin ] --START--
INFO: Run ReadHtmlCache Behavior [ RunTime:0.001000s ]
INFO: Run CheckLang Behavior [ RunTime:0.001000s ]
INFO: [ app_begin ] --END-- [ RunTime:0.002000s ]
NOTIC: [8] Undefined index: admin_info D:\WWW\jieqiangCopyRight_MobileCms_v1.2\admin\Lib\Action\BaseAction.class.php 第 72 行.
NOTIC: [8] Undefined index: admin_info D:\WWW\jieqiangCopyRight_MobileCms_v1.2\admin\Lib\Action\BaseAction.class.php 第 33 行.
SQL: SHOW COLUMNS FROM `cms_role` [ RunTime:0.003000s ]
NOTIC: [8] Undefined index: admin_info D:\WWW\jieqiangCopyRight_MobileCms_v1.2\admin\Lib\Action\BaseAction.class.php 第 37 行.
SQL: SELECT `name`,`status`,`remark`,`create_time`,`update_time` FROM `cms_role` WHERE ( id= ) LIMIT 1   [ RunTime:0.001000s ]
ERR: You have an error in your SQL syntax; check the manual that corresponds to your MySQL server version for the right syntax to use near ') LIMIT 1' at line 1
 [ SQL语句 ] : SELECT `name`,`status`,`remark`,`create_time`,`update_time` FROM `cms_role` WHERE ( id= ) LIMIT 1  
SQL: SHOW COLUMNS FROM `cms_group` [ RunTime:0.002000s ]
SQL: SELECT `id`,`title` FROM `cms_group` WHERE ( status=1 ) ORDER BY sort ASC  [ RunTime:0.001000s ]
SQL: SHOW COLUMNS FROM `cms_setting` [ RunTime:0.004001s ]
SQL: SELECT * FROM `cms_setting`  [ RunTime:0.001000s ]
NOTIC: [8] Undefined index: iframe D:\WWW\jieqiangCopyRight_MobileCms_v1.2\admin\Lib\Action\BaseAction.class.php 第 58 行.
SQL: SHOW COLUMNS FROM `cms_admin` [ RunTime:0.004000s ]
INFO: [ view_template ] --START--
INFO: Run LocationTemplate Behavior [ RunTime:0.001000s ]
INFO: [ view_template ] --END-- [ RunTime:0.001000s ]
INFO: [ view_parse ] --START--
INFO: Run ParseTemplate Behavior [ RunTime:0.008000s ]
INFO: [ view_parse ] --END-- [ RunTime:0.008000s ]
INFO: [ view_filter ] --START--
INFO: Run ContentReplace Behavior [ RunTime:0.000000s ]
INFO: Run TokenBuild Behavior [ RunTime:0.002000s ]
INFO: Run WriteHtmlCache Behavior [ RunTime:0.001001s ]
INFO: Run ShowRuntime Behavior [ RunTime:0.001000s ]
INFO: [ view_filter ] --END-- [ RunTime:0.004001s ]
INFO: [ view_end ] --START--
INFO: Run ShowPageTrace Behavior [ RunTime:0.001000s ]
INFO: [ view_end ] --END-- [ RunTime:0.001000s ]

[ 2014-08-22T17:16:24+08:00 ] 127.0.0.1 /jieqiangCopyRight_MobileCms_v1.2/admin.php?m=Public&a=verify&rand=1408698984
INFO: [ app_begin ] --START--
INFO: Run ReadHtmlCache Behavior [ RunTime:0.001000s ]
INFO: Run CheckLang Behavior [ RunTime:0.005000s ]
INFO: [ app_begin ] --END-- [ RunTime:0.006000s ]
NOTIC: [8] Undefined index: admin_info D:\WWW\jieqiangCopyRight_MobileCms_v1.2\admin\Lib\Action\BaseAction.class.php 第 72 行.
NOTIC: [8] Undefined index: admin_info D:\WWW\jieqiangCopyRight_MobileCms_v1.2\admin\Lib\Action\BaseAction.class.php 第 33 行.
SQL: SHOW COLUMNS FROM `cms_role` [ RunTime:0.004000s ]
NOTIC: [8] Undefined index: admin_info D:\WWW\jieqiangCopyRight_MobileCms_v1.2\admin\Lib\Action\BaseAction.class.php 第 37 行.
SQL: SELECT `name`,`status`,`remark`,`create_time`,`update_time` FROM `cms_role` WHERE ( id= ) LIMIT 1   [ RunTime:0.000000s ]
ERR: You have an error in your SQL syntax; check the manual that corresponds to your MySQL server version for the right syntax to use near ') LIMIT 1' at line 1
 [ SQL语句 ] : SELECT `name`,`status`,`remark`,`create_time`,`update_time` FROM `cms_role` WHERE ( id= ) LIMIT 1  
SQL: SHOW COLUMNS FROM `cms_group` [ RunTime:0.003001s ]
SQL: SELECT `id`,`title` FROM `cms_group` WHERE ( status=1 ) ORDER BY sort ASC  [ RunTime:0.001000s ]
SQL: SHOW COLUMNS FROM `cms_setting` [ RunTime:0.003000s ]
SQL: SELECT * FROM `cms_setting`  [ RunTime:0.004000s ]
NOTIC: [8] Undefined index: iframe D:\WWW\jieqiangCopyRight_MobileCms_v1.2\admin\Lib\Action\BaseAction.class.php 第 58 行.

[ 2014-08-22T17:17:47+08:00 ] 127.0.0.1 /jieqiangCopyRight_MobileCms_v1.2/admin.php?m=Public&a=login
INFO: [ app_begin ] --START--
INFO: Run ReadHtmlCache Behavior [ RunTime:0.000000s ]
INFO: Run CheckLang Behavior [ RunTime:0.002000s ]
INFO: [ app_begin ] --END-- [ RunTime:0.003000s ]
NOTIC: [8] Undefined index: admin_info D:\WWW\jieqiangCopyRight_MobileCms_v1.2\admin\Lib\Action\BaseAction.class.php 第 72 行.
NOTIC: [8] Undefined index: admin_info D:\WWW\jieqiangCopyRight_MobileCms_v1.2\admin\Lib\Action\BaseAction.class.php 第 33 行.
SQL: SHOW COLUMNS FROM `cms_role` [ RunTime:0.003000s ]
NOTIC: [8] Undefined index: admin_info D:\WWW\jieqiangCopyRight_MobileCms_v1.2\admin\Lib\Action\BaseAction.class.php 第 37 行.
SQL: SELECT `name`,`status`,`remark`,`create_time`,`update_time` FROM `cms_role` WHERE ( id= ) LIMIT 1   [ RunTime:0.000000s ]
ERR: You have an error in your SQL syntax; check the manual that corresponds to your MySQL server version for the right syntax to use near ') LIMIT 1' at line 1
 [ SQL语句 ] : SELECT `name`,`status`,`remark`,`create_time`,`update_time` FROM `cms_role` WHERE ( id= ) LIMIT 1  
SQL: SHOW COLUMNS FROM `cms_group` [ RunTime:0.003000s ]
SQL: SELECT `id`,`title` FROM `cms_group` WHERE ( status=1 ) ORDER BY sort ASC  [ RunTime:0.001000s ]
SQL: SHOW COLUMNS FROM `cms_setting` [ RunTime:0.002000s ]
SQL: SELECT * FROM `cms_setting`  [ RunTime:0.000000s ]
NOTIC: [8] Undefined index: iframe D:\WWW\jieqiangCopyRight_MobileCms_v1.2\admin\Lib\Action\BaseAction.class.php 第 58 行.
SQL: SHOW COLUMNS FROM `cms_admin` [ RunTime:0.004000s ]
INFO: [ view_template ] --START--
INFO: Run LocationTemplate Behavior [ RunTime:0.001000s ]
INFO: [ view_template ] --END-- [ RunTime:0.001000s ]
INFO: [ view_parse ] --START--
INFO: Run ParseTemplate Behavior [ RunTime:0.007001s ]
INFO: [ view_parse ] --END-- [ RunTime:0.007001s ]
INFO: [ view_filter ] --START--
INFO: Run ContentReplace Behavior [ RunTime:0.001000s ]
INFO: Run TokenBuild Behavior [ RunTime:0.000000s ]
INFO: Run WriteHtmlCache Behavior [ RunTime:0.001000s ]
INFO: Run ShowRuntime Behavior [ RunTime:0.000000s ]
INFO: [ view_filter ] --END-- [ RunTime:0.002000s ]
INFO: [ view_end ] --START--
INFO: Run ShowPageTrace Behavior [ RunTime:0.001000s ]
INFO: [ view_end ] --END-- [ RunTime:0.001000s ]

[ 2014-08-22T17:17:47+08:00 ] 127.0.0.1 /jieqiangCopyRight_MobileCms_v1.2/admin.php?m=Public&a=verify&rand=1408699067
INFO: [ app_begin ] --START--
INFO: Run ReadHtmlCache Behavior [ RunTime:0.001000s ]
INFO: Run CheckLang Behavior [ RunTime:0.002000s ]
INFO: [ app_begin ] --END-- [ RunTime:0.003000s ]
NOTIC: [8] Undefined index: admin_info D:\WWW\jieqiangCopyRight_MobileCms_v1.2\admin\Lib\Action\BaseAction.class.php 第 72 行.
NOTIC: [8] Undefined index: admin_info D:\WWW\jieqiangCopyRight_MobileCms_v1.2\admin\Lib\Action\BaseAction.class.php 第 33 行.
SQL: SHOW COLUMNS FROM `cms_role` [ RunTime:0.003000s ]
NOTIC: [8] Undefined index: admin_info D:\WWW\jieqiangCopyRight_MobileCms_v1.2\admin\Lib\Action\BaseAction.class.php 第 37 行.
SQL: SELECT `name`,`status`,`remark`,`create_time`,`update_time` FROM `cms_role` WHERE ( id= ) LIMIT 1   [ RunTime:0.001000s ]
ERR: You have an error in your SQL syntax; check the manual that corresponds to your MySQL server version for the right syntax to use near ') LIMIT 1' at line 1
 [ SQL语句 ] : SELECT `name`,`status`,`remark`,`create_time`,`update_time` FROM `cms_role` WHERE ( id= ) LIMIT 1  
SQL: SHOW COLUMNS FROM `cms_group` [ RunTime:0.005000s ]
SQL: SELECT `id`,`title` FROM `cms_group` WHERE ( status=1 ) ORDER BY sort ASC  [ RunTime:0.001000s ]
SQL: SHOW COLUMNS FROM `cms_setting` [ RunTime:0.003001s ]
SQL: SELECT * FROM `cms_setting`  [ RunTime:0.001000s ]
NOTIC: [8] Undefined index: iframe D:\WWW\jieqiangCopyRight_MobileCms_v1.2\admin\Lib\Action\BaseAction.class.php 第 58 行.

[ 2014-08-22T17:17:48+08:00 ] 127.0.0.1 /jieqiangCopyRight_MobileCms_v1.2/admin.php?m=Public&a=login
INFO: [ app_begin ] --START--
INFO: Run ReadHtmlCache Behavior [ RunTime:0.001000s ]
INFO: Run CheckLang Behavior [ RunTime:0.001000s ]
INFO: [ app_begin ] --END-- [ RunTime:0.002000s ]
NOTIC: [8] Undefined index: admin_info D:\WWW\jieqiangCopyRight_MobileCms_v1.2\admin\Lib\Action\BaseAction.class.php 第 72 行.
NOTIC: [8] Undefined index: admin_info D:\WWW\jieqiangCopyRight_MobileCms_v1.2\admin\Lib\Action\BaseAction.class.php 第 33 行.
SQL: SHOW COLUMNS FROM `cms_role` [ RunTime:0.004000s ]
NOTIC: [8] Undefined index: admin_info D:\WWW\jieqiangCopyRight_MobileCms_v1.2\admin\Lib\Action\BaseAction.class.php 第 37 行.
SQL: SELECT `name`,`status`,`remark`,`create_time`,`update_time` FROM `cms_role` WHERE ( id= ) LIMIT 1   [ RunTime:0.001000s ]
ERR: You have an error in your SQL syntax; check the manual that corresponds to your MySQL server version for the right syntax to use near ') LIMIT 1' at line 1
 [ SQL语句 ] : SELECT `name`,`status`,`remark`,`create_time`,`update_time` FROM `cms_role` WHERE ( id= ) LIMIT 1  
SQL: SHOW COLUMNS FROM `cms_group` [ RunTime:0.003000s ]
SQL: SELECT `id`,`title` FROM `cms_group` WHERE ( status=1 ) ORDER BY sort ASC  [ RunTime:0.000000s ]
SQL: SHOW COLUMNS FROM `cms_setting` [ RunTime:0.002000s ]
SQL: SELECT * FROM `cms_setting`  [ RunTime:0.001000s ]
NOTIC: [8] Undefined index: iframe D:\WWW\jieqiangCopyRight_MobileCms_v1.2\admin\Lib\Action\BaseAction.class.php 第 58 行.
SQL: SHOW COLUMNS FROM `cms_admin` [ RunTime:0.003000s ]
INFO: [ view_template ] --START--
INFO: Run LocationTemplate Behavior [ RunTime:0.005001s ]
INFO: [ view_template ] --END-- [ RunTime:0.005001s ]
INFO: [ view_parse ] --START--
INFO: Run ParseTemplate Behavior [ RunTime:0.013000s ]
INFO: [ view_parse ] --END-- [ RunTime:0.013000s ]
INFO: [ view_filter ] --START--
INFO: Run ContentReplace Behavior [ RunTime:0.001001s ]
INFO: Run TokenBuild Behavior [ RunTime:0.001000s ]
INFO: Run WriteHtmlCache Behavior [ RunTime:0.000000s ]
INFO: Run ShowRuntime Behavior [ RunTime:0.001000s ]
INFO: [ view_filter ] --END-- [ RunTime:0.003001s ]
INFO: [ view_end ] --START--
INFO: Run ShowPageTrace Behavior [ RunTime:0.001000s ]
INFO: [ view_end ] --END-- [ RunTime:0.001000s ]

[ 2014-08-22T17:17:49+08:00 ] 127.0.0.1 /jieqiangCopyRight_MobileCms_v1.2/admin.php?m=Public&a=verify&rand=1408699068
INFO: [ app_begin ] --START--
INFO: Run ReadHtmlCache Behavior [ RunTime:0.001001s ]
INFO: Run CheckLang Behavior [ RunTime:0.001000s ]
INFO: [ app_begin ] --END-- [ RunTime:0.003001s ]
NOTIC: [8] Undefined index: admin_info D:\WWW\jieqiangCopyRight_MobileCms_v1.2\admin\Lib\Action\BaseAction.class.php 第 72 行.
NOTIC: [8] Undefined index: admin_info D:\WWW\jieqiangCopyRight_MobileCms_v1.2\admin\Lib\Action\BaseAction.class.php 第 33 行.
SQL: SHOW COLUMNS FROM `cms_role` [ RunTime:0.004000s ]
NOTIC: [8] Undefined index: admin_info D:\WWW\jieqiangCopyRight_MobileCms_v1.2\admin\Lib\Action\BaseAction.class.php 第 37 行.
SQL: SELECT `name`,`status`,`remark`,`create_time`,`update_time` FROM `cms_role` WHERE ( id= ) LIMIT 1   [ RunTime:0.001000s ]
ERR: You have an error in your SQL syntax; check the manual that corresponds to your MySQL server version for the right syntax to use near ') LIMIT 1' at line 1
 [ SQL语句 ] : SELECT `name`,`status`,`remark`,`create_time`,`update_time` FROM `cms_role` WHERE ( id= ) LIMIT 1  
SQL: SHOW COLUMNS FROM `cms_group` [ RunTime:0.004000s ]
SQL: SELECT `id`,`title` FROM `cms_group` WHERE ( status=1 ) ORDER BY sort ASC  [ RunTime:0.001000s ]
SQL: SHOW COLUMNS FROM `cms_setting` [ RunTime:0.003000s ]
SQL: SELECT * FROM `cms_setting`  [ RunTime:0.001000s ]
NOTIC: [8] Undefined index: iframe D:\WWW\jieqiangCopyRight_MobileCms_v1.2\admin\Lib\Action\BaseAction.class.php 第 58 行.

[ 2014-08-22T17:17:50+08:00 ] 127.0.0.1 /jieqiangCopyRight_MobileCms_v1.2/admin.php?m=Public&a=login
INFO: [ app_begin ] --START--
INFO: Run ReadHtmlCache Behavior [ RunTime:0.001000s ]
INFO: Run CheckLang Behavior [ RunTime:0.001000s ]
INFO: [ app_begin ] --END-- [ RunTime:0.002000s ]
NOTIC: [8] Undefined index: admin_info D:\WWW\jieqiangCopyRight_MobileCms_v1.2\admin\Lib\Action\BaseAction.class.php 第 72 行.
NOTIC: [8] Undefined index: admin_info D:\WWW\jieqiangCopyRight_MobileCms_v1.2\admin\Lib\Action\BaseAction.class.php 第 33 行.
SQL: SHOW COLUMNS FROM `cms_role` [ RunTime:0.003000s ]
NOTIC: [8] Undefined index: admin_info D:\WWW\jieqiangCopyRight_MobileCms_v1.2\admin\Lib\Action\BaseAction.class.php 第 37 行.
SQL: SELECT `name`,`status`,`remark`,`create_time`,`update_time` FROM `cms_role` WHERE ( id= ) LIMIT 1   [ RunTime:0.000000s ]
ERR: You have an error in your SQL syntax; check the manual that corresponds to your MySQL server version for the right syntax to use near ') LIMIT 1' at line 1
 [ SQL语句 ] : SELECT `name`,`status`,`remark`,`create_time`,`update_time` FROM `cms_role` WHERE ( id= ) LIMIT 1  
SQL: SHOW COLUMNS FROM `cms_group` [ RunTime:0.004001s ]
SQL: SELECT `id`,`title` FROM `cms_group` WHERE ( status=1 ) ORDER BY sort ASC  [ RunTime:0.000000s ]
SQL: SHOW COLUMNS FROM `cms_setting` [ RunTime:0.003000s ]
SQL: SELECT * FROM `cms_setting`  [ RunTime:0.001000s ]
NOTIC: [8] Undefined index: iframe D:\WWW\jieqiangCopyRight_MobileCms_v1.2\admin\Lib\Action\BaseAction.class.php 第 58 行.
SQL: SHOW COLUMNS FROM `cms_admin` [ RunTime:0.003000s ]
INFO: [ view_template ] --START--
INFO: Run LocationTemplate Behavior [ RunTime:0.001000s ]
INFO: [ view_template ] --END-- [ RunTime:0.001000s ]
INFO: [ view_parse ] --START--
INFO: Run ParseTemplate Behavior [ RunTime:0.007000s ]
INFO: [ view_parse ] --END-- [ RunTime:0.008001s ]
INFO: [ view_filter ] --START--
INFO: Run ContentReplace Behavior [ RunTime:0.000000s ]
INFO: Run TokenBuild Behavior [ RunTime:0.001000s ]
INFO: Run WriteHtmlCache Behavior [ RunTime:0.000000s ]
INFO: Run ShowRuntime Behavior [ RunTime:0.001000s ]
INFO: [ view_filter ] --END-- [ RunTime:0.002000s ]
INFO: [ view_end ] --START--
INFO: Run ShowPageTrace Behavior [ RunTime:0.000000s ]
INFO: [ view_end ] --END-- [ RunTime:0.001000s ]

[ 2014-08-22T17:17:50+08:00 ] 127.0.0.1 /jieqiangCopyRight_MobileCms_v1.2/admin.php?m=Public&a=verify&rand=1408699070
INFO: [ app_begin ] --START--
INFO: Run ReadHtmlCache Behavior [ RunTime:0.001000s ]
INFO: Run CheckLang Behavior [ RunTime:0.002000s ]
INFO: [ app_begin ] --END-- [ RunTime:0.004000s ]
NOTIC: [8] Undefined index: admin_info D:\WWW\jieqiangCopyRight_MobileCms_v1.2\admin\Lib\Action\BaseAction.class.php 第 72 行.
NOTIC: [8] Undefined index: admin_info D:\WWW\jieqiangCopyRight_MobileCms_v1.2\admin\Lib\Action\BaseAction.class.php 第 33 行.
SQL: SHOW COLUMNS FROM `cms_role` [ RunTime:0.003000s ]
NOTIC: [8] Undefined index: admin_info D:\WWW\jieqiangCopyRight_MobileCms_v1.2\admin\Lib\Action\BaseAction.class.php 第 37 行.
SQL: SELECT `name`,`status`,`remark`,`create_time`,`update_time` FROM `cms_role` WHERE ( id= ) LIMIT 1   [ RunTime:0.000000s ]
ERR: You have an error in your SQL syntax; check the manual that corresponds to your MySQL server version for the right syntax to use near ') LIMIT 1' at line 1
 [ SQL语句 ] : SELECT `name`,`status`,`remark`,`create_time`,`update_time` FROM `cms_role` WHERE ( id= ) LIMIT 1  
SQL: SHOW COLUMNS FROM `cms_group` [ RunTime:0.003001s ]
SQL: SELECT `id`,`title` FROM `cms_group` WHERE ( status=1 ) ORDER BY sort ASC  [ RunTime:0.000000s ]
SQL: SHOW COLUMNS FROM `cms_setting` [ RunTime:0.002000s ]
SQL: SELECT * FROM `cms_setting`  [ RunTime:0.000000s ]
NOTIC: [8] Undefined index: iframe D:\WWW\jieqiangCopyRight_MobileCms_v1.2\admin\Lib\Action\BaseAction.class.php 第 58 行.

[ 2014-08-22T17:17:51+08:00 ] 127.0.0.1 /jieqiangCopyRight_MobileCms_v1.2/admin.php?m=Public&a=login
INFO: [ app_begin ] --START--
INFO: Run ReadHtmlCache Behavior [ RunTime:0.001000s ]
INFO: Run CheckLang Behavior [ RunTime:0.001000s ]
INFO: [ app_begin ] --END-- [ RunTime:0.003000s ]
NOTIC: [8] Undefined index: admin_info D:\WWW\jieqiangCopyRight_MobileCms_v1.2\admin\Lib\Action\BaseAction.class.php 第 72 行.
NOTIC: [8] Undefined index: admin_info D:\WWW\jieqiangCopyRight_MobileCms_v1.2\admin\Lib\Action\BaseAction.class.php 第 33 行.
SQL: SHOW COLUMNS FROM `cms_role` [ RunTime:0.002000s ]
NOTIC: [8] Undefined index: admin_info D:\WWW\jieqiangCopyRight_MobileCms_v1.2\admin\Lib\Action\BaseAction.class.php 第 37 行.
SQL: SELECT `name`,`status`,`remark`,`create_time`,`update_time` FROM `cms_role` WHERE ( id= ) LIMIT 1   [ RunTime:0.000000s ]
ERR: You have an error in your SQL syntax; check the manual that corresponds to your MySQL server version for the right syntax to use near ') LIMIT 1' at line 1
 [ SQL语句 ] : SELECT `name`,`status`,`remark`,`create_time`,`update_time` FROM `cms_role` WHERE ( id= ) LIMIT 1  
SQL: SHOW COLUMNS FROM `cms_group` [ RunTime:0.003000s ]
SQL: SELECT `id`,`title` FROM `cms_group` WHERE ( status=1 ) ORDER BY sort ASC  [ RunTime:0.001000s ]
SQL: SHOW COLUMNS FROM `cms_setting` [ RunTime:0.002000s ]
SQL: SELECT * FROM `cms_setting`  [ RunTime:0.001000s ]
NOTIC: [8] Undefined index: iframe D:\WWW\jieqiangCopyRight_MobileCms_v1.2\admin\Lib\Action\BaseAction.class.php 第 58 行.
SQL: SHOW COLUMNS FROM `cms_admin` [ RunTime:0.003000s ]
INFO: [ view_template ] --START--
INFO: Run LocationTemplate Behavior [ RunTime:0.002000s ]
INFO: [ view_template ] --END-- [ RunTime:0.002000s ]
INFO: [ view_parse ] --START--
INFO: Run ParseTemplate Behavior [ RunTime:0.009001s ]
INFO: [ view_parse ] --END-- [ RunTime:0.009001s ]
INFO: [ view_filter ] --START--
INFO: Run ContentReplace Behavior [ RunTime:0.000000s ]
INFO: Run TokenBuild Behavior [ RunTime:0.000000s ]
INFO: Run WriteHtmlCache Behavior [ RunTime:0.002000s ]
INFO: Run ShowRuntime Behavior [ RunTime:0.001000s ]
INFO: [ view_filter ] --END-- [ RunTime:0.005000s ]
INFO: [ view_end ] --START--
INFO: Run ShowPageTrace Behavior [ RunTime:0.001000s ]
INFO: [ view_end ] --END-- [ RunTime:0.001000s ]

[ 2014-08-22T17:17:51+08:00 ] 127.0.0.1 /jieqiangCopyRight_MobileCms_v1.2/admin.php?m=Public&a=verify&rand=1408699071
INFO: [ app_begin ] --START--
INFO: Run ReadHtmlCache Behavior [ RunTime:0.001000s ]
INFO: Run CheckLang Behavior [ RunTime:0.002000s ]
INFO: [ app_begin ] --END-- [ RunTime:0.003000s ]
NOTIC: [8] Undefined index: admin_info D:\WWW\jieqiangCopyRight_MobileCms_v1.2\admin\Lib\Action\BaseAction.class.php 第 72 行.
NOTIC: [8] Undefined index: admin_info D:\WWW\jieqiangCopyRight_MobileCms_v1.2\admin\Lib\Action\BaseAction.class.php 第 33 行.
SQL: SHOW COLUMNS FROM `cms_role` [ RunTime:0.004000s ]
NOTIC: [8] Undefined index: admin_info D:\WWW\jieqiangCopyRight_MobileCms_v1.2\admin\Lib\Action\BaseAction.class.php 第 37 行.
SQL: SELECT `name`,`status`,`remark`,`create_time`,`update_time` FROM `cms_role` WHERE ( id= ) LIMIT 1   [ RunTime:0.001000s ]
ERR: You have an error in your SQL syntax; check the manual that corresponds to your MySQL server version for the right syntax to use near ') LIMIT 1' at line 1
 [ SQL语句 ] : SELECT `name`,`status`,`remark`,`create_time`,`update_time` FROM `cms_role` WHERE ( id= ) LIMIT 1  
SQL: SHOW COLUMNS FROM `cms_group` [ RunTime:0.003000s ]
SQL: SELECT `id`,`title` FROM `cms_group` WHERE ( status=1 ) ORDER BY sort ASC  [ RunTime:0.001000s ]
SQL: SHOW COLUMNS FROM `cms_setting` [ RunTime:0.002001s ]
SQL: SELECT * FROM `cms_setting`  [ RunTime:0.002000s ]
NOTIC: [8] Undefined index: iframe D:\WWW\jieqiangCopyRight_MobileCms_v1.2\admin\Lib\Action\BaseAction.class.php 第 58 行.

[ 2014-08-22T17:18:08+08:00 ] 127.0.0.1 /jieqiangCopyRight_MobileCms_v1.2/admin.php?m=Public&a=login
INFO: [ app_begin ] --START--
INFO: Run ReadHtmlCache Behavior [ RunTime:0.001000s ]
INFO: Run CheckLang Behavior [ RunTime:0.001000s ]
INFO: [ app_begin ] --END-- [ RunTime:0.002000s ]
NOTIC: [8] Undefined index: admin_info D:\WWW\jieqiangCopyRight_MobileCms_v1.2\admin\Lib\Action\BaseAction.class.php 第 72 行.
NOTIC: [8] Undefined index: admin_info D:\WWW\jieqiangCopyRight_MobileCms_v1.2\admin\Lib\Action\BaseAction.class.php 第 33 行.
SQL: SHOW COLUMNS FROM `cms_role` [ RunTime:0.003000s ]
NOTIC: [8] Undefined index: admin_info D:\WWW\jieqiangCopyRight_MobileCms_v1.2\admin\Lib\Action\BaseAction.class.php 第 37 行.
SQL: SELECT `name`,`status`,`remark`,`create_time`,`update_time` FROM `cms_role` WHERE ( id= ) LIMIT 1   [ RunTime:0.001000s ]
ERR: You have an error in your SQL syntax; check the manual that corresponds to your MySQL server version for the right syntax to use near ') LIMIT 1' at line 1
 [ SQL语句 ] : SELECT `name`,`status`,`remark`,`create_time`,`update_time` FROM `cms_role` WHERE ( id= ) LIMIT 1  
SQL: SHOW COLUMNS FROM `cms_group` [ RunTime:0.003001s ]
SQL: SELECT `id`,`title` FROM `cms_group` WHERE ( status=1 ) ORDER BY sort ASC  [ RunTime:0.001000s ]
SQL: SHOW COLUMNS FROM `cms_setting` [ RunTime:0.003000s ]
SQL: SELECT * FROM `cms_setting`  [ RunTime:0.001000s ]
NOTIC: [8] Undefined index: iframe D:\WWW\jieqiangCopyRight_MobileCms_v1.2\admin\Lib\Action\BaseAction.class.php 第 58 行.
SQL: SHOW COLUMNS FROM `cms_admin` [ RunTime:0.005000s ]
INFO: [ view_template ] --START--
INFO: Run LocationTemplate Behavior [ RunTime:0.001000s ]
INFO: [ view_template ] --END-- [ RunTime:0.001000s ]
INFO: [ view_parse ] --START--
INFO: Run ParseTemplate Behavior [ RunTime:0.007001s ]
INFO: [ view_parse ] --END-- [ RunTime:0.007001s ]
INFO: [ view_filter ] --START--
INFO: Run ContentReplace Behavior [ RunTime:0.001000s ]
INFO: Run TokenBuild Behavior [ RunTime:0.000000s ]
INFO: Run WriteHtmlCache Behavior [ RunTime:0.001000s ]
INFO: Run ShowRuntime Behavior [ RunTime:0.000000s ]
INFO: [ view_filter ] --END-- [ RunTime:0.002000s ]
INFO: [ view_end ] --START--
INFO: Run ShowPageTrace Behavior [ RunTime:0.001000s ]
INFO: [ view_end ] --END-- [ RunTime:0.001000s ]

[ 2014-08-22T17:18:08+08:00 ] 127.0.0.1 /jieqiangCopyRight_MobileCms_v1.2/admin.php?m=Public&a=verify&rand=1408699088
INFO: [ app_begin ] --START--
INFO: Run ReadHtmlCache Behavior [ RunTime:0.000000s ]
INFO: Run CheckLang Behavior [ RunTime:0.002000s ]
INFO: [ app_begin ] --END-- [ RunTime:0.002000s ]
NOTIC: [8] Undefined index: admin_info D:\WWW\jieqiangCopyRight_MobileCms_v1.2\admin\Lib\Action\BaseAction.class.php 第 72 行.
NOTIC: [8] Undefined index: admin_info D:\WWW\jieqiangCopyRight_MobileCms_v1.2\admin\Lib\Action\BaseAction.class.php 第 33 行.
SQL: SHOW COLUMNS FROM `cms_role` [ RunTime:0.004000s ]
NOTIC: [8] Undefined index: admin_info D:\WWW\jieqiangCopyRight_MobileCms_v1.2\admin\Lib\Action\BaseAction.class.php 第 37 行.
SQL: SELECT `name`,`status`,`remark`,`create_time`,`update_time` FROM `cms_role` WHERE ( id= ) LIMIT 1   [ RunTime:0.002000s ]
ERR: You have an error in your SQL syntax; check the manual that corresponds to your MySQL server version for the right syntax to use near ') LIMIT 1' at line 1
 [ SQL语句 ] : SELECT `name`,`status`,`remark`,`create_time`,`update_time` FROM `cms_role` WHERE ( id= ) LIMIT 1  
SQL: SHOW COLUMNS FROM `cms_group` [ RunTime:0.004000s ]
SQL: SELECT `id`,`title` FROM `cms_group` WHERE ( status=1 ) ORDER BY sort ASC  [ RunTime:0.001000s ]
SQL: SHOW COLUMNS FROM `cms_setting` [ RunTime:0.003001s ]
SQL: SELECT * FROM `cms_setting`  [ RunTime:0.001000s ]
NOTIC: [8] Undefined index: iframe D:\WWW\jieqiangCopyRight_MobileCms_v1.2\admin\Lib\Action\BaseAction.class.php 第 58 行.

[ 2014-08-22T17:18:09+08:00 ] 127.0.0.1 /jieqiangCopyRight_MobileCms_v1.2/admin.php?m=Public&a=login
INFO: [ app_begin ] --START--
INFO: Run ReadHtmlCache Behavior [ RunTime:0.000000s ]
INFO: Run CheckLang Behavior [ RunTime:0.002000s ]
INFO: [ app_begin ] --END-- [ RunTime:0.003001s ]
NOTIC: [8] Undefined index: admin_info D:\WWW\jieqiangCopyRight_MobileCms_v1.2\admin\Lib\Action\BaseAction.class.php 第 72 行.
NOTIC: [8] Undefined index: admin_info D:\WWW\jieqiangCopyRight_MobileCms_v1.2\admin\Lib\Action\BaseAction.class.php 第 33 行.
SQL: SHOW COLUMNS FROM `cms_role` [ RunTime:0.003001s ]
NOTIC: [8] Undefined index: admin_info D:\WWW\jieqiangCopyRight_MobileCms_v1.2\admin\Lib\Action\BaseAction.class.php 第 37 行.
SQL: SELECT `name`,`status`,`remark`,`create_time`,`update_time` FROM `cms_role` WHERE ( id= ) LIMIT 1   [ RunTime:0.001000s ]
ERR: You have an error in your SQL syntax; check the manual that corresponds to your MySQL server version for the right syntax to use near ') LIMIT 1' at line 1
 [ SQL语句 ] : SELECT `name`,`status`,`remark`,`create_time`,`update_time` FROM `cms_role` WHERE ( id= ) LIMIT 1  
SQL: SHOW COLUMNS FROM `cms_group` [ RunTime:0.002000s ]
SQL: SELECT `id`,`title` FROM `cms_group` WHERE ( status=1 ) ORDER BY sort ASC  [ RunTime:0.001000s ]
SQL: SHOW COLUMNS FROM `cms_setting` [ RunTime:0.003000s ]
SQL: SELECT * FROM `cms_setting`  [ RunTime:0.001000s ]
NOTIC: [8] Undefined index: iframe D:\WWW\jieqiangCopyRight_MobileCms_v1.2\admin\Lib\Action\BaseAction.class.php 第 58 行.
SQL: SHOW COLUMNS FROM `cms_admin` [ RunTime:0.003000s ]
INFO: [ view_template ] --START--
INFO: Run LocationTemplate Behavior [ RunTime:0.001000s ]
INFO: [ view_template ] --END-- [ RunTime:0.001000s ]
INFO: [ view_parse ] --START--
INFO: Run ParseTemplate Behavior [ RunTime:0.008001s ]
INFO: [ view_parse ] --END-- [ RunTime:0.008001s ]
INFO: [ view_filter ] --START--
INFO: Run ContentReplace Behavior [ RunTime:0.001000s ]
INFO: Run TokenBuild Behavior [ RunTime:0.000000s ]
INFO: Run WriteHtmlCache Behavior [ RunTime:0.001000s ]
INFO: Run ShowRuntime Behavior [ RunTime:0.000000s ]
INFO: [ view_filter ] --END-- [ RunTime:0.002000s ]
INFO: [ view_end ] --START--
INFO: Run ShowPageTrace Behavior [ RunTime:0.000000s ]
INFO: [ view_end ] --END-- [ RunTime:0.000000s ]

[ 2014-08-22T17:18:09+08:00 ] 127.0.0.1 /jieqiangCopyRight_MobileCms_v1.2/admin.php?m=Public&a=verify&rand=1408699089
INFO: [ app_begin ] --START--
INFO: Run ReadHtmlCache Behavior [ RunTime:0.002000s ]
INFO: Run CheckLang Behavior [ RunTime:0.003001s ]
INFO: [ app_begin ] --END-- [ RunTime:0.005001s ]
NOTIC: [8] Undefined index: admin_info D:\WWW\jieqiangCopyRight_MobileCms_v1.2\admin\Lib\Action\BaseAction.class.php 第 72 行.
NOTIC: [8] Undefined index: admin_info D:\WWW\jieqiangCopyRight_MobileCms_v1.2\admin\Lib\Action\BaseAction.class.php 第 33 行.
SQL: SHOW COLUMNS FROM `cms_role` [ RunTime:0.003000s ]
NOTIC: [8] Undefined index: admin_info D:\WWW\jieqiangCopyRight_MobileCms_v1.2\admin\Lib\Action\BaseAction.class.php 第 37 行.
SQL: SELECT `name`,`status`,`remark`,`create_time`,`update_time` FROM `cms_role` WHERE ( id= ) LIMIT 1   [ RunTime:0.000000s ]
ERR: You have an error in your SQL syntax; check the manual that corresponds to your MySQL server version for the right syntax to use near ') LIMIT 1' at line 1
 [ SQL语句 ] : SELECT `name`,`status`,`remark`,`create_time`,`update_time` FROM `cms_role` WHERE ( id= ) LIMIT 1  
SQL: SHOW COLUMNS FROM `cms_group` [ RunTime:0.003000s ]
SQL: SELECT `id`,`title` FROM `cms_group` WHERE ( status=1 ) ORDER BY sort ASC  [ RunTime:0.000000s ]
SQL: SHOW COLUMNS FROM `cms_setting` [ RunTime:0.003000s ]
SQL: SELECT * FROM `cms_setting`  [ RunTime:0.001000s ]
NOTIC: [8] Undefined index: iframe D:\WWW\jieqiangCopyRight_MobileCms_v1.2\admin\Lib\Action\BaseAction.class.php 第 58 行.

[ 2014-08-22T17:18:11+08:00 ] 127.0.0.1 /jieqiangCopyRight_MobileCms_v1.2/admin.php?m=Public&a=login
INFO: [ app_begin ] --START--
INFO: Run ReadHtmlCache Behavior [ RunTime:0.001000s ]
INFO: Run CheckLang Behavior [ RunTime:0.002000s ]
INFO: [ app_begin ] --END-- [ RunTime:0.003000s ]
NOTIC: [8] Undefined index: admin_info D:\WWW\jieqiangCopyRight_MobileCms_v1.2\admin\Lib\Action\BaseAction.class.php 第 72 行.
NOTIC: [8] Undefined index: admin_info D:\WWW\jieqiangCopyRight_MobileCms_v1.2\admin\Lib\Action\BaseAction.class.php 第 33 行.
SQL: SHOW COLUMNS FROM `cms_role` [ RunTime:0.004000s ]
NOTIC: [8] Undefined index: admin_info D:\WWW\jieqiangCopyRight_MobileCms_v1.2\admin\Lib\Action\BaseAction.class.php 第 37 行.
SQL: SELECT `name`,`status`,`remark`,`create_time`,`update_time` FROM `cms_role` WHERE ( id= ) LIMIT 1   [ RunTime:0.000000s ]
ERR: You have an error in your SQL syntax; check the manual that corresponds to your MySQL server version for the right syntax to use near ') LIMIT 1' at line 1
 [ SQL语句 ] : SELECT `name`,`status`,`remark`,`create_time`,`update_time` FROM `cms_role` WHERE ( id= ) LIMIT 1  
SQL: SHOW COLUMNS FROM `cms_group` [ RunTime:0.003000s ]
SQL: SELECT `id`,`title` FROM `cms_group` WHERE ( status=1 ) ORDER BY sort ASC  [ RunTime:0.000000s ]
SQL: SHOW COLUMNS FROM `cms_setting` [ RunTime:0.002000s ]
SQL: SELECT * FROM `cms_setting`  [ RunTime:0.001001s ]
NOTIC: [8] Undefined index: iframe D:\WWW\jieqiangCopyRight_MobileCms_v1.2\admin\Lib\Action\BaseAction.class.php 第 58 行.
SQL: SHOW COLUMNS FROM `cms_admin` [ RunTime:0.005000s ]
INFO: [ view_template ] --START--
INFO: Run LocationTemplate Behavior [ RunTime:0.001000s ]
INFO: [ view_template ] --END-- [ RunTime:0.002000s ]
INFO: [ view_parse ] --START--
INFO: Run ParseTemplate Behavior [ RunTime:0.010001s ]
INFO: [ view_parse ] --END-- [ RunTime:0.010001s ]
INFO: [ view_filter ] --START--
INFO: Run ContentReplace Behavior [ RunTime:0.002000s ]
INFO: Run TokenBuild Behavior [ RunTime:0.001000s ]
INFO: Run WriteHtmlCache Behavior [ RunTime:0.001000s ]
INFO: Run ShowRuntime Behavior [ RunTime:0.001000s ]
INFO: [ view_filter ] --END-- [ RunTime:0.005000s ]
INFO: [ view_end ] --START--
INFO: Run ShowPageTrace Behavior [ RunTime:0.001000s ]
INFO: [ view_end ] --END-- [ RunTime:0.001000s ]

[ 2014-08-22T17:18:11+08:00 ] 127.0.0.1 /jieqiangCopyRight_MobileCms_v1.2/admin.php?m=Public&a=verify&rand=1408699091
INFO: [ app_begin ] --START--
INFO: Run ReadHtmlCache Behavior [ RunTime:0.001000s ]
INFO: Run CheckLang Behavior [ RunTime:0.003000s ]
INFO: [ app_begin ] --END-- [ RunTime:0.004000s ]
NOTIC: [8] Undefined index: admin_info D:\WWW\jieqiangCopyRight_MobileCms_v1.2\admin\Lib\Action\BaseAction.class.php 第 72 行.
NOTIC: [8] Undefined index: admin_info D:\WWW\jieqiangCopyRight_MobileCms_v1.2\admin\Lib\Action\BaseAction.class.php 第 33 行.
SQL: SHOW COLUMNS FROM `cms_role` [ RunTime:0.004000s ]
NOTIC: [8] Undefined index: admin_info D:\WWW\jieqiangCopyRight_MobileCms_v1.2\admin\Lib\Action\BaseAction.class.php 第 37 行.
SQL: SELECT `name`,`status`,`remark`,`create_time`,`update_time` FROM `cms_role` WHERE ( id= ) LIMIT 1   [ RunTime:0.000000s ]
ERR: You have an error in your SQL syntax; check the manual that corresponds to your MySQL server version for the right syntax to use near ') LIMIT 1' at line 1
 [ SQL语句 ] : SELECT `name`,`status`,`remark`,`create_time`,`update_time` FROM `cms_role` WHERE ( id= ) LIMIT 1  
SQL: SHOW COLUMNS FROM `cms_group` [ RunTime:0.004001s ]
SQL: SELECT `id`,`title` FROM `cms_group` WHERE ( status=1 ) ORDER BY sort ASC  [ RunTime:0.001000s ]
SQL: SHOW COLUMNS FROM `cms_setting` [ RunTime:0.005000s ]
SQL: SELECT * FROM `cms_setting`  [ RunTime:0.000000s ]
NOTIC: [8] Undefined index: iframe D:\WWW\jieqiangCopyRight_MobileCms_v1.2\admin\Lib\Action\BaseAction.class.php 第 58 行.

