[ 2015-11-27T10:28:50+08:00 ] 127.0.0.1 /jieqiang_lyb/admin.php?m=Public&a=login
INFO: [ app_begin ] --START--
INFO: Run ReadHtmlCache Behavior [ RunTime:0.001000s ]
INFO: Run CheckLang Behavior [ RunTime:0.001000s ]
INFO: [ app_begin ] --END-- [ RunTime:0.002000s ]
NOTIC: [8] Undefined index: admin_info D:\WWW\jieqiang_lyb\admin\Lib\Action\BaseAction.class.php 第 114 行.
NOTIC: [8] Undefined index: admin_info D:\WWW\jieqiang_lyb\admin\Lib\Action\BaseAction.class.php 第 36 行.
SQL: SHOW COLUMNS FROM `cms_role` [ RunTime:0.008001s ]
NOTIC: [8] Undefined index: admin_info D:\WWW\jieqiang_lyb\admin\Lib\Action\BaseAction.class.php 第 40 行.
SQL: SELECT `name`,`status`,`remark`,`create_time`,`update_time` FROM `cms_role` WHERE ( id= ) LIMIT 1   [ RunTime:0.000000s ]
ERR: You have an error in your SQL syntax; check the manual that corresponds to your MySQL server version for the right syntax to use near ') LIMIT 1' at line 1
 [ SQL语句 ] : SELECT `name`,`status`,`remark`,`create_time`,`update_time` FROM `cms_role` WHERE ( id= ) LIMIT 1  
SQL: SHOW COLUMNS FROM `cms_group` [ RunTime:0.005000s ]
SQL: SHOW COLUMNS FROM `cms_admin` [ RunTime:0.006000s ]
NOTIC: [8] Undefined index: admin_info D:\WWW\jieqiang_lyb\admin\Lib\Action\BaseAction.class.php 第 50 行.
SQL: SELECT `role_id` FROM `cms_admin` WHERE ( id= ) LIMIT 1   [ RunTime:0.000000s ]
ERR: You have an error in your SQL syntax; check the manual that corresponds to your MySQL server version for the right syntax to use near ') LIMIT 1' at line 1
 [ SQL语句 ] : SELECT `role_id` FROM `cms_admin` WHERE ( id= ) LIMIT 1  
SQL: SHOW COLUMNS FROM `cms_access` [ RunTime:0.005000s ]
SQL: SELECT `node_id` FROM `cms_access` WHERE ( role_id= )  [ RunTime:0.000000s ]
ERR: You have an error in your SQL syntax; check the manual that corresponds to your MySQL server version for the right syntax to use near ')' at line 1
 [ SQL语句 ] : SELECT `node_id` FROM `cms_access` WHERE ( role_id= ) 
NOTIC: [2] Invalid argument supplied for foreach() D:\WWW\jieqiang_lyb\admin\Lib\Action\BaseAction.class.php 第 54 行.
NOTIC: [8] Undefined index: admin_info D:\WWW\jieqiang_lyb\admin\Lib\Action\BaseAction.class.php 第 64 行.
SQL: SHOW COLUMNS FROM `cms_node` [ RunTime:0.010000s ]
SQL: SELECT DISTINCT  `group_id` FROM `cms_node` WHERE ( auth_type<>2 AND status=1 AND is_show=0 AND id in () ) ORDER BY sort DESC  [ RunTime:0.000000s ]
ERR: You have an error in your SQL syntax; check the manual that corresponds to your MySQL server version for the right syntax to use near ') ) ORDER BY sort DESC' at line 1
 [ SQL语句 ] : SELECT DISTINCT  `group_id` FROM `cms_node` WHERE ( auth_type<>2 AND status=1 AND is_show=0 AND id in () ) ORDER BY sort DESC 
SQL: SELECT `id`,`title` FROM `cms_group` WHERE ( status=1 AND id =  ) ORDER BY sort ASC  [ RunTime:0.000000s ]
ERR: You have an error in your SQL syntax; check the manual that corresponds to your MySQL server version for the right syntax to use near ') ORDER BY sort ASC' at line 1
 [ SQL语句 ] : SELECT `id`,`title` FROM `cms_group` WHERE ( status=1 AND id =  ) ORDER BY sort ASC 
SQL: SHOW COLUMNS FROM `cms_setting` [ RunTime:0.005001s ]
SQL: SELECT * FROM `cms_setting`  [ RunTime:0.001000s ]
NOTIC: [8] Undefined index: iframe D:\WWW\jieqiang_lyb\admin\Lib\Action\BaseAction.class.php 第 100 行.
SQL: SHOW COLUMNS FROM `cms_admin` [ RunTime:0.005001s ]
INFO: [ view_template ] --START--
INFO: Run LocationTemplate Behavior [ RunTime:0.000000s ]
INFO: [ view_template ] --END-- [ RunTime:0.000000s ]
INFO: [ view_parse ] --START--
INFO: Run ParseTemplate Behavior [ RunTime:0.019001s ]
INFO: [ view_parse ] --END-- [ RunTime:0.019001s ]
INFO: [ view_filter ] --START--
INFO: Run ContentReplace Behavior [ RunTime:0.001000s ]
INFO: Run TokenBuild Behavior [ RunTime:0.000000s ]
INFO: Run WriteHtmlCache Behavior [ RunTime:0.000000s ]
INFO: Run ShowRuntime Behavior [ RunTime:0.001000s ]
INFO: [ view_filter ] --END-- [ RunTime:0.002000s ]
INFO: [ view_end ] --START--
INFO: Run ShowPageTrace Behavior [ RunTime:0.000000s ]
INFO: [ view_end ] --END-- [ RunTime:0.000000s ]

[ 2015-11-27T10:28:51+08:00 ] 127.0.0.1 /jieqiang_lyb/admin.php?m=Public&a=verify&rand=1448591330
INFO: [ app_begin ] --START--
INFO: Run ReadHtmlCache Behavior [ RunTime:0.000000s ]
INFO: Run CheckLang Behavior [ RunTime:0.001000s ]
INFO: [ app_begin ] --END-- [ RunTime:0.001000s ]
NOTIC: [8] Undefined index: admin_info D:\WWW\jieqiang_lyb\admin\Lib\Action\BaseAction.class.php 第 114 行.
NOTIC: [8] Undefined index: admin_info D:\WWW\jieqiang_lyb\admin\Lib\Action\BaseAction.class.php 第 36 行.
SQL: SHOW COLUMNS FROM `cms_role` [ RunTime:0.007000s ]
NOTIC: [8] Undefined index: admin_info D:\WWW\jieqiang_lyb\admin\Lib\Action\BaseAction.class.php 第 40 行.
SQL: SELECT `name`,`status`,`remark`,`create_time`,`update_time` FROM `cms_role` WHERE ( id= ) LIMIT 1   [ RunTime:0.001001s ]
ERR: You have an error in your SQL syntax; check the manual that corresponds to your MySQL server version for the right syntax to use near ') LIMIT 1' at line 1
 [ SQL语句 ] : SELECT `name`,`status`,`remark`,`create_time`,`update_time` FROM `cms_role` WHERE ( id= ) LIMIT 1  
SQL: SHOW COLUMNS FROM `cms_group` [ RunTime:0.005000s ]
SQL: SHOW COLUMNS FROM `cms_admin` [ RunTime:0.006000s ]
NOTIC: [8] Undefined index: admin_info D:\WWW\jieqiang_lyb\admin\Lib\Action\BaseAction.class.php 第 50 行.
SQL: SELECT `role_id` FROM `cms_admin` WHERE ( id= ) LIMIT 1   [ RunTime:0.000000s ]
ERR: You have an error in your SQL syntax; check the manual that corresponds to your MySQL server version for the right syntax to use near ') LIMIT 1' at line 1
 [ SQL语句 ] : SELECT `role_id` FROM `cms_admin` WHERE ( id= ) LIMIT 1  
SQL: SHOW COLUMNS FROM `cms_access` [ RunTime:0.005001s ]
SQL: SELECT `node_id` FROM `cms_access` WHERE ( role_id= )  [ RunTime:0.001000s ]
ERR: You have an error in your SQL syntax; check the manual that corresponds to your MySQL server version for the right syntax to use near ')' at line 1
 [ SQL语句 ] : SELECT `node_id` FROM `cms_access` WHERE ( role_id= ) 
NOTIC: [2] Invalid argument supplied for foreach() D:\WWW\jieqiang_lyb\admin\Lib\Action\BaseAction.class.php 第 54 行.
NOTIC: [8] Undefined index: admin_info D:\WWW\jieqiang_lyb\admin\Lib\Action\BaseAction.class.php 第 64 行.
SQL: SHOW COLUMNS FROM `cms_node` [ RunTime:0.013000s ]
SQL: SELECT DISTINCT  `group_id` FROM `cms_node` WHERE ( auth_type<>2 AND status=1 AND is_show=0 AND id in () ) ORDER BY sort DESC  [ RunTime:0.000000s ]
ERR: You have an error in your SQL syntax; check the manual that corresponds to your MySQL server version for the right syntax to use near ') ) ORDER BY sort DESC' at line 1
 [ SQL语句 ] : SELECT DISTINCT  `group_id` FROM `cms_node` WHERE ( auth_type<>2 AND status=1 AND is_show=0 AND id in () ) ORDER BY sort DESC 
SQL: SELECT `id`,`title` FROM `cms_group` WHERE ( status=1 AND id =  ) ORDER BY sort ASC  [ RunTime:0.002001s ]
ERR: You have an error in your SQL syntax; check the manual that corresponds to your MySQL server version for the right syntax to use near ') ORDER BY sort ASC' at line 1
 [ SQL语句 ] : SELECT `id`,`title` FROM `cms_group` WHERE ( status=1 AND id =  ) ORDER BY sort ASC 
SQL: SHOW COLUMNS FROM `cms_setting` [ RunTime:0.009000s ]
SQL: SELECT * FROM `cms_setting`  [ RunTime:0.001000s ]
NOTIC: [8] Undefined index: iframe D:\WWW\jieqiang_lyb\admin\Lib\Action\BaseAction.class.php 第 100 行.

[ 2015-11-27T10:28:57+08:00 ] 127.0.0.1 /jieqiang_lyb/admin.php?m=Index&a=index
INFO: [ app_begin ] --START--
INFO: Run ReadHtmlCache Behavior [ RunTime:0.001001s ]
INFO: Run CheckLang Behavior [ RunTime:0.001000s ]
INFO: [ app_begin ] --END-- [ RunTime:0.002001s ]
SQL: SHOW COLUMNS FROM `cms_role` [ RunTime:0.008001s ]
SQL: SELECT `name`,`status`,`remark`,`create_time`,`update_time` FROM `cms_role` WHERE ( id=1 ) LIMIT 1   [ RunTime:0.000000s ]
SQL: SHOW COLUMNS FROM `cms_group` [ RunTime:0.008000s ]
SQL: SHOW COLUMNS FROM `cms_admin` [ RunTime:0.005001s ]
SQL: SELECT `role_id` FROM `cms_admin` WHERE ( id=1 ) LIMIT 1   [ RunTime:0.000000s ]
SQL: SHOW COLUMNS FROM `cms_access` [ RunTime:0.007000s ]
SQL: SELECT `node_id` FROM `cms_access` WHERE ( role_id=1 )  [ RunTime:0.001000s ]
NOTIC: [2] Invalid argument supplied for foreach() D:\WWW\jieqiang_lyb\admin\Lib\Action\BaseAction.class.php 第 54 行.
SQL: SHOW COLUMNS FROM `cms_node` [ RunTime:0.006000s ]
SQL: SELECT DISTINCT  `group_id` FROM `cms_node` WHERE ( auth_type<>2 AND status=1 AND is_show=0  ) ORDER BY sort DESC  [ RunTime:0.034002s ]
SQL: SELECT `id`,`title` FROM `cms_group` WHERE ( status=1 AND id in (4,1,27,9,8) ) ORDER BY sort ASC  [ RunTime:0.001000s ]
SQL: SHOW COLUMNS FROM `cms_setting` [ RunTime:0.007001s ]
SQL: SELECT * FROM `cms_setting`  [ RunTime:0.001000s ]
NOTIC: [8] Undefined index: iframe D:\WWW\jieqiang_lyb\admin\Lib\Action\BaseAction.class.php 第 100 行.
INFO: [ view_template ] --START--
INFO: Run LocationTemplate Behavior [ RunTime:0.001000s ]
INFO: [ view_template ] --END-- [ RunTime:0.001000s ]
INFO: [ view_parse ] --START--
NOTIC: [8] Undefined variable: lang D:\WWW\jieqiang_lyb\admin\Runtime\Cache\3b07957a53ccb31105e96f96aaa794c8.php 第 41 行.
INFO: Run ParseTemplate Behavior [ RunTime:0.008000s ]
INFO: [ view_parse ] --END-- [ RunTime:0.008000s ]
INFO: [ view_filter ] --START--
INFO: Run ContentReplace Behavior [ RunTime:0.001001s ]
INFO: Run TokenBuild Behavior [ RunTime:0.000000s ]
INFO: Run WriteHtmlCache Behavior [ RunTime:0.000000s ]
INFO: Run ShowRuntime Behavior [ RunTime:0.001000s ]
INFO: [ view_filter ] --END-- [ RunTime:0.002001s ]
INFO: [ view_end ] --START--
INFO: Run ShowPageTrace Behavior [ RunTime:0.000000s ]
INFO: [ view_end ] --END-- [ RunTime:0.000000s ]

[ 2015-11-27T10:28:57+08:00 ] 127.0.0.1 /jieqiang_lyb/admin.php?m=Public&a=main
INFO: [ app_begin ] --START--
INFO: Run ReadHtmlCache Behavior [ RunTime:0.001000s ]
INFO: Run CheckLang Behavior [ RunTime:0.000000s ]
INFO: [ app_begin ] --END-- [ RunTime:0.002000s ]
SQL: SHOW COLUMNS FROM `cms_role` [ RunTime:0.018001s ]
SQL: SELECT `name`,`status`,`remark`,`create_time`,`update_time` FROM `cms_role` WHERE ( id=1 ) LIMIT 1   [ RunTime:0.001000s ]
SQL: SHOW COLUMNS FROM `cms_group` [ RunTime:0.007001s ]
SQL: SHOW COLUMNS FROM `cms_admin` [ RunTime:0.007000s ]
SQL: SELECT `role_id` FROM `cms_admin` WHERE ( id=1 ) LIMIT 1   [ RunTime:0.002000s ]
SQL: SHOW COLUMNS FROM `cms_access` [ RunTime:0.006001s ]
SQL: SELECT `node_id` FROM `cms_access` WHERE ( role_id=1 )  [ RunTime:0.000000s ]
NOTIC: [2] Invalid argument supplied for foreach() D:\WWW\jieqiang_lyb\admin\Lib\Action\BaseAction.class.php 第 54 行.
SQL: SHOW COLUMNS FROM `cms_node` [ RunTime:0.009000s ]
SQL: SELECT DISTINCT  `group_id` FROM `cms_node` WHERE ( auth_type<>2 AND status=1 AND is_show=0  ) ORDER BY sort DESC  [ RunTime:0.001000s ]
SQL: SELECT `id`,`title` FROM `cms_group` WHERE ( status=1 AND id in (4,1,27,9,8) ) ORDER BY sort ASC  [ RunTime:0.000000s ]
SQL: SHOW COLUMNS FROM `cms_setting` [ RunTime:0.007001s ]
SQL: SELECT * FROM `cms_setting`  [ RunTime:0.001000s ]
NOTIC: [8] Undefined index: iframe D:\WWW\jieqiang_lyb\admin\Lib\Action\BaseAction.class.php 第 100 行.
INFO: [ view_template ] --START--
INFO: Run LocationTemplate Behavior [ RunTime:0.001000s ]
INFO: [ view_template ] --END-- [ RunTime:0.001000s ]
INFO: [ view_parse ] --START--
NOTIC: [8] Undefined variable: sub_menu D:\WWW\jieqiang_lyb\admin\Runtime\Cache\a9dbfddae3d9003bea342c344a5599ca.php 第 36 行.
NOTIC: [8] Undefined variable: big_menu D:\WWW\jieqiang_lyb\admin\Runtime\Cache\a9dbfddae3d9003bea342c344a5599ca.php 第 36 行.
INFO: Run ParseTemplate Behavior [ RunTime:0.011001s ]
INFO: [ view_parse ] --END-- [ RunTime:0.011001s ]
INFO: [ view_filter ] --START--
INFO: Run ContentReplace Behavior [ RunTime:0.000000s ]
INFO: Run TokenBuild Behavior [ RunTime:0.000000s ]
INFO: Run WriteHtmlCache Behavior [ RunTime:0.001000s ]
INFO: Run ShowRuntime Behavior [ RunTime:0.000000s ]
INFO: [ view_filter ] --END-- [ RunTime:0.001000s ]
INFO: [ view_end ] --START--
INFO: Run ShowPageTrace Behavior [ RunTime:0.001000s ]
INFO: [ view_end ] --END-- [ RunTime:0.001000s ]

[ 2015-11-27T10:28:58+08:00 ] 127.0.0.1 /jieqiang_lyb/admin.php?m=Public&a=menu&tag=4
INFO: [ app_begin ] --START--
INFO: Run ReadHtmlCache Behavior [ RunTime:0.001000s ]
INFO: Run CheckLang Behavior [ RunTime:0.001000s ]
INFO: [ app_begin ] --END-- [ RunTime:0.002000s ]
SQL: SHOW COLUMNS FROM `cms_role` [ RunTime:0.008000s ]
SQL: SELECT `name`,`status`,`remark`,`create_time`,`update_time` FROM `cms_role` WHERE ( id=1 ) LIMIT 1   [ RunTime:0.000000s ]
SQL: SHOW COLUMNS FROM `cms_group` [ RunTime:0.014001s ]
SQL: SHOW COLUMNS FROM `cms_admin` [ RunTime:0.007001s ]
SQL: SELECT `role_id` FROM `cms_admin` WHERE ( id=1 ) LIMIT 1   [ RunTime:0.000000s ]
SQL: SHOW COLUMNS FROM `cms_access` [ RunTime:0.005000s ]
SQL: SELECT `node_id` FROM `cms_access` WHERE ( role_id=1 )  [ RunTime:0.001000s ]
NOTIC: [2] Invalid argument supplied for foreach() D:\WWW\jieqiang_lyb\admin\Lib\Action\BaseAction.class.php 第 54 行.
SQL: SHOW COLUMNS FROM `cms_node` [ RunTime:0.008001s ]
SQL: SELECT DISTINCT  `group_id` FROM `cms_node` WHERE ( auth_type<>2 AND status=1 AND is_show=0  ) ORDER BY sort DESC  [ RunTime:0.001000s ]
SQL: SELECT `id`,`title` FROM `cms_group` WHERE ( status=1 AND id in (4,1,27,9,8) ) ORDER BY sort ASC  [ RunTime:0.001000s ]
SQL: SHOW COLUMNS FROM `cms_setting` [ RunTime:0.005000s ]
SQL: SELECT * FROM `cms_setting`  [ RunTime:0.001000s ]
NOTIC: [8] Undefined index: iframe D:\WWW\jieqiang_lyb\admin\Lib\Action\BaseAction.class.php 第 100 行.
SQL: SELECT `role_id` FROM `cms_admin` WHERE ( id=1 ) LIMIT 1   [ RunTime:0.000000s ]
SQL: SELECT `node_id` FROM `cms_access` WHERE ( role_id=1 )  [ RunTime:0.000000s ]
NOTIC: [2] Invalid argument supplied for foreach() D:\WWW\jieqiang_lyb\admin\Lib\Action\PublicAction.class.php 第 26 行.
SQL: SELECT `id`,`action`,`action_name`,`module`,`module_name`,`data` FROM `cms_node` WHERE ( auth_type<>2 AND status=1 AND is_show=0 AND group_id=4 ) ORDER BY sort DESC  [ RunTime:0.001000s ]
INFO: [ view_template ] --START--
INFO: Run LocationTemplate Behavior [ RunTime:0.000000s ]
INFO: [ view_template ] --END-- [ RunTime:0.000000s ]
INFO: [ view_parse ] --START--
NOTIC: [8] Undefined variable: lang D:\WWW\jieqiang_lyb\admin\Runtime\Cache\56b8f10ffe533cc36c6f50a3d115f8bd.php 第 1 行.
NOTIC: [8] Undefined variable: lang D:\WWW\jieqiang_lyb\admin\Runtime\Cache\56b8f10ffe533cc36c6f50a3d115f8bd.php 第 1 行.
NOTIC: [8] Undefined variable: lang D:\WWW\jieqiang_lyb\admin\Runtime\Cache\56b8f10ffe533cc36c6f50a3d115f8bd.php 第 1 行.
NOTIC: [8] Undefined variable: lang D:\WWW\jieqiang_lyb\admin\Runtime\Cache\56b8f10ffe533cc36c6f50a3d115f8bd.php 第 1 行.
NOTIC: [8] Undefined variable: lang D:\WWW\jieqiang_lyb\admin\Runtime\Cache\56b8f10ffe533cc36c6f50a3d115f8bd.php 第 1 行.
INFO: Run ParseTemplate Behavior [ RunTime:0.027002s ]
INFO: [ view_parse ] --END-- [ RunTime:0.027002s ]
INFO: [ view_filter ] --START--
INFO: Run ContentReplace Behavior [ RunTime:0.000000s ]
INFO: Run TokenBuild Behavior [ RunTime:0.001000s ]
INFO: Run WriteHtmlCache Behavior [ RunTime:0.000000s ]
INFO: Run ShowRuntime Behavior [ RunTime:0.000000s ]
INFO: [ view_filter ] --END-- [ RunTime:0.001000s ]
INFO: [ view_end ] --START--
INFO: Run ShowPageTrace Behavior [ RunTime:0.001000s ]
INFO: [ view_end ] --END-- [ RunTime:0.001000s ]

[ 2015-11-27T10:29:01+08:00 ] 127.0.0.1 /jieqiang_lyb/admin.php?m=Public&a=logout
INFO: [ app_begin ] --START--
INFO: Run ReadHtmlCache Behavior [ RunTime:0.001000s ]
INFO: Run CheckLang Behavior [ RunTime:0.001000s ]
INFO: [ app_begin ] --END-- [ RunTime:0.002000s ]
SQL: SHOW COLUMNS FROM `cms_role` [ RunTime:0.006000s ]
SQL: SELECT `name`,`status`,`remark`,`create_time`,`update_time` FROM `cms_role` WHERE ( id=1 ) LIMIT 1   [ RunTime:0.001000s ]
SQL: SHOW COLUMNS FROM `cms_group` [ RunTime:0.006001s ]
SQL: SHOW COLUMNS FROM `cms_admin` [ RunTime:0.007000s ]
SQL: SELECT `role_id` FROM `cms_admin` WHERE ( id=1 ) LIMIT 1   [ RunTime:0.001000s ]
SQL: SHOW COLUMNS FROM `cms_access` [ RunTime:0.006001s ]
SQL: SELECT `node_id` FROM `cms_access` WHERE ( role_id=1 )  [ RunTime:0.001000s ]
NOTIC: [2] Invalid argument supplied for foreach() D:\WWW\jieqiang_lyb\admin\Lib\Action\BaseAction.class.php 第 54 行.
SQL: SHOW COLUMNS FROM `cms_node` [ RunTime:0.005000s ]
SQL: SELECT DISTINCT  `group_id` FROM `cms_node` WHERE ( auth_type<>2 AND status=1 AND is_show=0  ) ORDER BY sort DESC  [ RunTime:0.001000s ]
SQL: SELECT `id`,`title` FROM `cms_group` WHERE ( status=1 AND id in (4,1,27,9,8) ) ORDER BY sort ASC  [ RunTime:0.001000s ]
SQL: SHOW COLUMNS FROM `cms_setting` [ RunTime:0.009001s ]
SQL: SELECT * FROM `cms_setting`  [ RunTime:0.001000s ]
NOTIC: [8] Undefined index: iframe D:\WWW\jieqiang_lyb\admin\Lib\Action\BaseAction.class.php 第 100 行.
INFO: [ view_template ] --START--
INFO: Run LocationTemplate Behavior [ RunTime:0.001000s ]
INFO: [ view_template ] --END-- [ RunTime:0.001000s ]
INFO: [ view_parse ] --START--
INFO: Run ParseTemplate Behavior [ RunTime:0.007000s ]
INFO: [ view_parse ] --END-- [ RunTime:0.007000s ]
INFO: [ view_filter ] --START--
INFO: Run ContentReplace Behavior [ RunTime:0.000000s ]
INFO: Run TokenBuild Behavior [ RunTime:0.001000s ]
INFO: Run WriteHtmlCache Behavior [ RunTime:0.000000s ]
INFO: Run ShowRuntime Behavior [ RunTime:0.000000s ]
INFO: [ view_filter ] --END-- [ RunTime:0.001000s ]
INFO: [ view_end ] --START--
INFO: Run ShowPageTrace Behavior [ RunTime:0.001000s ]
INFO: [ view_end ] --END-- [ RunTime:0.001000s ]

[ 2015-11-27T10:29:02+08:00 ] 127.0.0.1 /jieqiang_lyb/admin.php?m=Public&a=login
INFO: [ app_begin ] --START--
INFO: Run ReadHtmlCache Behavior [ RunTime:0.001000s ]
INFO: Run CheckLang Behavior [ RunTime:0.000000s ]
INFO: [ app_begin ] --END-- [ RunTime:0.002000s ]
NOTIC: [8] Undefined index: admin_info D:\WWW\jieqiang_lyb\admin\Lib\Action\BaseAction.class.php 第 114 行.
NOTIC: [8] Undefined index: admin_info D:\WWW\jieqiang_lyb\admin\Lib\Action\BaseAction.class.php 第 36 行.
SQL: SHOW COLUMNS FROM `cms_role` [ RunTime:0.012001s ]
NOTIC: [8] Undefined index: admin_info D:\WWW\jieqiang_lyb\admin\Lib\Action\BaseAction.class.php 第 40 行.
SQL: SELECT `name`,`status`,`remark`,`create_time`,`update_time` FROM `cms_role` WHERE ( id= ) LIMIT 1   [ RunTime:0.001000s ]
ERR: You have an error in your SQL syntax; check the manual that corresponds to your MySQL server version for the right syntax to use near ') LIMIT 1' at line 1
 [ SQL语句 ] : SELECT `name`,`status`,`remark`,`create_time`,`update_time` FROM `cms_role` WHERE ( id= ) LIMIT 1  
SQL: SHOW COLUMNS FROM `cms_group` [ RunTime:0.010000s ]
SQL: SHOW COLUMNS FROM `cms_admin` [ RunTime:0.017001s ]
NOTIC: [8] Undefined index: admin_info D:\WWW\jieqiang_lyb\admin\Lib\Action\BaseAction.class.php 第 50 行.
SQL: SELECT `role_id` FROM `cms_admin` WHERE ( id= ) LIMIT 1   [ RunTime:0.001000s ]
ERR: You have an error in your SQL syntax; check the manual that corresponds to your MySQL server version for the right syntax to use near ') LIMIT 1' at line 1
 [ SQL语句 ] : SELECT `role_id` FROM `cms_admin` WHERE ( id= ) LIMIT 1  
SQL: SHOW COLUMNS FROM `cms_access` [ RunTime:0.008001s ]
SQL: SELECT `node_id` FROM `cms_access` WHERE ( role_id= )  [ RunTime:0.001000s ]
ERR: You have an error in your SQL syntax; check the manual that corresponds to your MySQL server version for the right syntax to use near ')' at line 1
 [ SQL语句 ] : SELECT `node_id` FROM `cms_access` WHERE ( role_id= ) 
NOTIC: [2] Invalid argument supplied for foreach() D:\WWW\jieqiang_lyb\admin\Lib\Action\BaseAction.class.php 第 54 行.
NOTIC: [8] Undefined index: admin_info D:\WWW\jieqiang_lyb\admin\Lib\Action\BaseAction.class.php 第 64 行.
SQL: SHOW COLUMNS FROM `cms_node` [ RunTime:0.008000s ]
SQL: SELECT DISTINCT  `group_id` FROM `cms_node` WHERE ( auth_type<>2 AND status=1 AND is_show=0 AND id in () ) ORDER BY sort DESC  [ RunTime:0.001000s ]
ERR: You have an error in your SQL syntax; check the manual that corresponds to your MySQL server version for the right syntax to use near ') ) ORDER BY sort DESC' at line 1
 [ SQL语句 ] : SELECT DISTINCT  `group_id` FROM `cms_node` WHERE ( auth_type<>2 AND status=1 AND is_show=0 AND id in () ) ORDER BY sort DESC 
SQL: SELECT `id`,`title` FROM `cms_group` WHERE ( status=1 AND id =  ) ORDER BY sort ASC  [ RunTime:0.001001s ]
ERR: You have an error in your SQL syntax; check the manual that corresponds to your MySQL server version for the right syntax to use near ') ORDER BY sort ASC' at line 1
 [ SQL语句 ] : SELECT `id`,`title` FROM `cms_group` WHERE ( status=1 AND id =  ) ORDER BY sort ASC 
SQL: SHOW COLUMNS FROM `cms_setting` [ RunTime:0.011000s ]
SQL: SELECT * FROM `cms_setting`  [ RunTime:0.002000s ]
NOTIC: [8] Undefined index: iframe D:\WWW\jieqiang_lyb\admin\Lib\Action\BaseAction.class.php 第 100 行.
SQL: SHOW COLUMNS FROM `cms_admin` [ RunTime:0.007001s ]
INFO: [ view_template ] --START--
INFO: Run LocationTemplate Behavior [ RunTime:0.001000s ]
INFO: [ view_template ] --END-- [ RunTime:0.001000s ]
INFO: [ view_parse ] --START--
INFO: Run ParseTemplate Behavior [ RunTime:0.006000s ]
INFO: [ view_parse ] --END-- [ RunTime:0.006000s ]
INFO: [ view_filter ] --START--
INFO: Run ContentReplace Behavior [ RunTime:0.000000s ]
INFO: Run TokenBuild Behavior [ RunTime:0.000000s ]
INFO: Run WriteHtmlCache Behavior [ RunTime:0.001000s ]
INFO: Run ShowRuntime Behavior [ RunTime:0.000000s ]
INFO: [ view_filter ] --END-- [ RunTime:0.001000s ]
INFO: [ view_end ] --START--
INFO: Run ShowPageTrace Behavior [ RunTime:0.001000s ]
INFO: [ view_end ] --END-- [ RunTime:0.001000s ]

[ 2015-11-27T10:29:03+08:00 ] 127.0.0.1 /jieqiang_lyb/admin.php?m=Public&a=verify&rand=1448591342
INFO: [ app_begin ] --START--
INFO: Run ReadHtmlCache Behavior [ RunTime:0.000000s ]
INFO: Run CheckLang Behavior [ RunTime:0.001000s ]
INFO: [ app_begin ] --END-- [ RunTime:0.002000s ]
NOTIC: [8] Undefined index: admin_info D:\WWW\jieqiang_lyb\admin\Lib\Action\BaseAction.class.php 第 114 行.
NOTIC: [8] Undefined index: admin_info D:\WWW\jieqiang_lyb\admin\Lib\Action\BaseAction.class.php 第 36 行.
SQL: SHOW COLUMNS FROM `cms_role` [ RunTime:0.038002s ]
NOTIC: [8] Undefined index: admin_info D:\WWW\jieqiang_lyb\admin\Lib\Action\BaseAction.class.php 第 40 行.
SQL: SELECT `name`,`status`,`remark`,`create_time`,`update_time` FROM `cms_role` WHERE ( id= ) LIMIT 1   [ RunTime:0.001000s ]
ERR: You have an error in your SQL syntax; check the manual that corresponds to your MySQL server version for the right syntax to use near ') LIMIT 1' at line 1
 [ SQL语句 ] : SELECT `name`,`status`,`remark`,`create_time`,`update_time` FROM `cms_role` WHERE ( id= ) LIMIT 1  
SQL: SHOW COLUMNS FROM `cms_group` [ RunTime:0.010001s ]
SQL: SHOW COLUMNS FROM `cms_admin` [ RunTime:0.007000s ]
NOTIC: [8] Undefined index: admin_info D:\WWW\jieqiang_lyb\admin\Lib\Action\BaseAction.class.php 第 50 行.
SQL: SELECT `role_id` FROM `cms_admin` WHERE ( id= ) LIMIT 1   [ RunTime:0.001000s ]
ERR: You have an error in your SQL syntax; check the manual that corresponds to your MySQL server version for the right syntax to use near ') LIMIT 1' at line 1
 [ SQL语句 ] : SELECT `role_id` FROM `cms_admin` WHERE ( id= ) LIMIT 1  
SQL: SHOW COLUMNS FROM `cms_access` [ RunTime:0.007001s ]
SQL: SELECT `node_id` FROM `cms_access` WHERE ( role_id= )  [ RunTime:0.000000s ]
ERR: You have an error in your SQL syntax; check the manual that corresponds to your MySQL server version for the right syntax to use near ')' at line 1
 [ SQL语句 ] : SELECT `node_id` FROM `cms_access` WHERE ( role_id= ) 
NOTIC: [2] Invalid argument supplied for foreach() D:\WWW\jieqiang_lyb\admin\Lib\Action\BaseAction.class.php 第 54 行.
NOTIC: [8] Undefined index: admin_info D:\WWW\jieqiang_lyb\admin\Lib\Action\BaseAction.class.php 第 64 行.
SQL: SHOW COLUMNS FROM `cms_node` [ RunTime:0.006000s ]
SQL: SELECT DISTINCT  `group_id` FROM `cms_node` WHERE ( auth_type<>2 AND status=1 AND is_show=0 AND id in () ) ORDER BY sort DESC  [ RunTime:0.001000s ]
ERR: You have an error in your SQL syntax; check the manual that corresponds to your MySQL server version for the right syntax to use near ') ) ORDER BY sort DESC' at line 1
 [ SQL语句 ] : SELECT DISTINCT  `group_id` FROM `cms_node` WHERE ( auth_type<>2 AND status=1 AND is_show=0 AND id in () ) ORDER BY sort DESC 
SQL: SELECT `id`,`title` FROM `cms_group` WHERE ( status=1 AND id =  ) ORDER BY sort ASC  [ RunTime:0.000000s ]
ERR: You have an error in your SQL syntax; check the manual that corresponds to your MySQL server version for the right syntax to use near ') ORDER BY sort ASC' at line 1
 [ SQL语句 ] : SELECT `id`,`title` FROM `cms_group` WHERE ( status=1 AND id =  ) ORDER BY sort ASC 
SQL: SHOW COLUMNS FROM `cms_setting` [ RunTime:0.011001s ]
SQL: SELECT * FROM `cms_setting`  [ RunTime:0.001000s ]
NOTIC: [8] Undefined index: iframe D:\WWW\jieqiang_lyb\admin\Lib\Action\BaseAction.class.php 第 100 行.

[ 2015-11-27T10:29:14+08:00 ] 127.0.0.1 /jieqiang_lyb/admin.php?m=Index&a=index
INFO: [ app_begin ] --START--
INFO: Run ReadHtmlCache Behavior [ RunTime:0.001000s ]
INFO: Run CheckLang Behavior [ RunTime:0.001000s ]
INFO: [ app_begin ] --END-- [ RunTime:0.002000s ]
SQL: SHOW COLUMNS FROM `cms_role` [ RunTime:0.009000s ]
SQL: SELECT `name`,`status`,`remark`,`create_time`,`update_time` FROM `cms_role` WHERE ( id=4 ) LIMIT 1   [ RunTime:0.001000s ]
SQL: SHOW COLUMNS FROM `cms_group` [ RunTime:0.008001s ]
SQL: SHOW COLUMNS FROM `cms_admin` [ RunTime:0.007000s ]
SQL: SELECT `role_id` FROM `cms_admin` WHERE ( id=14 ) LIMIT 1   [ RunTime:0.001000s ]
SQL: SHOW COLUMNS FROM `cms_access` [ RunTime:0.008001s ]
SQL: SELECT `node_id` FROM `cms_access` WHERE ( role_id=4 )  [ RunTime:0.001000s ]
SQL: SHOW COLUMNS FROM `cms_node` [ RunTime:0.009000s ]
SQL: SELECT DISTINCT  `group_id` FROM `cms_node` WHERE ( auth_type<>2 AND status=1 AND is_show=0 AND id in (156,110,109,108,107,104,106,105,103,102,101) ) ORDER BY sort DESC  [ RunTime:0.001000s ]
SQL: SELECT `id`,`title` FROM `cms_group` WHERE ( status=1 AND id in (4,8) ) ORDER BY sort ASC  [ RunTime:0.001000s ]
SQL: SHOW COLUMNS FROM `cms_setting` [ RunTime:0.006001s ]
SQL: SELECT * FROM `cms_setting`  [ RunTime:0.001000s ]
NOTIC: [8] Undefined index: iframe D:\WWW\jieqiang_lyb\admin\Lib\Action\BaseAction.class.php 第 100 行.
INFO: [ view_template ] --START--
INFO: Run LocationTemplate Behavior [ RunTime:0.001000s ]
INFO: [ view_template ] --END-- [ RunTime:0.001000s ]
INFO: [ view_parse ] --START--
NOTIC: [8] Undefined variable: lang D:\WWW\jieqiang_lyb\admin\Runtime\Cache\3b07957a53ccb31105e96f96aaa794c8.php 第 41 行.
INFO: Run ParseTemplate Behavior [ RunTime:0.008000s ]
INFO: [ view_parse ] --END-- [ RunTime:0.008000s ]
INFO: [ view_filter ] --START--
INFO: Run ContentReplace Behavior [ RunTime:0.001000s ]
INFO: Run TokenBuild Behavior [ RunTime:0.000000s ]
INFO: Run WriteHtmlCache Behavior [ RunTime:0.000000s ]
INFO: Run ShowRuntime Behavior [ RunTime:0.001001s ]
INFO: [ view_filter ] --END-- [ RunTime:0.002001s ]
INFO: [ view_end ] --START--
INFO: Run ShowPageTrace Behavior [ RunTime:0.000000s ]
INFO: [ view_end ] --END-- [ RunTime:0.000000s ]

[ 2015-11-27T10:29:15+08:00 ] 127.0.0.1 /jieqiang_lyb/admin.php?m=Public&a=main
INFO: [ app_begin ] --START--
INFO: Run ReadHtmlCache Behavior [ RunTime:0.000000s ]
INFO: Run CheckLang Behavior [ RunTime:0.001000s ]
INFO: [ app_begin ] --END-- [ RunTime:0.001000s ]
SQL: SHOW COLUMNS FROM `cms_role` [ RunTime:0.016001s ]
SQL: SELECT `name`,`status`,`remark`,`create_time`,`update_time` FROM `cms_role` WHERE ( id=4 ) LIMIT 1   [ RunTime:0.001000s ]
SQL: SHOW COLUMNS FROM `cms_group` [ RunTime:0.034002s ]
SQL: SHOW COLUMNS FROM `cms_admin` [ RunTime:0.010001s ]
SQL: SELECT `role_id` FROM `cms_admin` WHERE ( id=14 ) LIMIT 1   [ RunTime:0.040002s ]
SQL: SHOW COLUMNS FROM `cms_access` [ RunTime:0.009000s ]
SQL: SELECT `node_id` FROM `cms_access` WHERE ( role_id=4 )  [ RunTime:0.001001s ]
SQL: SHOW COLUMNS FROM `cms_node` [ RunTime:0.008000s ]
SQL: SELECT DISTINCT  `group_id` FROM `cms_node` WHERE ( auth_type<>2 AND status=1 AND is_show=0 AND id in (156,110,109,108,107,104,106,105,103,102,101) ) ORDER BY sort DESC  [ RunTime:0.001000s ]
SQL: SELECT `id`,`title` FROM `cms_group` WHERE ( status=1 AND id in (4,8) ) ORDER BY sort ASC  [ RunTime:0.001000s ]
SQL: SHOW COLUMNS FROM `cms_setting` [ RunTime:0.007000s ]
SQL: SELECT * FROM `cms_setting`  [ RunTime:0.000000s ]
NOTIC: [8] Undefined index: iframe D:\WWW\jieqiang_lyb\admin\Lib\Action\BaseAction.class.php 第 100 行.
INFO: [ view_template ] --START--
INFO: Run LocationTemplate Behavior [ RunTime:0.000000s ]
INFO: [ view_template ] --END-- [ RunTime:0.000000s ]
INFO: [ view_parse ] --START--
NOTIC: [8] Undefined variable: sub_menu D:\WWW\jieqiang_lyb\admin\Runtime\Cache\a9dbfddae3d9003bea342c344a5599ca.php 第 36 行.
NOTIC: [8] Undefined variable: big_menu D:\WWW\jieqiang_lyb\admin\Runtime\Cache\a9dbfddae3d9003bea342c344a5599ca.php 第 36 行.
INFO: Run ParseTemplate Behavior [ RunTime:0.009000s ]
INFO: [ view_parse ] --END-- [ RunTime:0.009000s ]
INFO: [ view_filter ] --START--
INFO: Run ContentReplace Behavior [ RunTime:0.001000s ]
INFO: Run TokenBuild Behavior [ RunTime:0.000000s ]
INFO: Run WriteHtmlCache Behavior [ RunTime:0.001000s ]
INFO: Run ShowRuntime Behavior [ RunTime:0.000000s ]
INFO: [ view_filter ] --END-- [ RunTime:0.002000s ]
INFO: [ view_end ] --START--
INFO: Run ShowPageTrace Behavior [ RunTime:0.000000s ]
INFO: [ view_end ] --END-- [ RunTime:0.000000s ]

[ 2015-11-27T10:29:16+08:00 ] 127.0.0.1 /jieqiang_lyb/admin.php?m=Public&a=menu&tag=4
INFO: [ app_begin ] --START--
INFO: Run ReadHtmlCache Behavior [ RunTime:0.001000s ]
INFO: Run CheckLang Behavior [ RunTime:0.001000s ]
INFO: [ app_begin ] --END-- [ RunTime:0.002000s ]
SQL: SHOW COLUMNS FROM `cms_role` [ RunTime:0.007001s ]
SQL: SELECT `name`,`status`,`remark`,`create_time`,`update_time` FROM `cms_role` WHERE ( id=4 ) LIMIT 1   [ RunTime:0.001000s ]
SQL: SHOW COLUMNS FROM `cms_group` [ RunTime:0.008000s ]
SQL: SHOW COLUMNS FROM `cms_admin` [ RunTime:0.007001s ]
SQL: SELECT `role_id` FROM `cms_admin` WHERE ( id=14 ) LIMIT 1   [ RunTime:0.001000s ]
SQL: SHOW COLUMNS FROM `cms_access` [ RunTime:0.009000s ]
SQL: SELECT `node_id` FROM `cms_access` WHERE ( role_id=4 )  [ RunTime:0.001000s ]
SQL: SHOW COLUMNS FROM `cms_node` [ RunTime:0.038002s ]
SQL: SELECT DISTINCT  `group_id` FROM `cms_node` WHERE ( auth_type<>2 AND status=1 AND is_show=0 AND id in (156,110,109,108,107,104,106,105,103,102,101) ) ORDER BY sort DESC  [ RunTime:0.002000s ]
SQL: SELECT `id`,`title` FROM `cms_group` WHERE ( status=1 AND id in (4,8) ) ORDER BY sort ASC  [ RunTime:0.001001s ]
SQL: SHOW COLUMNS FROM `cms_setting` [ RunTime:0.012000s ]
SQL: SELECT * FROM `cms_setting`  [ RunTime:0.001000s ]
NOTIC: [8] Undefined index: iframe D:\WWW\jieqiang_lyb\admin\Lib\Action\BaseAction.class.php 第 100 行.
SQL: SELECT `role_id` FROM `cms_admin` WHERE ( id=14 ) LIMIT 1   [ RunTime:0.001000s ]
SQL: SELECT `node_id` FROM `cms_access` WHERE ( role_id=4 )  [ RunTime:0.000000s ]
SQL: SELECT `id`,`action`,`action_name`,`module`,`module_name`,`data` FROM `cms_node` WHERE ( auth_type<>2 AND status=1 AND is_show=0 AND id in (156,110,109,108,107,104,106,105,103,102,101) AND group_id=4 ) ORDER BY sort DESC  [ RunTime:0.001001s ]
INFO: [ view_template ] --START--
INFO: Run LocationTemplate Behavior [ RunTime:0.000000s ]
INFO: [ view_template ] --END-- [ RunTime:0.000000s ]
INFO: [ view_parse ] --START--
NOTIC: [8] Undefined variable: lang D:\WWW\jieqiang_lyb\admin\Runtime\Cache\56b8f10ffe533cc36c6f50a3d115f8bd.php 第 1 行.
NOTIC: [8] Undefined variable: lang D:\WWW\jieqiang_lyb\admin\Runtime\Cache\56b8f10ffe533cc36c6f50a3d115f8bd.php 第 1 行.
INFO: Run ParseTemplate Behavior [ RunTime:0.023001s ]
INFO: [ view_parse ] --END-- [ RunTime:0.023001s ]
INFO: [ view_filter ] --START--
INFO: Run ContentReplace Behavior [ RunTime:0.000000s ]
INFO: Run TokenBuild Behavior [ RunTime:0.000000s ]
INFO: Run WriteHtmlCache Behavior [ RunTime:0.001000s ]
INFO: Run ShowRuntime Behavior [ RunTime:0.000000s ]
INFO: [ view_filter ] --END-- [ RunTime:0.001000s ]
INFO: [ view_end ] --START--
INFO: Run ShowPageTrace Behavior [ RunTime:0.001000s ]
INFO: [ view_end ] --END-- [ RunTime:0.001000s ]

[ 2015-11-27T10:29:32+08:00 ] 127.0.0.1 /jieqiang_lyb/admin.php?m=Public&a=menu&tag=8
INFO: [ app_begin ] --START--
INFO: Run ReadHtmlCache Behavior [ RunTime:0.001000s ]
INFO: Run CheckLang Behavior [ RunTime:0.001000s ]
INFO: [ app_begin ] --END-- [ RunTime:0.002000s ]
SQL: SHOW COLUMNS FROM `cms_role` [ RunTime:0.006000s ]
SQL: SELECT `name`,`status`,`remark`,`create_time`,`update_time` FROM `cms_role` WHERE ( id=4 ) LIMIT 1   [ RunTime:0.001000s ]
SQL: SHOW COLUMNS FROM `cms_group` [ RunTime:0.006001s ]
SQL: SHOW COLUMNS FROM `cms_admin` [ RunTime:0.006000s ]
SQL: SELECT `role_id` FROM `cms_admin` WHERE ( id=14 ) LIMIT 1   [ RunTime:0.001000s ]
SQL: SHOW COLUMNS FROM `cms_access` [ RunTime:0.007000s ]
SQL: SELECT `node_id` FROM `cms_access` WHERE ( role_id=4 )  [ RunTime:0.001001s ]
SQL: SHOW COLUMNS FROM `cms_node` [ RunTime:0.006000s ]
SQL: SELECT DISTINCT  `group_id` FROM `cms_node` WHERE ( auth_type<>2 AND status=1 AND is_show=0 AND id in (156,110,109,108,107,104,106,105,103,102,101) ) ORDER BY sort DESC  [ RunTime:0.002000s ]
SQL: SELECT `id`,`title` FROM `cms_group` WHERE ( status=1 AND id in (4,8) ) ORDER BY sort ASC  [ RunTime:0.002000s ]
SQL: SHOW COLUMNS FROM `cms_setting` [ RunTime:0.006000s ]
SQL: SELECT * FROM `cms_setting`  [ RunTime:0.001001s ]
NOTIC: [8] Undefined index: iframe D:\WWW\jieqiang_lyb\admin\Lib\Action\BaseAction.class.php 第 100 行.
SQL: SELECT `role_id` FROM `cms_admin` WHERE ( id=14 ) LIMIT 1   [ RunTime:0.000000s ]
SQL: SELECT `node_id` FROM `cms_access` WHERE ( role_id=4 )  [ RunTime:0.000000s ]
SQL: SELECT `id`,`action`,`action_name`,`module`,`module_name`,`data` FROM `cms_node` WHERE ( auth_type<>2 AND status=1 AND is_show=0 AND id in (156,110,109,108,107,104,106,105,103,102,101) AND group_id=8 ) ORDER BY sort DESC  [ RunTime:0.001000s ]
INFO: [ view_template ] --START--
INFO: Run LocationTemplate Behavior [ RunTime:0.001000s ]
INFO: [ view_template ] --END-- [ RunTime:0.001000s ]
INFO: [ view_parse ] --START--
NOTIC: [8] Undefined variable: lang D:\WWW\jieqiang_lyb\admin\Runtime\Cache\56b8f10ffe533cc36c6f50a3d115f8bd.php 第 1 行.
INFO: Run ParseTemplate Behavior [ RunTime:0.007000s ]
INFO: [ view_parse ] --END-- [ RunTime:0.007000s ]
INFO: [ view_filter ] --START--
INFO: Run ContentReplace Behavior [ RunTime:0.000000s ]
INFO: Run TokenBuild Behavior [ RunTime:0.001000s ]
INFO: Run WriteHtmlCache Behavior [ RunTime:0.000000s ]
INFO: Run ShowRuntime Behavior [ RunTime:0.000000s ]
INFO: [ view_filter ] --END-- [ RunTime:0.001000s ]
INFO: [ view_end ] --START--
INFO: Run ShowPageTrace Behavior [ RunTime:0.001000s ]
INFO: [ view_end ] --END-- [ RunTime:0.001000s ]

[ 2015-11-27T10:29:32+08:00 ] 127.0.0.1 /jieqiang_lyb/admin.php?m=Public&a=menu&tag=4
INFO: [ app_begin ] --START--
INFO: Run ReadHtmlCache Behavior [ RunTime:0.000000s ]
INFO: Run CheckLang Behavior [ RunTime:0.001000s ]
INFO: [ app_begin ] --END-- [ RunTime:0.001000s ]
SQL: SHOW COLUMNS FROM `cms_role` [ RunTime:0.006000s ]
SQL: SELECT `name`,`status`,`remark`,`create_time`,`update_time` FROM `cms_role` WHERE ( id=4 ) LIMIT 1   [ RunTime:0.002000s ]
SQL: SHOW COLUMNS FROM `cms_group` [ RunTime:0.006001s ]
SQL: SHOW COLUMNS FROM `cms_admin` [ RunTime:0.005000s ]
SQL: SELECT `role_id` FROM `cms_admin` WHERE ( id=14 ) LIMIT 1   [ RunTime:0.001000s ]
SQL: SHOW COLUMNS FROM `cms_access` [ RunTime:0.006001s ]
SQL: SELECT `node_id` FROM `cms_access` WHERE ( role_id=4 )  [ RunTime:0.001000s ]
SQL: SHOW COLUMNS FROM `cms_node` [ RunTime:0.005000s ]
SQL: SELECT DISTINCT  `group_id` FROM `cms_node` WHERE ( auth_type<>2 AND status=1 AND is_show=0 AND id in (156,110,109,108,107,104,106,105,103,102,101) ) ORDER BY sort DESC  [ RunTime:0.001000s ]
SQL: SELECT `id`,`title` FROM `cms_group` WHERE ( status=1 AND id in (4,8) ) ORDER BY sort ASC  [ RunTime:0.001000s ]
SQL: SHOW COLUMNS FROM `cms_setting` [ RunTime:0.006000s ]
SQL: SELECT * FROM `cms_setting`  [ RunTime:0.001000s ]
NOTIC: [8] Undefined index: iframe D:\WWW\jieqiang_lyb\admin\Lib\Action\BaseAction.class.php 第 100 行.
SQL: SELECT `role_id` FROM `cms_admin` WHERE ( id=14 ) LIMIT 1   [ RunTime:0.001000s ]
SQL: SELECT `node_id` FROM `cms_access` WHERE ( role_id=4 )  [ RunTime:0.000000s ]
SQL: SELECT `id`,`action`,`action_name`,`module`,`module_name`,`data` FROM `cms_node` WHERE ( auth_type<>2 AND status=1 AND is_show=0 AND id in (156,110,109,108,107,104,106,105,103,102,101) AND group_id=4 ) ORDER BY sort DESC  [ RunTime:0.001000s ]
INFO: [ view_template ] --START--
INFO: Run LocationTemplate Behavior [ RunTime:0.001000s ]
INFO: [ view_template ] --END-- [ RunTime:0.001000s ]
INFO: [ view_parse ] --START--
NOTIC: [8] Undefined variable: lang D:\WWW\jieqiang_lyb\admin\Runtime\Cache\56b8f10ffe533cc36c6f50a3d115f8bd.php 第 1 行.
NOTIC: [8] Undefined variable: lang D:\WWW\jieqiang_lyb\admin\Runtime\Cache\56b8f10ffe533cc36c6f50a3d115f8bd.php 第 1 行.
INFO: Run ParseTemplate Behavior [ RunTime:0.007000s ]
INFO: [ view_parse ] --END-- [ RunTime:0.007000s ]
INFO: [ view_filter ] --START--
INFO: Run ContentReplace Behavior [ RunTime:0.000000s ]
INFO: Run TokenBuild Behavior [ RunTime:0.001000s ]
INFO: Run WriteHtmlCache Behavior [ RunTime:0.000000s ]
INFO: Run ShowRuntime Behavior [ RunTime:0.000000s ]
INFO: [ view_filter ] --END-- [ RunTime:0.001000s ]
INFO: [ view_end ] --START--
INFO: Run ShowPageTrace Behavior [ RunTime:0.000000s ]
INFO: [ view_end ] --END-- [ RunTime:0.001000s ]

[ 2015-11-27T10:29:34+08:00 ] 127.0.0.1 /jieqiang_lyb/admin.php?m=Article&a=index
INFO: [ app_begin ] --START--
INFO: Run ReadHtmlCache Behavior [ RunTime:0.000000s ]
INFO: Run CheckLang Behavior [ RunTime:0.001001s ]
INFO: [ app_begin ] --END-- [ RunTime:0.002001s ]
SQL: SHOW COLUMNS FROM `cms_node` [ RunTime:0.015000s ]
SQL: SELECT `id` FROM `cms_node` WHERE ( `module` = 'Article' ) AND ( `action` = 'index' ) LIMIT 1   [ RunTime:0.001001s ]
SQL: SHOW COLUMNS FROM `cms_access` [ RunTime:0.007000s ]
SQL: SELECT COUNT(*) AS tp_count FROM `cms_access` WHERE ( `node_id` = 102 ) AND ( `role_id` = 4 ) LIMIT 1   [ RunTime:0.001000s ]
SQL: SHOW COLUMNS FROM `cms_role` [ RunTime:0.007000s ]
SQL: SELECT `name`,`status`,`remark`,`create_time`,`update_time` FROM `cms_role` WHERE ( id=4 ) LIMIT 1   [ RunTime:0.002001s ]
SQL: SHOW COLUMNS FROM `cms_group` [ RunTime:0.008000s ]
SQL: SHOW COLUMNS FROM `cms_admin` [ RunTime:0.007000s ]
SQL: SELECT `role_id` FROM `cms_admin` WHERE ( id=14 ) LIMIT 1   [ RunTime:0.001000s ]
SQL: SELECT `node_id` FROM `cms_access` WHERE ( role_id=4 )  [ RunTime:0.000000s ]
SQL: SHOW COLUMNS FROM `cms_node` [ RunTime:0.008000s ]
SQL: SELECT DISTINCT  `group_id` FROM `cms_node` WHERE ( auth_type<>2 AND status=1 AND is_show=0 AND id in (156,110,109,108,107,104,106,105,103,102,101) ) ORDER BY sort DESC  [ RunTime:0.002000s ]
SQL: SELECT `id`,`title` FROM `cms_group` WHERE ( status=1 AND id in (4,8) ) ORDER BY sort ASC  [ RunTime:0.001000s ]
SQL: SHOW COLUMNS FROM `cms_setting` [ RunTime:0.007001s ]
SQL: SELECT * FROM `cms_setting`  [ RunTime:0.001000s ]
NOTIC: [8] Undefined index: iframe D:\WWW\jieqiang_lyb\admin\Lib\Action\BaseAction.class.php 第 100 行.
SQL: SHOW COLUMNS FROM `cms_article` [ RunTime:0.008000s ]
SQL: SHOW COLUMNS FROM `cms_article_cate` [ RunTime:0.010001s ]
SQL: SELECT COUNT(*) AS tp_count FROM `cms_article` WHERE ( 1=1 ) LIMIT 1   [ RunTime:0.001000s ]
SQL: SELECT * FROM `cms_article` WHERE ( 1=1 ) ORDER BY add_time DESC,ordid ASC LIMIT 0,20   [ RunTime:0.007000s ]
SQL: SELECT `name` FROM `cms_article_cate` WHERE ( id=20 ) LIMIT 1   [ RunTime:0.001000s ]
SQL: SELECT `name` FROM `cms_article_cate` WHERE ( id=5 ) LIMIT 1   [ RunTime:0.001000s ]
SQL: SELECT `name` FROM `cms_article_cate` WHERE ( id=5 ) LIMIT 1   [ RunTime:0.001000s ]
SQL: SELECT `name` FROM `cms_article_cate` WHERE ( id=27 ) LIMIT 1   [ RunTime:0.000000s ]
SQL: SELECT `name` FROM `cms_article_cate` WHERE ( id=15 ) LIMIT 1   [ RunTime:0.001000s ]
SQL: SELECT `name` FROM `cms_article_cate` WHERE ( id=15 ) LIMIT 1   [ RunTime:0.001001s ]
SQL: SELECT `name` FROM `cms_article_cate` WHERE ( id=15 ) LIMIT 1   [ RunTime:0.001000s ]
SQL: SELECT `name` FROM `cms_article_cate` WHERE ( id=13 ) LIMIT 1   [ RunTime:0.000000s ]
SQL: SELECT `name` FROM `cms_article_cate` WHERE ( id=1 ) LIMIT 1   [ RunTime:0.001000s ]
SQL: SELECT `name` FROM `cms_article_cate` WHERE ( id=1 ) LIMIT 1   [ RunTime:0.000000s ]
SQL: SELECT `name` FROM `cms_article_cate` WHERE ( id=15 ) LIMIT 1   [ RunTime:0.000000s ]
SQL: SELECT `name` FROM `cms_article_cate` WHERE ( id=5 ) LIMIT 1   [ RunTime:0.001000s ]
SQL: SELECT `name` FROM `cms_article_cate` WHERE ( id=20 ) LIMIT 1   [ RunTime:0.001000s ]
SQL: SELECT `name` FROM `cms_article_cate` WHERE ( id=12 ) LIMIT 1   [ RunTime:0.001000s ]
SQL: SELECT `name` FROM `cms_article_cate` WHERE ( id=19 ) LIMIT 1   [ RunTime:0.001000s ]
SQL: SELECT `name` FROM `cms_article_cate` WHERE ( id=19 ) LIMIT 1   [ RunTime:0.001000s ]
SQL: SELECT `name` FROM `cms_article_cate` WHERE ( id=19 ) LIMIT 1   [ RunTime:0.000000s ]
SQL: SELECT `name` FROM `cms_article_cate` WHERE ( id=18 ) LIMIT 1   [ RunTime:0.001000s ]
SQL: SELECT `name` FROM `cms_article_cate` WHERE ( id=18 ) LIMIT 1   [ RunTime:0.001000s ]
SQL: SELECT `name` FROM `cms_article_cate` WHERE ( id=18 ) LIMIT 1   [ RunTime:0.000000s ]
SQL: SELECT * FROM `cms_article_cate` ORDER BY sort_order ASC  [ RunTime:0.001000s ]
INFO: [ view_template ] --START--
INFO: Run LocationTemplate Behavior [ RunTime:0.000000s ]
INFO: [ view_template ] --END-- [ RunTime:0.000000s ]
INFO: [ view_parse ] --START--
NOTIC: [8] Undefined variable: sub_menu D:\WWW\jieqiang_lyb\admin\Runtime\Cache\8609a2b8f05410a8221e0c85eea96049.php 第 37 行.
NOTIC: [8] Undefined variable: big_menu D:\WWW\jieqiang_lyb\admin\Runtime\Cache\8609a2b8f05410a8221e0c85eea96049.php 第 37 行.
NOTIC: [8] Undefined variable: time_start D:\WWW\jieqiang_lyb\admin\Runtime\Cache\8609a2b8f05410a8221e0c85eea96049.php 第 50 行.
NOTIC: [8] Undefined variable: time_end D:\WWW\jieqiang_lyb\admin\Runtime\Cache\8609a2b8f05410a8221e0c85eea96049.php 第 52 行.
NOTIC: [8] Undefined variable: cate_id D:\WWW\jieqiang_lyb\admin\Runtime\Cache\8609a2b8f05410a8221e0c85eea96049.php 第 56 行.
NOTIC: [8] Undefined variable: cate_id D:\WWW\jieqiang_lyb\admin\Runtime\Cache\8609a2b8f05410a8221e0c85eea96049.php 第 57 行.
NOTIC: [8] Undefined variable: cate_id D:\WWW\jieqiang_lyb\admin\Runtime\Cache\8609a2b8f05410a8221e0c85eea96049.php 第 57 行.
NOTIC: [8] Undefined variable: cate_id D:\WWW\jieqiang_lyb\admin\Runtime\Cache\8609a2b8f05410a8221e0c85eea96049.php 第 57 行.
NOTIC: [8] Undefined variable: cate_id D:\WWW\jieqiang_lyb\admin\Runtime\Cache\8609a2b8f05410a8221e0c85eea96049.php 第 57 行.
NOTIC: [8] Undefined variable: cate_id D:\WWW\jieqiang_lyb\admin\Runtime\Cache\8609a2b8f05410a8221e0c85eea96049.php 第 57 行.
NOTIC: [8] Undefined variable: cate_id D:\WWW\jieqiang_lyb\admin\Runtime\Cache\8609a2b8f05410a8221e0c85eea96049.php 第 56 行.
NOTIC: [8] Undefined variable: cate_id D:\WWW\jieqiang_lyb\admin\Runtime\Cache\8609a2b8f05410a8221e0c85eea96049.php 第 56 行.
NOTIC: [8] Undefined variable: cate_id D:\WWW\jieqiang_lyb\admin\Runtime\Cache\8609a2b8f05410a8221e0c85eea96049.php 第 57 行.
NOTIC: [8] Undefined variable: cate_id D:\WWW\jieqiang_lyb\admin\Runtime\Cache\8609a2b8f05410a8221e0c85eea96049.php 第 57 行.
NOTIC: [8] Undefined variable: cate_id D:\WWW\jieqiang_lyb\admin\Runtime\Cache\8609a2b8f05410a8221e0c85eea96049.php 第 57 行.
NOTIC: [8] Undefined variable: cate_id D:\WWW\jieqiang_lyb\admin\Runtime\Cache\8609a2b8f05410a8221e0c85eea96049.php 第 57 行.
NOTIC: [8] Undefined variable: cate_id D:\WWW\jieqiang_lyb\admin\Runtime\Cache\8609a2b8f05410a8221e0c85eea96049.php 第 56 行.
NOTIC: [8] Undefined variable: cate_id D:\WWW\jieqiang_lyb\admin\Runtime\Cache\8609a2b8f05410a8221e0c85eea96049.php 第 57 行.
NOTIC: [8] Undefined variable: cate_id D:\WWW\jieqiang_lyb\admin\Runtime\Cache\8609a2b8f05410a8221e0c85eea96049.php 第 57 行.
NOTIC: [8] Undefined variable: cate_id D:\WWW\jieqiang_lyb\admin\Runtime\Cache\8609a2b8f05410a8221e0c85eea96049.php 第 56 行.
NOTIC: [8] Undefined variable: cate_id D:\WWW\jieqiang_lyb\admin\Runtime\Cache\8609a2b8f05410a8221e0c85eea96049.php 第 56 行.
NOTIC: [8] Undefined variable: cate_id D:\WWW\jieqiang_lyb\admin\Runtime\Cache\8609a2b8f05410a8221e0c85eea96049.php 第 56 行.
NOTIC: [8] Undefined variable: cate_id D:\WWW\jieqiang_lyb\admin\Runtime\Cache\8609a2b8f05410a8221e0c85eea96049.php 第 56 行.
NOTIC: [8] Undefined variable: cate_id D:\WWW\jieqiang_lyb\admin\Runtime\Cache\8609a2b8f05410a8221e0c85eea96049.php 第 56 行.
NOTIC: [8] Undefined variable: cate_id D:\WWW\jieqiang_lyb\admin\Runtime\Cache\8609a2b8f05410a8221e0c85eea96049.php 第 56 行.
NOTIC: [8] Undefined variable: keyword D:\WWW\jieqiang_lyb\admin\Runtime\Cache\8609a2b8f05410a8221e0c85eea96049.php 第 61 行.
INFO: Run ParseTemplate Behavior [ RunTime:0.038002s ]
INFO: [ view_parse ] --END-- [ RunTime:0.038002s ]
INFO: [ view_filter ] --START--
INFO: Run ContentReplace Behavior [ RunTime:0.004001s ]
INFO: Run TokenBuild Behavior [ RunTime:0.000000s ]
INFO: Run WriteHtmlCache Behavior [ RunTime:0.000000s ]
INFO: Run ShowRuntime Behavior [ RunTime:0.002000s ]
INFO: [ view_filter ] --END-- [ RunTime:0.007001s ]
INFO: [ view_end ] --START--
INFO: Run ShowPageTrace Behavior [ RunTime:0.001000s ]
INFO: [ view_end ] --END-- [ RunTime:0.001000s ]

[ 2015-11-27T10:29:35+08:00 ] 127.0.0.1 /jieqiang_lyb/admin.php?m=Article&a=add
INFO: [ app_begin ] --START--
INFO: Run ReadHtmlCache Behavior [ RunTime:0.000000s ]
INFO: Run CheckLang Behavior [ RunTime:0.001000s ]
INFO: [ app_begin ] --END-- [ RunTime:0.001000s ]
SQL: SHOW COLUMNS FROM `cms_node` [ RunTime:0.009000s ]
SQL: SELECT `id` FROM `cms_node` WHERE ( `module` = 'Article' ) AND ( `action` = 'add' ) LIMIT 1   [ RunTime:0.001000s ]
SQL: SHOW COLUMNS FROM `cms_access` [ RunTime:0.005001s ]
SQL: SELECT COUNT(*) AS tp_count FROM `cms_access` WHERE ( `node_id` = 103 ) AND ( `role_id` = 4 ) LIMIT 1   [ RunTime:0.001000s ]
SQL: SHOW COLUMNS FROM `cms_role` [ RunTime:0.007000s ]
SQL: SELECT `name`,`status`,`remark`,`create_time`,`update_time` FROM `cms_role` WHERE ( id=4 ) LIMIT 1   [ RunTime:0.001000s ]
SQL: SHOW COLUMNS FROM `cms_group` [ RunTime:0.008001s ]
SQL: SHOW COLUMNS FROM `cms_admin` [ RunTime:0.010000s ]
SQL: SELECT `role_id` FROM `cms_admin` WHERE ( id=14 ) LIMIT 1   [ RunTime:0.001000s ]
SQL: SELECT `node_id` FROM `cms_access` WHERE ( role_id=4 )  [ RunTime:0.001000s ]
SQL: SHOW COLUMNS FROM `cms_node` [ RunTime:0.009001s ]
SQL: SELECT DISTINCT  `group_id` FROM `cms_node` WHERE ( auth_type<>2 AND status=1 AND is_show=0 AND id in (156,110,109,108,107,104,106,105,103,102,101) ) ORDER BY sort DESC  [ RunTime:0.002000s ]
SQL: SELECT `id`,`title` FROM `cms_group` WHERE ( status=1 AND id in (4,8) ) ORDER BY sort ASC  [ RunTime:0.001000s ]
SQL: SHOW COLUMNS FROM `cms_setting` [ RunTime:0.007001s ]
SQL: SELECT * FROM `cms_setting`  [ RunTime:0.002000s ]
NOTIC: [8] Undefined index: iframe D:\WWW\jieqiang_lyb\admin\Lib\Action\BaseAction.class.php 第 100 行.
SQL: SHOW COLUMNS FROM `cms_article_cate` [ RunTime:0.006000s ]
SQL: SELECT * FROM `cms_article_cate` ORDER BY sort_order ASC  [ RunTime:0.001000s ]
INFO: [ view_template ] --START--
INFO: Run LocationTemplate Behavior [ RunTime:0.000000s ]
INFO: [ view_template ] --END-- [ RunTime:0.000000s ]
INFO: [ view_parse ] --START--
NOTIC: [8] Undefined variable: sub_menu D:\WWW\jieqiang_lyb\admin\Runtime\Cache\1ed766126526b7f957cca9c2f7c95a3b.php 第 37 行.
NOTIC: [8] Undefined variable: big_menu D:\WWW\jieqiang_lyb\admin\Runtime\Cache\1ed766126526b7f957cca9c2f7c95a3b.php 第 37 行.
INFO: Run ParseTemplate Behavior [ RunTime:0.017001s ]
INFO: [ view_parse ] --END-- [ RunTime:0.017001s ]
INFO: [ view_filter ] --START--
INFO: Run ContentReplace Behavior [ RunTime:0.000000s ]
INFO: Run TokenBuild Behavior [ RunTime:0.001000s ]
INFO: Run WriteHtmlCache Behavior [ RunTime:0.000000s ]
INFO: Run ShowRuntime Behavior [ RunTime:0.000000s ]
INFO: [ view_filter ] --END-- [ RunTime:0.001000s ]
INFO: [ view_end ] --START--
INFO: Run ShowPageTrace Behavior [ RunTime:0.001000s ]
INFO: [ view_end ] --END-- [ RunTime:0.001000s ]

[ 2015-11-27T10:29:36+08:00 ] 127.0.0.1 /jieqiang_lyb/admin.php?m=ArticleCate&a=index
INFO: [ app_begin ] --START--
INFO: Run ReadHtmlCache Behavior [ RunTime:0.000000s ]
INFO: Run CheckLang Behavior [ RunTime:0.001000s ]
INFO: [ app_begin ] --END-- [ RunTime:0.001000s ]
SQL: SHOW COLUMNS FROM `cms_node` [ RunTime:0.006001s ]
SQL: SELECT `id` FROM `cms_node` WHERE ( `module` = 'ArticleCate' ) AND ( `action` = 'index' ) LIMIT 1   [ RunTime:0.001000s ]
SQL: SHOW COLUMNS FROM `cms_access` [ RunTime:0.007000s ]
SQL: SELECT COUNT(*) AS tp_count FROM `cms_access` WHERE ( `node_id` = 107 ) AND ( `role_id` = 4 ) LIMIT 1   [ RunTime:0.000000s ]
SQL: SHOW COLUMNS FROM `cms_role` [ RunTime:0.006001s ]
SQL: SELECT `name`,`status`,`remark`,`create_time`,`update_time` FROM `cms_role` WHERE ( id=4 ) LIMIT 1   [ RunTime:0.000000s ]
SQL: SHOW COLUMNS FROM `cms_group` [ RunTime:0.006000s ]
SQL: SHOW COLUMNS FROM `cms_admin` [ RunTime:0.005000s ]
SQL: SELECT `role_id` FROM `cms_admin` WHERE ( id=14 ) LIMIT 1   [ RunTime:0.001000s ]
SQL: SELECT `node_id` FROM `cms_access` WHERE ( role_id=4 )  [ RunTime:0.000000s ]
SQL: SHOW COLUMNS FROM `cms_node` [ RunTime:0.007001s ]
SQL: SELECT DISTINCT  `group_id` FROM `cms_node` WHERE ( auth_type<>2 AND status=1 AND is_show=0 AND id in (156,110,109,108,107,104,106,105,103,102,101) ) ORDER BY sort DESC  [ RunTime:0.000000s ]
SQL: SELECT `id`,`title` FROM `cms_group` WHERE ( status=1 AND id in (4,8) ) ORDER BY sort ASC  [ RunTime:0.000000s ]
SQL: SHOW COLUMNS FROM `cms_setting` [ RunTime:0.005000s ]
SQL: SELECT * FROM `cms_setting`  [ RunTime:0.000000s ]
NOTIC: [8] Undefined index: iframe D:\WWW\jieqiang_lyb\admin\Lib\Action\BaseAction.class.php 第 100 行.
SQL: SHOW COLUMNS FROM `cms_article_cate` [ RunTime:0.006001s ]
SQL: SHOW COLUMNS FROM `cms_article` [ RunTime:0.006000s ]
SQL: SELECT * FROM `cms_article_cate` ORDER BY sort_order ASC  [ RunTime:0.000000s ]
INFO: [ view_template ] --START--
INFO: Run LocationTemplate Behavior [ RunTime:0.000000s ]
INFO: [ view_template ] --END-- [ RunTime:0.000000s ]
INFO: [ view_parse ] --START--
NOTIC: [8] Undefined variable: sub_menu D:\WWW\jieqiang_lyb\admin\Runtime\Cache\616f589336d87732bb41fc261ca03651.php 第 36 行.
NOTIC: [8] Undefined index: 12 D:\WWW\jieqiang_lyb\admin\Runtime\Cache\616f589336d87732bb41fc261ca03651.php 第 71 行.
NOTIC: [8] Undefined index: 13 D:\WWW\jieqiang_lyb\admin\Runtime\Cache\616f589336d87732bb41fc261ca03651.php 第 71 行.
NOTIC: [8] Undefined index: 14 D:\WWW\jieqiang_lyb\admin\Runtime\Cache\616f589336d87732bb41fc261ca03651.php 第 71 行.
NOTIC: [8] Undefined index: 17 D:\WWW\jieqiang_lyb\admin\Runtime\Cache\616f589336d87732bb41fc261ca03651.php 第 71 行.
NOTIC: [8] Undefined index: 18 D:\WWW\jieqiang_lyb\admin\Runtime\Cache\616f589336d87732bb41fc261ca03651.php 第 71 行.
NOTIC: [8] Undefined index: 19 D:\WWW\jieqiang_lyb\admin\Runtime\Cache\616f589336d87732bb41fc261ca03651.php 第 71 行.
NOTIC: [8] Undefined index: 20 D:\WWW\jieqiang_lyb\admin\Runtime\Cache\616f589336d87732bb41fc261ca03651.php 第 71 行.
INFO: Run ParseTemplate Behavior [ RunTime:0.013001s ]
INFO: [ view_parse ] --END-- [ RunTime:0.013001s ]
INFO: [ view_filter ] --START--
INFO: Run ContentReplace Behavior [ RunTime:0.006000s ]
INFO: Run TokenBuild Behavior [ RunTime:0.000000s ]
INFO: Run WriteHtmlCache Behavior [ RunTime:0.000000s ]
INFO: Run ShowRuntime Behavior [ RunTime:0.000000s ]
INFO: [ view_filter ] --END-- [ RunTime:0.007000s ]
INFO: [ view_end ] --START--
INFO: Run ShowPageTrace Behavior [ RunTime:0.000000s ]
INFO: [ view_end ] --END-- [ RunTime:0.000000s ]

[ 2015-11-27T10:29:36+08:00 ] 127.0.0.1 /jieqiang_lyb/admin.php?m=Public&a=menu&tag=8
INFO: [ app_begin ] --START--
INFO: Run ReadHtmlCache Behavior [ RunTime:0.001000s ]
INFO: Run CheckLang Behavior [ RunTime:0.001000s ]
INFO: [ app_begin ] --END-- [ RunTime:0.002000s ]
SQL: SHOW COLUMNS FROM `cms_role` [ RunTime:0.005000s ]
SQL: SELECT `name`,`status`,`remark`,`create_time`,`update_time` FROM `cms_role` WHERE ( id=4 ) LIMIT 1   [ RunTime:0.001000s ]
SQL: SHOW COLUMNS FROM `cms_group` [ RunTime:0.006001s ]
SQL: SHOW COLUMNS FROM `cms_admin` [ RunTime:0.006000s ]
SQL: SELECT `role_id` FROM `cms_admin` WHERE ( id=14 ) LIMIT 1   [ RunTime:0.001000s ]
SQL: SHOW COLUMNS FROM `cms_access` [ RunTime:0.007001s ]
SQL: SELECT `node_id` FROM `cms_access` WHERE ( role_id=4 )  [ RunTime:0.001000s ]
SQL: SHOW COLUMNS FROM `cms_node` [ RunTime:0.005000s ]
SQL: SELECT DISTINCT  `group_id` FROM `cms_node` WHERE ( auth_type<>2 AND status=1 AND is_show=0 AND id in (156,110,109,108,107,104,106,105,103,102,101) ) ORDER BY sort DESC  [ RunTime:0.001000s ]
SQL: SELECT `id`,`title` FROM `cms_group` WHERE ( status=1 AND id in (4,8) ) ORDER BY sort ASC  [ RunTime:0.001000s ]
SQL: SHOW COLUMNS FROM `cms_setting` [ RunTime:0.005000s ]
SQL: SELECT * FROM `cms_setting`  [ RunTime:0.001000s ]
NOTIC: [8] Undefined index: iframe D:\WWW\jieqiang_lyb\admin\Lib\Action\BaseAction.class.php 第 100 行.
SQL: SELECT `role_id` FROM `cms_admin` WHERE ( id=14 ) LIMIT 1   [ RunTime:0.000000s ]
SQL: SELECT `node_id` FROM `cms_access` WHERE ( role_id=4 )  [ RunTime:0.001001s ]
SQL: SELECT `id`,`action`,`action_name`,`module`,`module_name`,`data` FROM `cms_node` WHERE ( auth_type<>2 AND status=1 AND is_show=0 AND id in (156,110,109,108,107,104,106,105,103,102,101) AND group_id=8 ) ORDER BY sort DESC  [ RunTime:0.000000s ]
INFO: [ view_template ] --START--
INFO: Run LocationTemplate Behavior [ RunTime:0.000000s ]
INFO: [ view_template ] --END-- [ RunTime:0.000000s ]
INFO: [ view_parse ] --START--
NOTIC: [8] Undefined variable: lang D:\WWW\jieqiang_lyb\admin\Runtime\Cache\56b8f10ffe533cc36c6f50a3d115f8bd.php 第 1 行.
INFO: Run ParseTemplate Behavior [ RunTime:0.007000s ]
INFO: [ view_parse ] --END-- [ RunTime:0.007000s ]
INFO: [ view_filter ] --START--
INFO: Run ContentReplace Behavior [ RunTime:0.000000s ]
INFO: Run TokenBuild Behavior [ RunTime:0.001000s ]
INFO: Run WriteHtmlCache Behavior [ RunTime:0.000000s ]
INFO: Run ShowRuntime Behavior [ RunTime:0.000000s ]
INFO: [ view_filter ] --END-- [ RunTime:0.001000s ]
INFO: [ view_end ] --START--
INFO: Run ShowPageTrace Behavior [ RunTime:0.000000s ]
INFO: [ view_end ] --END-- [ RunTime:0.001000s ]

[ 2015-11-27T10:29:37+08:00 ] 127.0.0.1 /jieqiang_lyb/admin.php?m=User&a=index
INFO: [ app_begin ] --START--
INFO: Run ReadHtmlCache Behavior [ RunTime:0.000000s ]
INFO: Run CheckLang Behavior [ RunTime:0.002000s ]
INFO: [ app_begin ] --END-- [ RunTime:0.002000s ]
SQL: SHOW COLUMNS FROM `cms_node` [ RunTime:0.005001s ]
SQL: SELECT `id` FROM `cms_node` WHERE ( `module` = 'User' ) AND ( `action` = 'index' ) LIMIT 1   [ RunTime:0.001000s ]
SQL: SHOW COLUMNS FROM `cms_access` [ RunTime:0.008000s ]
SQL: SELECT COUNT(*) AS tp_count FROM `cms_access` WHERE ( `node_id` = 156 ) AND ( `role_id` = 4 ) LIMIT 1   [ RunTime:0.001000s ]
SQL: SHOW COLUMNS FROM `cms_role` [ RunTime:0.006001s ]
SQL: SELECT `name`,`status`,`remark`,`create_time`,`update_time` FROM `cms_role` WHERE ( id=4 ) LIMIT 1   [ RunTime:0.001000s ]
SQL: SHOW COLUMNS FROM `cms_group` [ RunTime:0.007000s ]
SQL: SHOW COLUMNS FROM `cms_admin` [ RunTime:0.005000s ]
SQL: SELECT `role_id` FROM `cms_admin` WHERE ( id=14 ) LIMIT 1   [ RunTime:0.001001s ]
SQL: SELECT `node_id` FROM `cms_access` WHERE ( role_id=4 )  [ RunTime:0.001000s ]
SQL: SHOW COLUMNS FROM `cms_node` [ RunTime:0.006000s ]
SQL: SELECT DISTINCT  `group_id` FROM `cms_node` WHERE ( auth_type<>2 AND status=1 AND is_show=0 AND id in (156,110,109,108,107,104,106,105,103,102,101) ) ORDER BY sort DESC  [ RunTime:0.001000s ]
SQL: SELECT `id`,`title` FROM `cms_group` WHERE ( status=1 AND id in (4,8) ) ORDER BY sort ASC  [ RunTime:0.001000s ]
SQL: SHOW COLUMNS FROM `cms_setting` [ RunTime:0.005000s ]
SQL: SELECT * FROM `cms_setting`  [ RunTime:0.001000s ]
NOTIC: [8] Undefined index: iframe D:\WWW\jieqiang_lyb\admin\Lib\Action\BaseAction.class.php 第 100 行.
SQL: SHOW COLUMNS FROM `cms_user` [ RunTime:0.008000s ]
SQL: SELECT COUNT(*) AS tp_count FROM `cms_user` WHERE (  1=1  ) LIMIT 1   [ RunTime:0.000000s ]
SQL: SELECT * FROM `cms_user` WHERE (  1=1  ) ORDER BY id desc LIMIT 0,20   [ RunTime:0.001000s ]
INFO: [ view_template ] --START--
INFO: Run LocationTemplate Behavior [ RunTime:0.001000s ]
INFO: [ view_template ] --END-- [ RunTime:0.001000s ]
INFO: [ view_parse ] --START--
NOTIC: [8] Undefined variable: sub_menu D:\WWW\jieqiang_lyb\admin\Runtime\Cache\1282e97849dec9495baef5755c79259c.php 第 36 行.
NOTIC: [8] Undefined variable: big_menu D:\WWW\jieqiang_lyb\admin\Runtime\Cache\1282e97849dec9495baef5755c79259c.php 第 36 行.
NOTIC: [8] Undefined variable: keyword D:\WWW\jieqiang_lyb\admin\Runtime\Cache\1282e97849dec9495baef5755c79259c.php 第 49 行.
NOTIC: [8] Undefined index: ip D:\WWW\jieqiang_lyb\admin\Runtime\Cache\1282e97849dec9495baef5755c79259c.php 第 95 行.
NOTIC: [8] Undefined index: last_ip D:\WWW\jieqiang_lyb\admin\Runtime\Cache\1282e97849dec9495baef5755c79259c.php 第 96 行.
NOTIC: [8] Undefined index: ip D:\WWW\jieqiang_lyb\admin\Runtime\Cache\1282e97849dec9495baef5755c79259c.php 第 95 行.
NOTIC: [8] Undefined index: last_ip D:\WWW\jieqiang_lyb\admin\Runtime\Cache\1282e97849dec9495baef5755c79259c.php 第 96 行.
NOTIC: [8] Undefined index: ip D:\WWW\jieqiang_lyb\admin\Runtime\Cache\1282e97849dec9495baef5755c79259c.php 第 95 行.
NOTIC: [8] Undefined index: last_ip D:\WWW\jieqiang_lyb\admin\Runtime\Cache\1282e97849dec9495baef5755c79259c.php 第 96 行.
NOTIC: [8] Undefined index: ip D:\WWW\jieqiang_lyb\admin\Runtime\Cache\1282e97849dec9495baef5755c79259c.php 第 95 行.
NOTIC: [8] Undefined index: last_ip D:\WWW\jieqiang_lyb\admin\Runtime\Cache\1282e97849dec9495baef5755c79259c.php 第 96 行.
NOTIC: [8] Undefined index: ip D:\WWW\jieqiang_lyb\admin\Runtime\Cache\1282e97849dec9495baef5755c79259c.php 第 95 行.
NOTIC: [8] Undefined index: last_ip D:\WWW\jieqiang_lyb\admin\Runtime\Cache\1282e97849dec9495baef5755c79259c.php 第 96 行.
NOTIC: [8] Undefined index: ip D:\WWW\jieqiang_lyb\admin\Runtime\Cache\1282e97849dec9495baef5755c79259c.php 第 95 行.
NOTIC: [8] Undefined index: last_ip D:\WWW\jieqiang_lyb\admin\Runtime\Cache\1282e97849dec9495baef5755c79259c.php 第 96 行.
NOTIC: [8] Undefined index: ip D:\WWW\jieqiang_lyb\admin\Runtime\Cache\1282e97849dec9495baef5755c79259c.php 第 95 行.
NOTIC: [8] Undefined index: last_ip D:\WWW\jieqiang_lyb\admin\Runtime\Cache\1282e97849dec9495baef5755c79259c.php 第 96 行.
NOTIC: [8] Undefined index: ip D:\WWW\jieqiang_lyb\admin\Runtime\Cache\1282e97849dec9495baef5755c79259c.php 第 95 行.
NOTIC: [8] Undefined index: last_ip D:\WWW\jieqiang_lyb\admin\Runtime\Cache\1282e97849dec9495baef5755c79259c.php 第 96 行.
NOTIC: [8] Undefined index: ip D:\WWW\jieqiang_lyb\admin\Runtime\Cache\1282e97849dec9495baef5755c79259c.php 第 95 行.
NOTIC: [8] Undefined index: last_ip D:\WWW\jieqiang_lyb\admin\Runtime\Cache\1282e97849dec9495baef5755c79259c.php 第 96 行.
NOTIC: [8] Undefined index: ip D:\WWW\jieqiang_lyb\admin\Runtime\Cache\1282e97849dec9495baef5755c79259c.php 第 95 行.
NOTIC: [8] Undefined index: last_ip D:\WWW\jieqiang_lyb\admin\Runtime\Cache\1282e97849dec9495baef5755c79259c.php 第 96 行.
NOTIC: [8] Undefined index: ip D:\WWW\jieqiang_lyb\admin\Runtime\Cache\1282e97849dec9495baef5755c79259c.php 第 95 行.
NOTIC: [8] Undefined index: last_ip D:\WWW\jieqiang_lyb\admin\Runtime\Cache\1282e97849dec9495baef5755c79259c.php 第 96 行.
NOTIC: [8] Undefined index: ip D:\WWW\jieqiang_lyb\admin\Runtime\Cache\1282e97849dec9495baef5755c79259c.php 第 95 行.
NOTIC: [8] Undefined index: last_ip D:\WWW\jieqiang_lyb\admin\Runtime\Cache\1282e97849dec9495baef5755c79259c.php 第 96 行.
NOTIC: [8] Undefined index: ip D:\WWW\jieqiang_lyb\admin\Runtime\Cache\1282e97849dec9495baef5755c79259c.php 第 95 行.
NOTIC: [8] Undefined index: last_ip D:\WWW\jieqiang_lyb\admin\Runtime\Cache\1282e97849dec9495baef5755c79259c.php 第 96 行.
NOTIC: [8] Undefined index: ip D:\WWW\jieqiang_lyb\admin\Runtime\Cache\1282e97849dec9495baef5755c79259c.php 第 95 行.
NOTIC: [8] Undefined index: last_ip D:\WWW\jieqiang_lyb\admin\Runtime\Cache\1282e97849dec9495baef5755c79259c.php 第 96 行.
NOTIC: [8] Undefined index: ip D:\WWW\jieqiang_lyb\admin\Runtime\Cache\1282e97849dec9495baef5755c79259c.php 第 95 行.
NOTIC: [8] Undefined index: last_ip D:\WWW\jieqiang_lyb\admin\Runtime\Cache\1282e97849dec9495baef5755c79259c.php 第 96 行.
NOTIC: [8] Undefined index: ip D:\WWW\jieqiang_lyb\admin\Runtime\Cache\1282e97849dec9495baef5755c79259c.php 第 95 行.
NOTIC: [8] Undefined index: last_ip D:\WWW\jieqiang_lyb\admin\Runtime\Cache\1282e97849dec9495baef5755c79259c.php 第 96 行.
NOTIC: [8] Undefined index: ip D:\WWW\jieqiang_lyb\admin\Runtime\Cache\1282e97849dec9495baef5755c79259c.php 第 95 行.
NOTIC: [8] Undefined index: last_ip D:\WWW\jieqiang_lyb\admin\Runtime\Cache\1282e97849dec9495baef5755c79259c.php 第 96 行.
NOTIC: [8] Undefined index: ip D:\WWW\jieqiang_lyb\admin\Runtime\Cache\1282e97849dec9495baef5755c79259c.php 第 95 行.
NOTIC: [8] Undefined index: last_ip D:\WWW\jieqiang_lyb\admin\Runtime\Cache\1282e97849dec9495baef5755c79259c.php 第 96 行.
NOTIC: [8] Undefined index: ip D:\WWW\jieqiang_lyb\admin\Runtime\Cache\1282e97849dec9495baef5755c79259c.php 第 95 行.
NOTIC: [8] Undefined index: last_ip D:\WWW\jieqiang_lyb\admin\Runtime\Cache\1282e97849dec9495baef5755c79259c.php 第 96 行.
INFO: Run ParseTemplate Behavior [ RunTime:0.011001s ]
INFO: [ view_parse ] --END-- [ RunTime:0.011001s ]
INFO: [ view_filter ] --START--
INFO: Run ContentReplace Behavior [ RunTime:0.001000s ]
INFO: Run TokenBuild Behavior [ RunTime:0.000000s ]
INFO: Run WriteHtmlCache Behavior [ RunTime:0.000000s ]
INFO: Run ShowRuntime Behavior [ RunTime:0.001000s ]
INFO: [ view_filter ] --END-- [ RunTime:0.002000s ]
INFO: [ view_end ] --START--
INFO: Run ShowPageTrace Behavior [ RunTime:0.000000s ]
INFO: [ view_end ] --END-- [ RunTime:0.000000s ]

