[ 2015-12-06T15:27:16+08:00 ] 127.0.0.1 /jieqiang_lyb/admin.php?m=Public&a=login
INFO: [ app_begin ] --START--
INFO: Run ReadHtmlCache Behavior [ RunTime:0.002000s ]
INFO: Run CheckLang Behavior [ RunTime:0.003000s ]
INFO: [ app_begin ] --END-- [ RunTime:0.006000s ]
NOTIC: [8] Undefined index: admin_info D:\WWW\jieqiang_lyb\admin\Lib\Action\BaseAction.class.php 第 114 行.
NOTIC: [8] Undefined index: admin_info D:\WWW\jieqiang_lyb\admin\Lib\Action\BaseAction.class.php 第 36 行.
SQL: SHOW COLUMNS FROM `cms_role` [ RunTime:0.093006s ]
NOTIC: [8] Undefined index: admin_info D:\WWW\jieqiang_lyb\admin\Lib\Action\BaseAction.class.php 第 40 行.
SQL: SELECT `name`,`status`,`remark`,`create_time`,`update_time` FROM `cms_role` WHERE ( id= ) LIMIT 1   [ RunTime:0.001000s ]
ERR: You have an error in your SQL syntax; check the manual that corresponds to your MySQL server version for the right syntax to use near ') LIMIT 1' at line 1
 [ SQL语句 ] : SELECT `name`,`status`,`remark`,`create_time`,`update_time` FROM `cms_role` WHERE ( id= ) LIMIT 1  
SQL: SHOW COLUMNS FROM `cms_group` [ RunTime:0.113006s ]
SQL: SHOW COLUMNS FROM `cms_admin` [ RunTime:0.544031s ]
NOTIC: [8] Undefined index: admin_info D:\WWW\jieqiang_lyb\admin\Lib\Action\BaseAction.class.php 第 50 行.
SQL: SELECT `role_id` FROM `cms_admin` WHERE ( id= ) LIMIT 1   [ RunTime:0.000000s ]
ERR: You have an error in your SQL syntax; check the manual that corresponds to your MySQL server version for the right syntax to use near ') LIMIT 1' at line 1
 [ SQL语句 ] : SELECT `role_id` FROM `cms_admin` WHERE ( id= ) LIMIT 1  
SQL: SHOW COLUMNS FROM `cms_access` [ RunTime:0.064003s ]
SQL: SELECT `node_id` FROM `cms_access` WHERE ( role_id= )  [ RunTime:0.000000s ]
ERR: You have an error in your SQL syntax; check the manual that corresponds to your MySQL server version for the right syntax to use near ')' at line 1
 [ SQL语句 ] : SELECT `node_id` FROM `cms_access` WHERE ( role_id= ) 
NOTIC: [2] Invalid argument supplied for foreach() D:\WWW\jieqiang_lyb\admin\Lib\Action\BaseAction.class.php 第 54 行.
NOTIC: [8] Undefined index: admin_info D:\WWW\jieqiang_lyb\admin\Lib\Action\BaseAction.class.php 第 64 行.
SQL: SHOW COLUMNS FROM `cms_node` [ RunTime:0.079005s ]
SQL: SELECT DISTINCT  `group_id` FROM `cms_node` WHERE ( auth_type<>2 AND status=1 AND is_show=0 AND id in () ) ORDER BY sort DESC  [ RunTime:0.001000s ]
ERR: You have an error in your SQL syntax; check the manual that corresponds to your MySQL server version for the right syntax to use near ') ) ORDER BY sort DESC' at line 1
 [ SQL语句 ] : SELECT DISTINCT  `group_id` FROM `cms_node` WHERE ( auth_type<>2 AND status=1 AND is_show=0 AND id in () ) ORDER BY sort DESC 
SQL: SELECT `id`,`title` FROM `cms_group` WHERE ( status=1 AND id =  ) ORDER BY sort ASC  [ RunTime:0.000000s ]
ERR: You have an error in your SQL syntax; check the manual that corresponds to your MySQL server version for the right syntax to use near ') ORDER BY sort ASC' at line 1
 [ SQL语句 ] : SELECT `id`,`title` FROM `cms_group` WHERE ( status=1 AND id =  ) ORDER BY sort ASC 
SQL: SHOW COLUMNS FROM `cms_setting` [ RunTime:0.232013s ]
SQL: SELECT * FROM `cms_setting`  [ RunTime:0.007001s ]
NOTIC: [8] Undefined index: iframe D:\WWW\jieqiang_lyb\admin\Lib\Action\BaseAction.class.php 第 100 行.
SQL: SHOW COLUMNS FROM `cms_admin` [ RunTime:0.041002s ]
INFO: [ view_template ] --START--
INFO: Run LocationTemplate Behavior [ RunTime:0.002000s ]
INFO: [ view_template ] --END-- [ RunTime:0.002000s ]
INFO: [ view_parse ] --START--
INFO: Run ParseTemplate Behavior [ RunTime:0.036002s ]
INFO: [ view_parse ] --END-- [ RunTime:0.036002s ]
INFO: [ view_filter ] --START--
INFO: Run ContentReplace Behavior [ RunTime:0.002000s ]
INFO: Run TokenBuild Behavior [ RunTime:0.001000s ]
INFO: Run WriteHtmlCache Behavior [ RunTime:0.003000s ]
INFO: Run ShowRuntime Behavior [ RunTime:0.002001s ]
INFO: [ view_filter ] --END-- [ RunTime:0.009001s ]
INFO: [ view_end ] --START--
INFO: Run ShowPageTrace Behavior [ RunTime:0.002000s ]
INFO: [ view_end ] --END-- [ RunTime:0.002000s ]

[ 2015-12-06T15:27:17+08:00 ] 127.0.0.1 /jieqiang_lyb/admin.php?m=Public&a=verify&rand=1449386836
INFO: [ app_begin ] --START--
INFO: Run ReadHtmlCache Behavior [ RunTime:0.003000s ]
INFO: Run CheckLang Behavior [ RunTime:0.005000s ]
INFO: [ app_begin ] --END-- [ RunTime:0.008000s ]
NOTIC: [8] Undefined index: admin_info D:\WWW\jieqiang_lyb\admin\Lib\Action\BaseAction.class.php 第 114 行.
NOTIC: [8] Undefined index: admin_info D:\WWW\jieqiang_lyb\admin\Lib\Action\BaseAction.class.php 第 36 行.
SQL: SHOW COLUMNS FROM `cms_role` [ RunTime:0.101006s ]
NOTIC: [8] Undefined index: admin_info D:\WWW\jieqiang_lyb\admin\Lib\Action\BaseAction.class.php 第 40 行.
SQL: SELECT `name`,`status`,`remark`,`create_time`,`update_time` FROM `cms_role` WHERE ( id= ) LIMIT 1   [ RunTime:0.002000s ]
ERR: You have an error in your SQL syntax; check the manual that corresponds to your MySQL server version for the right syntax to use near ') LIMIT 1' at line 1
 [ SQL语句 ] : SELECT `name`,`status`,`remark`,`create_time`,`update_time` FROM `cms_role` WHERE ( id= ) LIMIT 1  
SQL: SHOW COLUMNS FROM `cms_group` [ RunTime:0.021001s ]
SQL: SHOW COLUMNS FROM `cms_admin` [ RunTime:0.025002s ]
NOTIC: [8] Undefined index: admin_info D:\WWW\jieqiang_lyb\admin\Lib\Action\BaseAction.class.php 第 50 行.
SQL: SELECT `role_id` FROM `cms_admin` WHERE ( id= ) LIMIT 1   [ RunTime:0.001000s ]
ERR: You have an error in your SQL syntax; check the manual that corresponds to your MySQL server version for the right syntax to use near ') LIMIT 1' at line 1
 [ SQL语句 ] : SELECT `role_id` FROM `cms_admin` WHERE ( id= ) LIMIT 1  
SQL: SHOW COLUMNS FROM `cms_access` [ RunTime:0.021001s ]
SQL: SELECT `node_id` FROM `cms_access` WHERE ( role_id= )  [ RunTime:0.002000s ]
ERR: You have an error in your SQL syntax; check the manual that corresponds to your MySQL server version for the right syntax to use near ')' at line 1
 [ SQL语句 ] : SELECT `node_id` FROM `cms_access` WHERE ( role_id= ) 
NOTIC: [2] Invalid argument supplied for foreach() D:\WWW\jieqiang_lyb\admin\Lib\Action\BaseAction.class.php 第 54 行.
NOTIC: [8] Undefined index: admin_info D:\WWW\jieqiang_lyb\admin\Lib\Action\BaseAction.class.php 第 64 行.
SQL: SHOW COLUMNS FROM `cms_node` [ RunTime:0.065004s ]
SQL: SELECT DISTINCT  `group_id` FROM `cms_node` WHERE ( auth_type<>2 AND status=1 AND is_show=0 AND id in () ) ORDER BY sort DESC  [ RunTime:0.001000s ]
ERR: You have an error in your SQL syntax; check the manual that corresponds to your MySQL server version for the right syntax to use near ') ) ORDER BY sort DESC' at line 1
 [ SQL语句 ] : SELECT DISTINCT  `group_id` FROM `cms_node` WHERE ( auth_type<>2 AND status=1 AND is_show=0 AND id in () ) ORDER BY sort DESC 
SQL: SELECT `id`,`title` FROM `cms_group` WHERE ( status=1 AND id =  ) ORDER BY sort ASC  [ RunTime:0.001000s ]
ERR: You have an error in your SQL syntax; check the manual that corresponds to your MySQL server version for the right syntax to use near ') ORDER BY sort ASC' at line 1
 [ SQL语句 ] : SELECT `id`,`title` FROM `cms_group` WHERE ( status=1 AND id =  ) ORDER BY sort ASC 
SQL: SHOW COLUMNS FROM `cms_setting` [ RunTime:0.019001s ]
SQL: SELECT * FROM `cms_setting`  [ RunTime:0.002000s ]
NOTIC: [8] Undefined index: iframe D:\WWW\jieqiang_lyb\admin\Lib\Action\BaseAction.class.php 第 100 行.

[ 2015-12-06T15:28:05+08:00 ] 127.0.0.1 /jieqiang_lyb/admin.php?m=Public&a=login
INFO: [ app_begin ] --START--
INFO: Run ReadHtmlCache Behavior [ RunTime:0.002000s ]
INFO: Run CheckLang Behavior [ RunTime:0.003001s ]
INFO: [ app_begin ] --END-- [ RunTime:0.005001s ]
NOTIC: [8] Undefined index: admin_info D:\WWW\jieqiang_lyb\admin\Lib\Action\BaseAction.class.php 第 114 行.
NOTIC: [8] Undefined index: admin_info D:\WWW\jieqiang_lyb\admin\Lib\Action\BaseAction.class.php 第 36 行.
SQL: SHOW COLUMNS FROM `cms_role` [ RunTime:0.023001s ]
NOTIC: [8] Undefined index: admin_info D:\WWW\jieqiang_lyb\admin\Lib\Action\BaseAction.class.php 第 40 行.
SQL: SELECT `name`,`status`,`remark`,`create_time`,`update_time` FROM `cms_role` WHERE ( id= ) LIMIT 1   [ RunTime:0.002000s ]
ERR: You have an error in your SQL syntax; check the manual that corresponds to your MySQL server version for the right syntax to use near ') LIMIT 1' at line 1
 [ SQL语句 ] : SELECT `name`,`status`,`remark`,`create_time`,`update_time` FROM `cms_role` WHERE ( id= ) LIMIT 1  
SQL: SHOW COLUMNS FROM `cms_group` [ RunTime:0.042003s ]
SQL: SHOW COLUMNS FROM `cms_admin` [ RunTime:0.017001s ]
NOTIC: [8] Undefined index: admin_info D:\WWW\jieqiang_lyb\admin\Lib\Action\BaseAction.class.php 第 50 行.
SQL: SELECT `role_id` FROM `cms_admin` WHERE ( id= ) LIMIT 1   [ RunTime:0.002000s ]
ERR: You have an error in your SQL syntax; check the manual that corresponds to your MySQL server version for the right syntax to use near ') LIMIT 1' at line 1
 [ SQL语句 ] : SELECT `role_id` FROM `cms_admin` WHERE ( id= ) LIMIT 1  
SQL: SHOW COLUMNS FROM `cms_access` [ RunTime:0.018001s ]
SQL: SELECT `node_id` FROM `cms_access` WHERE ( role_id= )  [ RunTime:0.001000s ]
ERR: You have an error in your SQL syntax; check the manual that corresponds to your MySQL server version for the right syntax to use near ')' at line 1
 [ SQL语句 ] : SELECT `node_id` FROM `cms_access` WHERE ( role_id= ) 
NOTIC: [2] Invalid argument supplied for foreach() D:\WWW\jieqiang_lyb\admin\Lib\Action\BaseAction.class.php 第 54 行.
NOTIC: [8] Undefined index: admin_info D:\WWW\jieqiang_lyb\admin\Lib\Action\BaseAction.class.php 第 64 行.
SQL: SHOW COLUMNS FROM `cms_node` [ RunTime:0.012001s ]
SQL: SELECT DISTINCT  `group_id` FROM `cms_node` WHERE ( auth_type<>2 AND status=1 AND is_show=0 AND id in () ) ORDER BY sort DESC  [ RunTime:0.000000s ]
ERR: You have an error in your SQL syntax; check the manual that corresponds to your MySQL server version for the right syntax to use near ') ) ORDER BY sort DESC' at line 1
 [ SQL语句 ] : SELECT DISTINCT  `group_id` FROM `cms_node` WHERE ( auth_type<>2 AND status=1 AND is_show=0 AND id in () ) ORDER BY sort DESC 
SQL: SELECT `id`,`title` FROM `cms_group` WHERE ( status=1 AND id =  ) ORDER BY sort ASC  [ RunTime:0.001000s ]
ERR: You have an error in your SQL syntax; check the manual that corresponds to your MySQL server version for the right syntax to use near ') ORDER BY sort ASC' at line 1
 [ SQL语句 ] : SELECT `id`,`title` FROM `cms_group` WHERE ( status=1 AND id =  ) ORDER BY sort ASC 
SQL: SHOW COLUMNS FROM `cms_setting` [ RunTime:0.013001s ]
SQL: SELECT * FROM `cms_setting`  [ RunTime:0.001000s ]
NOTIC: [8] Undefined index: iframe D:\WWW\jieqiang_lyb\admin\Lib\Action\BaseAction.class.php 第 100 行.
SQL: SHOW COLUMNS FROM `cms_admin` [ RunTime:0.012000s ]
INFO: [ view_template ] --START--
INFO: Run LocationTemplate Behavior [ RunTime:0.002001s ]
INFO: [ view_template ] --END-- [ RunTime:0.002001s ]
INFO: [ view_parse ] --START--
INFO: Run ParseTemplate Behavior [ RunTime:0.015000s ]
INFO: [ view_parse ] --END-- [ RunTime:0.015000s ]
INFO: [ view_filter ] --START--
INFO: Run ContentReplace Behavior [ RunTime:0.002001s ]
INFO: Run TokenBuild Behavior [ RunTime:0.002000s ]
INFO: Run WriteHtmlCache Behavior [ RunTime:0.001000s ]
INFO: Run ShowRuntime Behavior [ RunTime:0.003000s ]
INFO: [ view_filter ] --END-- [ RunTime:0.008001s ]
INFO: [ view_end ] --START--
INFO: Run ShowPageTrace Behavior [ RunTime:0.002000s ]
INFO: [ view_end ] --END-- [ RunTime:0.002000s ]

[ 2015-12-06T15:28:05+08:00 ] 127.0.0.1 /jieqiang_lyb/admin.php?m=Public&a=verify&rand=1449386885
INFO: [ app_begin ] --START--
INFO: Run ReadHtmlCache Behavior [ RunTime:0.001000s ]
INFO: Run CheckLang Behavior [ RunTime:0.004001s ]
INFO: [ app_begin ] --END-- [ RunTime:0.005001s ]
NOTIC: [8] Undefined index: admin_info D:\WWW\jieqiang_lyb\admin\Lib\Action\BaseAction.class.php 第 114 行.
NOTIC: [8] Undefined index: admin_info D:\WWW\jieqiang_lyb\admin\Lib\Action\BaseAction.class.php 第 36 行.
SQL: SHOW COLUMNS FROM `cms_role` [ RunTime:0.046002s ]
NOTIC: [8] Undefined index: admin_info D:\WWW\jieqiang_lyb\admin\Lib\Action\BaseAction.class.php 第 40 行.
SQL: SELECT `name`,`status`,`remark`,`create_time`,`update_time` FROM `cms_role` WHERE ( id= ) LIMIT 1   [ RunTime:0.002000s ]
ERR: You have an error in your SQL syntax; check the manual that corresponds to your MySQL server version for the right syntax to use near ') LIMIT 1' at line 1
 [ SQL语句 ] : SELECT `name`,`status`,`remark`,`create_time`,`update_time` FROM `cms_role` WHERE ( id= ) LIMIT 1  
SQL: SHOW COLUMNS FROM `cms_group` [ RunTime:0.032002s ]
SQL: SHOW COLUMNS FROM `cms_admin` [ RunTime:0.030002s ]
NOTIC: [8] Undefined index: admin_info D:\WWW\jieqiang_lyb\admin\Lib\Action\BaseAction.class.php 第 50 行.
SQL: SELECT `role_id` FROM `cms_admin` WHERE ( id= ) LIMIT 1   [ RunTime:0.001000s ]
ERR: You have an error in your SQL syntax; check the manual that corresponds to your MySQL server version for the right syntax to use near ') LIMIT 1' at line 1
 [ SQL语句 ] : SELECT `role_id` FROM `cms_admin` WHERE ( id= ) LIMIT 1  
SQL: SHOW COLUMNS FROM `cms_access` [ RunTime:0.013001s ]
SQL: SELECT `node_id` FROM `cms_access` WHERE ( role_id= )  [ RunTime:0.001000s ]
ERR: You have an error in your SQL syntax; check the manual that corresponds to your MySQL server version for the right syntax to use near ')' at line 1
 [ SQL语句 ] : SELECT `node_id` FROM `cms_access` WHERE ( role_id= ) 
NOTIC: [2] Invalid argument supplied for foreach() D:\WWW\jieqiang_lyb\admin\Lib\Action\BaseAction.class.php 第 54 行.
NOTIC: [8] Undefined index: admin_info D:\WWW\jieqiang_lyb\admin\Lib\Action\BaseAction.class.php 第 64 行.
SQL: SHOW COLUMNS FROM `cms_node` [ RunTime:0.016001s ]
SQL: SELECT DISTINCT  `group_id` FROM `cms_node` WHERE ( auth_type<>2 AND status=1 AND is_show=0 AND id in () ) ORDER BY sort DESC  [ RunTime:0.001000s ]
ERR: You have an error in your SQL syntax; check the manual that corresponds to your MySQL server version for the right syntax to use near ') ) ORDER BY sort DESC' at line 1
 [ SQL语句 ] : SELECT DISTINCT  `group_id` FROM `cms_node` WHERE ( auth_type<>2 AND status=1 AND is_show=0 AND id in () ) ORDER BY sort DESC 
SQL: SELECT `id`,`title` FROM `cms_group` WHERE ( status=1 AND id =  ) ORDER BY sort ASC  [ RunTime:0.001000s ]
ERR: You have an error in your SQL syntax; check the manual that corresponds to your MySQL server version for the right syntax to use near ') ORDER BY sort ASC' at line 1
 [ SQL语句 ] : SELECT `id`,`title` FROM `cms_group` WHERE ( status=1 AND id =  ) ORDER BY sort ASC 
SQL: SHOW COLUMNS FROM `cms_setting` [ RunTime:0.016001s ]
SQL: SELECT * FROM `cms_setting`  [ RunTime:0.003000s ]
NOTIC: [8] Undefined index: iframe D:\WWW\jieqiang_lyb\admin\Lib\Action\BaseAction.class.php 第 100 行.

